2025-02-15 00:15:30,267 INFO o.a.j.u.JMeterUtils: Setting Locale to en_EN
2025-02-15 00:15:30,292 INFO o.a.j.JMeter: Loading user properties from: /home/sre/apache-jmeter-5.6.3/bin/user.properties
2025-02-15 00:15:30,292 INFO o.a.j.JMeter: Loading system properties from: /home/sre/apache-jmeter-5.6.3/bin/system.properties
2025-02-15 00:15:30,298 INFO o.a.j.JMeter: Copyright (c) 1998-2024 The Apache Software Foundation
2025-02-15 00:15:30,299 INFO o.a.j.JMeter: Version 5.6.3
2025-02-15 00:15:30,299 INFO o.a.j.JMeter: java.version=21.0.6
2025-02-15 00:15:30,299 INFO o.a.j.JMeter: java.vm.name=OpenJDK 64-Bit Server VM
2025-02-15 00:15:30,299 INFO o.a.j.JMeter: os.name=Linux
2025-02-15 00:15:30,299 INFO o.a.j.JMeter: os.arch=amd64
2025-02-15 00:15:30,299 INFO o.a.j.JMeter: os.version=6.8.0-53-generic
2025-02-15 00:15:30,299 INFO o.a.j.JMeter: file.encoding=UTF-8
2025-02-15 00:15:30,299 INFO o.a.j.JMeter: java.awt.headless=true
2025-02-15 00:15:30,299 INFO o.a.j.JMeter: Max memory     =1073741824
2025-02-15 00:15:30,299 INFO o.a.j.JMeter: Available Processors =4
2025-02-15 00:15:30,310 INFO o.a.j.JMeter: Default Locale=English (EN)
2025-02-15 00:15:30,310 INFO o.a.j.JMeter: JMeter  Locale=English (EN)
2025-02-15 00:15:30,310 INFO o.a.j.JMeter: JMeterHome=/home/sre/apache-jmeter-5.6.3
2025-02-15 00:15:30,310 INFO o.a.j.JMeter: user.dir  =/home/sre/java_projects/book-order-app
2025-02-15 00:15:30,310 INFO o.a.j.JMeter: PWD       =/home/sre/java_projects/book-order-app
2025-02-15 00:15:30,310 INFO o.a.j.JMeter: IP: 127.0.1.1 Name: ubuntu FullName: ubuntu
2025-02-15 00:15:30,323 INFO o.a.j.JMeter: Setting property 'jmeter.reportgenerator.outputdir' to:'/home/sre/java_projects/book-order-app/jmeter/results_2025-02-15-00:15:28'
2025-02-15 00:15:30,327 INFO o.a.j.s.FileServer: Default base='/home/sre/java_projects/book-order-app'
2025-02-15 00:15:30,329 INFO o.a.j.s.FileServer: Set new base='/home/sre/java_projects/book-order-app/jmeter/plans'
2025-02-15 00:15:30,595 INFO o.a.j.s.SaveService: Testplan (JMX) version: 2.2. Testlog (JTL) version: 2.2
2025-02-15 00:15:30,639 INFO o.a.j.s.SaveService: Using SaveService properties version 5.0
2025-02-15 00:15:30,645 INFO o.a.j.s.SaveService: Using SaveService properties file encoding UTF-8
2025-02-15 00:15:30,651 INFO o.a.j.s.SaveService: Loading file: jmeter/plans/BookOrderAppTestPlan.jmx
2025-02-15 00:15:30,728 INFO o.a.j.p.h.s.HTTPSamplerBase: Parser for text/html is org.apache.jmeter.protocol.http.parser.LagartoBasedHtmlParser
2025-02-15 00:15:30,729 INFO o.a.j.p.h.s.HTTPSamplerBase: Parser for application/xhtml+xml is org.apache.jmeter.protocol.http.parser.LagartoBasedHtmlParser
2025-02-15 00:15:30,729 INFO o.a.j.p.h.s.HTTPSamplerBase: Parser for application/xml is org.apache.jmeter.protocol.http.parser.LagartoBasedHtmlParser
2025-02-15 00:15:30,729 INFO o.a.j.p.h.s.HTTPSamplerBase: Parser for text/xml is org.apache.jmeter.protocol.http.parser.LagartoBasedHtmlParser
2025-02-15 00:15:30,729 INFO o.a.j.p.h.s.HTTPSamplerBase: Parser for text/vnd.wap.wml is org.apache.jmeter.protocol.http.parser.RegexpHTMLParser
2025-02-15 00:15:30,729 INFO o.a.j.p.h.s.HTTPSamplerBase: Parser for text/css is org.apache.jmeter.protocol.http.parser.CssParser
2025-02-15 00:15:30,794 INFO o.a.j.JMeter: Creating summariser <summary>
2025-02-15 00:15:30,799 INFO o.a.j.r.d.ReportGenerator: ReportGenerator will use for Parsing the separator: ','
2025-02-15 00:15:30,800 INFO o.a.j.r.d.ReportGenerator: Will generate report at end of test from  results file: jmeter/logs/results_2025-02-15-00:15:28.log
2025-02-15 00:15:30,800 INFO o.a.j.r.d.ReportGenerator: Reading report generator properties from: /home/sre/apache-jmeter-5.6.3/bin/reportgenerator.properties
2025-02-15 00:15:30,801 INFO o.a.j.r.d.ReportGenerator: Merging with JMeter properties
2025-02-15 00:15:30,805 INFO o.a.j.r.c.ReportGeneratorConfiguration: Property 'jmeter.reportgenerator.temp_dir' not found, using default value 'temp' instead.
2025-02-15 00:15:30,808 INFO o.a.j.r.c.ReportGeneratorConfiguration: Property 'jmeter.reportgenerator.apdex_per_transaction' not found, using default value 'null' instead.
2025-02-15 00:15:30,809 INFO o.a.j.r.c.ReportGeneratorConfiguration: apdex_per_transaction is empty, not APDEX per transaction customization
2025-02-15 00:15:30,809 INFO o.a.j.r.c.ReportGeneratorConfiguration: Property 'jmeter.reportgenerator.sample_filter' not found, using default value 'null' instead.
2025-02-15 00:15:30,809 INFO o.a.j.r.c.ReportGeneratorConfiguration: Property 'jmeter.reportgenerator.report_title' not found, using default value 'null' instead.
2025-02-15 00:15:30,809 INFO o.a.j.r.c.ReportGeneratorConfiguration: Property 'jmeter.reportgenerator.start_date' not found, using default value 'null' instead.
2025-02-15 00:15:30,809 INFO o.a.j.r.c.ReportGeneratorConfiguration: Property 'jmeter.reportgenerator.end_date' not found, using default value 'null' instead.
2025-02-15 00:15:30,809 INFO o.a.j.r.c.ReportGeneratorConfiguration: Property 'jmeter.reportgenerator.date_format' not found, using default value 'null' instead.
2025-02-15 00:15:30,809 INFO o.a.j.r.c.ReportGeneratorConfiguration: Will use date range start date: null, end date: null
2025-02-15 00:15:30,814 INFO o.a.j.r.c.ReportGeneratorConfiguration: Property 'jmeter.reportgenerator.graph.totalTPS.exclude_controllers' not found, using default value 'false' instead.
2025-02-15 00:15:30,814 INFO o.a.j.r.c.ReportGeneratorConfiguration: Property 'jmeter.reportgenerator.graph.activeThreadsOverTime.exclude_controllers' not found, using default value 'false' instead.
2025-02-15 00:15:30,814 INFO o.a.j.r.c.ReportGeneratorConfiguration: Property 'jmeter.reportgenerator.graph.timeVsThreads.exclude_controllers' not found, using default value 'false' instead.
2025-02-15 00:15:30,815 INFO o.a.j.r.c.ReportGeneratorConfiguration: Property 'jmeter.reportgenerator.graph.responseTimeDistribution.exclude_controllers' not found, using default value 'false' instead.
2025-02-15 00:15:30,815 INFO o.a.j.r.c.ReportGeneratorConfiguration: Property 'jmeter.reportgenerator.graph.transactionsPerSecond.exclude_controllers' not found, using default value 'false' instead.
2025-02-15 00:15:30,816 INFO o.a.j.r.c.ReportGeneratorConfiguration: Property 'jmeter.reportgenerator.graph.responseTimePercentiles.exclude_controllers' not found, using default value 'false' instead.
2025-02-15 00:15:30,816 INFO o.a.j.r.c.ReportGeneratorConfiguration: Property 'jmeter.reportgenerator.graph.responseTimePercentilesOverTime.exclude_controllers' not found, using default value 'false' instead.
2025-02-15 00:15:30,816 INFO o.a.j.r.c.ReportGeneratorConfiguration: Property 'jmeter.reportgenerator.graph.responseTimesOverTime.exclude_controllers' not found, using default value 'false' instead.
2025-02-15 00:15:30,817 INFO o.a.j.r.c.ReportGeneratorConfiguration: Property 'jmeter.reportgenerator.graph.connectTimeOverTime.exclude_controllers' not found, using default value 'false' instead.
2025-02-15 00:15:30,817 INFO o.a.j.r.c.ReportGeneratorConfiguration: Property 'jmeter.reportgenerator.graph.latenciesOverTime.exclude_controllers' not found, using default value 'false' instead.
2025-02-15 00:15:30,818 INFO o.a.j.r.c.ReportGeneratorConfiguration: Property 'jmeter.reportgenerator.exporter.json.filters_only_sample_series' not found, using default value 'true' instead.
2025-02-15 00:15:30,819 INFO o.a.j.r.c.ReportGeneratorConfiguration: Property 'jmeter.reportgenerator.exporter.json.series_filter' not found, using default value '' instead.
2025-02-15 00:15:30,819 INFO o.a.j.r.c.ReportGeneratorConfiguration: Property 'jmeter.reportgenerator.exporter.json.show_controllers_only' not found, using default value 'false' instead.
2025-02-15 00:15:30,819 INFO o.a.j.r.c.ReportGeneratorConfiguration: Property 'jmeter.reportgenerator.exporter.html.filters_only_sample_series' not found, using default value 'true' instead.
2025-02-15 00:15:30,820 INFO o.a.j.r.c.ReportGeneratorConfiguration: Property 'jmeter.reportgenerator.exporter.html.series_filter' not found, using default value '' instead.
2025-02-15 00:15:30,820 INFO o.a.j.r.c.ReportGeneratorConfiguration: Property 'jmeter.reportgenerator.exporter.html.show_controllers_only' not found, using default value 'false' instead.
2025-02-15 00:15:30,841 INFO o.a.j.e.StandardJMeterEngine: Running the test!
2025-02-15 00:15:30,842 INFO o.a.j.s.SampleEvent: List of sample_variables: []
2025-02-15 00:15:30,842 INFO o.a.j.s.SampleEvent: List of sample_variables: []
2025-02-15 00:15:30,848 INFO o.a.j.e.u.CompoundVariable: Note: Function class names must contain the string: '.functions.'
2025-02-15 00:15:30,848 INFO o.a.j.e.u.CompoundVariable: Note: Function class names must not contain the string: '.gui.'
2025-02-15 00:15:31,061 INFO o.a.j.JMeter: Running test (1739578531060)
2025-02-15 00:15:31,106 INFO o.a.j.e.StandardJMeterEngine: Starting ThreadGroup: 1 : MainThreadGroup
2025-02-15 00:15:31,107 INFO o.a.j.e.StandardJMeterEngine: Starting 100 threads for group MainThreadGroup.
2025-02-15 00:15:31,107 INFO o.a.j.e.StandardJMeterEngine: Thread will continue on error
2025-02-15 00:15:31,108 INFO o.a.j.t.ThreadGroup: Starting thread group... number=1 threads=100 ramp-up=10 delayedStart=true
2025-02-15 00:15:31,112 INFO o.a.j.t.ThreadGroup: Started thread group number 1
2025-02-15 00:15:31,112 INFO o.a.j.e.StandardJMeterEngine: All thread groups have been started
2025-02-15 00:15:31,125 INFO o.a.j.t.JMeterThread: Thread started: MainThreadGroup 1-1
2025-02-15 00:15:31,232 INFO o.a.j.t.JMeterThread: Thread started: MainThreadGroup 1-2
2025-02-15 00:15:31,334 INFO o.a.j.t.JMeterThread: Thread started: MainThreadGroup 1-3
2025-02-15 00:15:31,438 INFO o.a.j.t.JMeterThread: Thread started: MainThreadGroup 1-4
2025-02-15 00:15:31,545 INFO o.a.j.t.JMeterThread: Thread started: MainThreadGroup 1-5
2025-02-15 00:15:31,556 INFO o.a.j.p.h.s.HTTPHCAbstractImpl: Local host = ubuntu
2025-02-15 00:15:31,565 INFO o.a.j.p.h.s.HTTPHC4Impl: HTTP request retry count = 0
2025-02-15 00:15:31,567 INFO o.a.j.s.SampleResult: Note: Sample TimeStamps are START times
2025-02-15 00:15:31,567 INFO o.a.j.s.SampleResult: sampleresult.default.encoding is set to UTF-8
2025-02-15 00:15:31,567 INFO o.a.j.s.SampleResult: sampleresult.useNanoTime=true
2025-02-15 00:15:31,568 INFO o.a.j.s.SampleResult: sampleresult.nanoThreadSleep=5000
2025-02-15 00:15:31,648 INFO o.a.j.t.JMeterThread: Thread started: MainThreadGroup 1-6
2025-02-15 00:15:31,711 INFO o.a.j.r.Summariser: summary +      1 in 00:00:01 =    1.5/s Avg:    61 Min:    61 Max:    61 Err:     0 (0.00%) Active: 6 Started: 6 Finished: 0
2025-02-15 00:15:31,758 INFO o.a.j.t.JMeterThread: Thread started: MainThreadGroup 1-7
2025-02-15 00:15:31,858 INFO o.a.j.t.JMeterThread: Thread started: MainThreadGroup 1-8
2025-02-15 00:15:31,962 INFO o.a.j.t.JMeterThread: Thread started: MainThreadGroup 1-9
2025-02-15 00:15:32,065 INFO o.a.j.t.JMeterThread: Thread started: MainThreadGroup 1-10
2025-02-15 00:15:32,169 INFO o.a.j.t.JMeterThread: Thread started: MainThreadGroup 1-11
2025-02-15 00:15:32,271 INFO o.a.j.t.JMeterThread: Thread started: MainThreadGroup 1-12
2025-02-15 00:15:32,373 INFO o.a.j.t.JMeterThread: Thread started: MainThreadGroup 1-13
2025-02-15 00:15:32,476 INFO o.a.j.t.JMeterThread: Thread started: MainThreadGroup 1-14
2025-02-15 00:15:32,579 INFO o.a.j.t.JMeterThread: Thread started: MainThreadGroup 1-15
2025-02-15 00:15:32,682 INFO o.a.j.t.JMeterThread: Thread started: MainThreadGroup 1-16
2025-02-15 00:15:32,785 INFO o.a.j.t.JMeterThread: Thread started: MainThreadGroup 1-17
2025-02-15 00:15:32,888 INFO o.a.j.t.JMeterThread: Thread started: MainThreadGroup 1-18
2025-02-15 00:15:32,999 INFO o.a.j.t.JMeterThread: Thread started: MainThreadGroup 1-19
2025-02-15 00:15:33,107 INFO o.a.j.t.JMeterThread: Thread started: MainThreadGroup 1-20
2025-02-15 00:15:33,214 INFO o.a.j.t.JMeterThread: Thread started: MainThreadGroup 1-21
2025-02-15 00:15:33,326 INFO o.a.j.t.JMeterThread: Thread started: MainThreadGroup 1-22
2025-02-15 00:15:33,436 INFO o.a.j.t.JMeterThread: Thread started: MainThreadGroup 1-23
2025-02-15 00:15:33,550 INFO o.a.j.t.JMeterThread: Thread started: MainThreadGroup 1-24
2025-02-15 00:15:33,660 INFO o.a.j.t.JMeterThread: Thread started: MainThreadGroup 1-25
2025-02-15 00:15:33,767 INFO o.a.j.t.JMeterThread: Thread started: MainThreadGroup 1-26
2025-02-15 00:15:33,873 INFO o.a.j.t.JMeterThread: Thread started: MainThreadGroup 1-27
2025-02-15 00:15:33,976 INFO o.a.j.t.JMeterThread: Thread started: MainThreadGroup 1-28
2025-02-15 00:15:34,081 INFO o.a.j.t.JMeterThread: Thread started: MainThreadGroup 1-29
2025-02-15 00:15:34,179 INFO o.a.j.t.JMeterThread: Thread started: MainThreadGroup 1-30
2025-02-15 00:15:34,281 INFO o.a.j.t.JMeterThread: Thread started: MainThreadGroup 1-31
2025-02-15 00:15:34,384 INFO o.a.j.t.JMeterThread: Thread started: MainThreadGroup 1-32
2025-02-15 00:15:34,482 INFO o.a.j.t.JMeterThread: Thread started: MainThreadGroup 1-33
2025-02-15 00:15:34,583 INFO o.a.j.t.JMeterThread: Thread started: MainThreadGroup 1-34
2025-02-15 00:15:34,684 INFO o.a.j.t.JMeterThread: Thread started: MainThreadGroup 1-35
2025-02-15 00:15:34,785 INFO o.a.j.t.JMeterThread: Thread started: MainThreadGroup 1-36
2025-02-15 00:15:34,888 INFO o.a.j.t.JMeterThread: Thread started: MainThreadGroup 1-37
2025-02-15 00:15:34,988 INFO o.a.j.t.JMeterThread: Thread started: MainThreadGroup 1-38
2025-02-15 00:15:35,088 INFO o.a.j.t.JMeterThread: Thread started: MainThreadGroup 1-39
2025-02-15 00:15:35,193 INFO o.a.j.t.JMeterThread: Thread started: MainThreadGroup 1-40
2025-02-15 00:15:35,293 INFO o.a.j.t.JMeterThread: Thread started: MainThreadGroup 1-41
2025-02-15 00:15:35,396 INFO o.a.j.t.JMeterThread: Thread started: MainThreadGroup 1-42
2025-02-15 00:15:35,496 INFO o.a.j.t.JMeterThread: Thread started: MainThreadGroup 1-43
2025-02-15 00:15:35,596 INFO o.a.j.t.JMeterThread: Thread started: MainThreadGroup 1-44
2025-02-15 00:15:35,643 INFO o.a.j.t.JMeterThread: Thread is done: MainThreadGroup 1-5
2025-02-15 00:15:35,643 INFO o.a.j.t.JMeterThread: Thread finished: MainThreadGroup 1-5
2025-02-15 00:15:35,709 INFO o.a.j.t.JMeterThread: Thread started: MainThreadGroup 1-45
2025-02-15 00:15:35,783 INFO o.a.j.t.JMeterThread: Thread is done: MainThreadGroup 1-11
2025-02-15 00:15:35,783 INFO o.a.j.t.JMeterThread: Thread finished: MainThreadGroup 1-11
2025-02-15 00:15:35,799 INFO o.a.j.t.JMeterThread: Thread is done: MainThreadGroup 1-9
2025-02-15 00:15:35,799 INFO o.a.j.t.JMeterThread: Thread finished: MainThreadGroup 1-9
2025-02-15 00:15:35,814 INFO o.a.j.t.JMeterThread: Thread started: MainThreadGroup 1-46
2025-02-15 00:15:35,817 INFO o.a.j.t.JMeterThread: Thread is done: MainThreadGroup 1-4
2025-02-15 00:15:35,817 INFO o.a.j.t.JMeterThread: Thread finished: MainThreadGroup 1-4
2025-02-15 00:15:35,830 INFO o.a.j.t.JMeterThread: Thread is done: MainThreadGroup 1-6
2025-02-15 00:15:35,831 INFO o.a.j.t.JMeterThread: Thread finished: MainThreadGroup 1-6
2025-02-15 00:15:35,842 INFO o.a.j.t.JMeterThread: Thread is done: MainThreadGroup 1-3
2025-02-15 00:15:35,843 INFO o.a.j.t.JMeterThread: Thread finished: MainThreadGroup 1-3
2025-02-15 00:15:35,851 INFO o.a.j.t.JMeterThread: Thread is done: MainThreadGroup 1-10
2025-02-15 00:15:35,851 INFO o.a.j.t.JMeterThread: Thread finished: MainThreadGroup 1-10
2025-02-15 00:15:35,861 INFO o.a.j.t.JMeterThread: Thread is done: MainThreadGroup 1-2
2025-02-15 00:15:35,861 INFO o.a.j.t.JMeterThread: Thread finished: MainThreadGroup 1-2
2025-02-15 00:15:35,864 INFO o.a.j.t.JMeterThread: Thread is done: MainThreadGroup 1-8
2025-02-15 00:15:35,865 INFO o.a.j.t.JMeterThread: Thread finished: MainThreadGroup 1-8
2025-02-15 00:15:35,869 INFO o.a.j.t.JMeterThread: Thread is done: MainThreadGroup 1-1
2025-02-15 00:15:35,871 INFO o.a.j.t.JMeterThread: Thread finished: MainThreadGroup 1-1
2025-02-15 00:15:35,878 INFO o.a.j.t.JMeterThread: Thread is done: MainThreadGroup 1-7
2025-02-15 00:15:35,878 INFO o.a.j.t.JMeterThread: Thread finished: MainThreadGroup 1-7
2025-02-15 00:15:35,885 INFO o.a.j.t.JMeterThread: Thread is done: MainThreadGroup 1-13
2025-02-15 00:15:35,885 INFO o.a.j.t.JMeterThread: Thread finished: MainThreadGroup 1-13
2025-02-15 00:15:35,896 INFO o.a.j.t.JMeterThread: Thread is done: MainThreadGroup 1-12
2025-02-15 00:15:35,896 INFO o.a.j.t.JMeterThread: Thread finished: MainThreadGroup 1-12
2025-02-15 00:15:35,914 INFO o.a.j.t.JMeterThread: Thread started: MainThreadGroup 1-47
2025-02-15 00:15:35,937 INFO o.a.j.t.JMeterThread: Thread is done: MainThreadGroup 1-14
2025-02-15 00:15:35,938 INFO o.a.j.t.JMeterThread: Thread finished: MainThreadGroup 1-14
2025-02-15 00:15:35,978 INFO o.a.j.t.JMeterThread: Thread is done: MainThreadGroup 1-15
2025-02-15 00:15:35,978 INFO o.a.j.t.JMeterThread: Thread finished: MainThreadGroup 1-15
2025-02-15 00:15:36,018 INFO o.a.j.t.JMeterThread: Thread started: MainThreadGroup 1-48
2025-02-15 00:15:36,117 INFO o.a.j.t.JMeterThread: Thread started: MainThreadGroup 1-49
2025-02-15 00:15:36,215 INFO o.a.j.t.JMeterThread: Thread started: MainThreadGroup 1-50
2025-02-15 00:15:36,316 INFO o.a.j.t.JMeterThread: Thread is done: MainThreadGroup 1-17
2025-02-15 00:15:36,316 INFO o.a.j.t.JMeterThread: Thread finished: MainThreadGroup 1-17
2025-02-15 00:15:36,322 INFO o.a.j.t.JMeterThread: Thread started: MainThreadGroup 1-51
2025-02-15 00:15:36,324 INFO o.a.j.t.JMeterThread: Thread is done: MainThreadGroup 1-16
2025-02-15 00:15:36,324 INFO o.a.j.t.JMeterThread: Thread finished: MainThreadGroup 1-16
2025-02-15 00:15:36,409 INFO o.a.j.t.JMeterThread: Thread is done: MainThreadGroup 1-19
2025-02-15 00:15:36,411 INFO o.a.j.t.JMeterThread: Thread finished: MainThreadGroup 1-19
2025-02-15 00:15:36,419 INFO o.a.j.t.JMeterThread: Thread is done: MainThreadGroup 1-18
2025-02-15 00:15:36,419 INFO o.a.j.t.JMeterThread: Thread finished: MainThreadGroup 1-18
2025-02-15 00:15:36,441 INFO o.a.j.t.JMeterThread: Thread started: MainThreadGroup 1-52
2025-02-15 00:15:36,489 INFO o.a.j.t.JMeterThread: Thread is done: MainThreadGroup 1-20
2025-02-15 00:15:36,489 INFO o.a.j.t.JMeterThread: Thread finished: MainThreadGroup 1-20
2025-02-15 00:15:36,524 INFO o.a.j.t.JMeterThread: Thread started: MainThreadGroup 1-53
2025-02-15 00:15:36,625 INFO o.a.j.t.JMeterThread: Thread started: MainThreadGroup 1-54
2025-02-15 00:15:36,724 INFO o.a.j.t.JMeterThread: Thread started: MainThreadGroup 1-55
2025-02-15 00:15:36,733 INFO o.a.j.t.JMeterThread: Thread is done: MainThreadGroup 1-21
2025-02-15 00:15:36,733 INFO o.a.j.t.JMeterThread: Thread finished: MainThreadGroup 1-21
2025-02-15 00:15:36,827 INFO o.a.j.t.JMeterThread: Thread started: MainThreadGroup 1-56
2025-02-15 00:15:36,853 INFO o.a.j.t.JMeterThread: Thread is done: MainThreadGroup 1-23
2025-02-15 00:15:36,854 INFO o.a.j.t.JMeterThread: Thread finished: MainThreadGroup 1-23
2025-02-15 00:15:36,869 INFO o.a.j.t.JMeterThread: Thread is done: MainThreadGroup 1-22
2025-02-15 00:15:36,870 INFO o.a.j.t.JMeterThread: Thread finished: MainThreadGroup 1-22
2025-02-15 00:15:36,916 INFO o.a.j.t.JMeterThread: Thread is done: MainThreadGroup 1-24
2025-02-15 00:15:36,916 INFO o.a.j.t.JMeterThread: Thread finished: MainThreadGroup 1-24
2025-02-15 00:15:36,927 INFO o.a.j.t.JMeterThread: Thread started: MainThreadGroup 1-57
2025-02-15 00:15:37,018 INFO o.a.j.t.JMeterThread: Thread is done: MainThreadGroup 1-25
2025-02-15 00:15:37,018 INFO o.a.j.t.JMeterThread: Thread finished: MainThreadGroup 1-25
2025-02-15 00:15:37,027 INFO o.a.j.t.JMeterThread: Thread started: MainThreadGroup 1-58
2025-02-15 00:15:37,129 INFO o.a.j.t.JMeterThread: Thread started: MainThreadGroup 1-59
2025-02-15 00:15:37,173 INFO o.a.j.t.JMeterThread: Thread is done: MainThreadGroup 1-26
2025-02-15 00:15:37,173 INFO o.a.j.t.JMeterThread: Thread finished: MainThreadGroup 1-26
2025-02-15 00:15:37,230 INFO o.a.j.t.JMeterThread: Thread started: MainThreadGroup 1-60
2025-02-15 00:15:37,269 INFO o.a.j.t.JMeterThread: Thread is done: MainThreadGroup 1-27
2025-02-15 00:15:37,270 INFO o.a.j.t.JMeterThread: Thread finished: MainThreadGroup 1-27
2025-02-15 00:15:37,327 INFO o.a.j.t.JMeterThread: Thread started: MainThreadGroup 1-61
2025-02-15 00:15:37,417 INFO o.a.j.t.JMeterThread: Thread is done: MainThreadGroup 1-28
2025-02-15 00:15:37,418 INFO o.a.j.t.JMeterThread: Thread finished: MainThreadGroup 1-28
2025-02-15 00:15:37,428 INFO o.a.j.t.JMeterThread: Thread started: MainThreadGroup 1-62
2025-02-15 00:15:37,458 INFO o.a.j.t.JMeterThread: Thread is done: MainThreadGroup 1-29
2025-02-15 00:15:37,459 INFO o.a.j.t.JMeterThread: Thread finished: MainThreadGroup 1-29
2025-02-15 00:15:37,529 INFO o.a.j.t.JMeterThread: Thread started: MainThreadGroup 1-63
2025-02-15 00:15:37,541 INFO o.a.j.t.JMeterThread: Thread is done: MainThreadGroup 1-30
2025-02-15 00:15:37,544 INFO o.a.j.t.JMeterThread: Thread finished: MainThreadGroup 1-30
2025-02-15 00:15:37,630 INFO o.a.j.t.JMeterThread: Thread is done: MainThreadGroup 1-31
2025-02-15 00:15:37,630 INFO o.a.j.t.JMeterThread: Thread finished: MainThreadGroup 1-31
2025-02-15 00:15:37,631 INFO o.a.j.t.JMeterThread: Thread started: MainThreadGroup 1-64
2025-02-15 00:15:37,728 INFO o.a.j.t.JMeterThread: Thread started: MainThreadGroup 1-65
2025-02-15 00:15:37,826 INFO o.a.j.t.JMeterThread: Thread started: MainThreadGroup 1-66
2025-02-15 00:15:37,902 INFO o.a.j.t.JMeterThread: Thread is done: MainThreadGroup 1-32
2025-02-15 00:15:37,902 INFO o.a.j.t.JMeterThread: Thread finished: MainThreadGroup 1-32
2025-02-15 00:15:37,924 INFO o.a.j.t.JMeterThread: Thread started: MainThreadGroup 1-67
2025-02-15 00:15:37,961 INFO o.a.j.t.JMeterThread: Thread is done: MainThreadGroup 1-34
2025-02-15 00:15:37,962 INFO o.a.j.t.JMeterThread: Thread finished: MainThreadGroup 1-34
2025-02-15 00:15:38,014 INFO o.a.j.t.JMeterThread: Thread is done: MainThreadGroup 1-33
2025-02-15 00:15:38,014 INFO o.a.j.t.JMeterThread: Thread finished: MainThreadGroup 1-33
2025-02-15 00:15:38,023 INFO o.a.j.t.JMeterThread: Thread started: MainThreadGroup 1-68
2025-02-15 00:15:38,098 INFO o.a.j.t.JMeterThread: Thread is done: MainThreadGroup 1-35
2025-02-15 00:15:38,098 INFO o.a.j.t.JMeterThread: Thread finished: MainThreadGroup 1-35
2025-02-15 00:15:38,121 INFO o.a.j.t.JMeterThread: Thread started: MainThreadGroup 1-69
2025-02-15 00:15:38,218 INFO o.a.j.t.JMeterThread: Thread is done: MainThreadGroup 1-36
2025-02-15 00:15:38,219 INFO o.a.j.t.JMeterThread: Thread finished: MainThreadGroup 1-36
2025-02-15 00:15:38,220 INFO o.a.j.t.JMeterThread: Thread started: MainThreadGroup 1-70
2025-02-15 00:15:38,312 INFO o.a.j.t.JMeterThread: Thread is done: MainThreadGroup 1-37
2025-02-15 00:15:38,313 INFO o.a.j.t.JMeterThread: Thread finished: MainThreadGroup 1-37
2025-02-15 00:15:38,317 INFO o.a.j.t.JMeterThread: Thread started: MainThreadGroup 1-71
2025-02-15 00:15:38,414 INFO o.a.j.t.JMeterThread: Thread started: MainThreadGroup 1-72
2025-02-15 00:15:38,476 INFO o.a.j.t.JMeterThread: Thread is done: MainThreadGroup 1-38
2025-02-15 00:15:38,476 INFO o.a.j.t.JMeterThread: Thread finished: MainThreadGroup 1-38
2025-02-15 00:15:38,486 INFO o.a.j.t.JMeterThread: Thread is done: MainThreadGroup 1-39
2025-02-15 00:15:38,487 INFO o.a.j.t.JMeterThread: Thread finished: MainThreadGroup 1-39
2025-02-15 00:15:38,513 INFO o.a.j.t.JMeterThread: Thread started: MainThreadGroup 1-73
2025-02-15 00:15:38,537 INFO o.a.j.t.JMeterThread: Thread is done: MainThreadGroup 1-40
2025-02-15 00:15:38,537 INFO o.a.j.t.JMeterThread: Thread finished: MainThreadGroup 1-40
2025-02-15 00:15:38,612 INFO o.a.j.t.JMeterThread: Thread started: MainThreadGroup 1-74
2025-02-15 00:15:38,710 INFO o.a.j.t.JMeterThread: Thread started: MainThreadGroup 1-75
2025-02-15 00:15:38,759 INFO o.a.j.t.JMeterThread: Thread is done: MainThreadGroup 1-42
2025-02-15 00:15:38,759 INFO o.a.j.t.JMeterThread: Thread finished: MainThreadGroup 1-42
2025-02-15 00:15:38,765 INFO o.a.j.t.JMeterThread: Thread is done: MainThreadGroup 1-41
2025-02-15 00:15:38,765 INFO o.a.j.t.JMeterThread: Thread finished: MainThreadGroup 1-41
2025-02-15 00:15:38,806 INFO o.a.j.t.JMeterThread: Thread started: MainThreadGroup 1-76
2025-02-15 00:15:38,849 INFO o.a.j.t.JMeterThread: Thread is done: MainThreadGroup 1-43
2025-02-15 00:15:38,849 INFO o.a.j.t.JMeterThread: Thread finished: MainThreadGroup 1-43
2025-02-15 00:15:38,903 INFO o.a.j.t.JMeterThread: Thread started: MainThreadGroup 1-77
2025-02-15 00:15:38,991 INFO o.a.j.t.JMeterThread: Thread is done: MainThreadGroup 1-44
2025-02-15 00:15:38,995 INFO o.a.j.t.JMeterThread: Thread finished: MainThreadGroup 1-44
2025-02-15 00:15:39,004 INFO o.a.j.t.JMeterThread: Thread started: MainThreadGroup 1-78
2025-02-15 00:15:39,100 INFO o.a.j.t.JMeterThread: Thread is done: MainThreadGroup 1-45
2025-02-15 00:15:39,100 INFO o.a.j.t.JMeterThread: Thread finished: MainThreadGroup 1-45
2025-02-15 00:15:39,102 INFO o.a.j.t.JMeterThread: Thread started: MainThreadGroup 1-79
2025-02-15 00:15:39,178 INFO o.a.j.t.JMeterThread: Thread is done: MainThreadGroup 1-46
2025-02-15 00:15:39,178 INFO o.a.j.t.JMeterThread: Thread finished: MainThreadGroup 1-46
2025-02-15 00:15:39,199 INFO o.a.j.t.JMeterThread: Thread started: MainThreadGroup 1-80
2025-02-15 00:15:39,298 INFO o.a.j.t.JMeterThread: Thread started: MainThreadGroup 1-81
2025-02-15 00:15:39,333 INFO o.a.j.t.JMeterThread: Thread is done: MainThreadGroup 1-47
2025-02-15 00:15:39,333 INFO o.a.j.t.JMeterThread: Thread finished: MainThreadGroup 1-47
2025-02-15 00:15:39,397 INFO o.a.j.t.JMeterThread: Thread started: MainThreadGroup 1-82
2025-02-15 00:15:39,413 INFO o.a.j.t.JMeterThread: Thread is done: MainThreadGroup 1-48
2025-02-15 00:15:39,413 INFO o.a.j.t.JMeterThread: Thread finished: MainThreadGroup 1-48
2025-02-15 00:15:39,494 INFO o.a.j.t.JMeterThread: Thread is done: MainThreadGroup 1-49
2025-02-15 00:15:39,495 INFO o.a.j.t.JMeterThread: Thread finished: MainThreadGroup 1-49
2025-02-15 00:15:39,495 INFO o.a.j.t.JMeterThread: Thread started: MainThreadGroup 1-83
2025-02-15 00:15:39,591 INFO o.a.j.t.JMeterThread: Thread started: MainThreadGroup 1-84
2025-02-15 00:15:39,595 INFO o.a.j.t.JMeterThread: Thread is done: MainThreadGroup 1-50
2025-02-15 00:15:39,595 INFO o.a.j.t.JMeterThread: Thread finished: MainThreadGroup 1-50
2025-02-15 00:15:39,667 INFO o.a.j.t.JMeterThread: Thread is done: MainThreadGroup 1-51
2025-02-15 00:15:39,667 INFO o.a.j.t.JMeterThread: Thread finished: MainThreadGroup 1-51
2025-02-15 00:15:39,688 INFO o.a.j.t.JMeterThread: Thread started: MainThreadGroup 1-85
2025-02-15 00:15:39,786 INFO o.a.j.t.JMeterThread: Thread started: MainThreadGroup 1-86
2025-02-15 00:15:39,812 INFO o.a.j.t.JMeterThread: Thread is done: MainThreadGroup 1-52
2025-02-15 00:15:39,812 INFO o.a.j.t.JMeterThread: Thread finished: MainThreadGroup 1-52
2025-02-15 00:15:39,870 INFO o.a.j.t.JMeterThread: Thread is done: MainThreadGroup 1-53
2025-02-15 00:15:39,870 INFO o.a.j.t.JMeterThread: Thread finished: MainThreadGroup 1-53
2025-02-15 00:15:39,884 INFO o.a.j.t.JMeterThread: Thread started: MainThreadGroup 1-87
2025-02-15 00:15:39,981 INFO o.a.j.t.JMeterThread: Thread started: MainThreadGroup 1-88
2025-02-15 00:15:39,990 INFO o.a.j.t.JMeterThread: Thread is done: MainThreadGroup 1-54
2025-02-15 00:15:39,990 INFO o.a.j.t.JMeterThread: Thread finished: MainThreadGroup 1-54
2025-02-15 00:15:40,075 INFO o.a.j.t.JMeterThread: Thread is done: MainThreadGroup 1-55
2025-02-15 00:15:40,075 INFO o.a.j.t.JMeterThread: Thread finished: MainThreadGroup 1-55
2025-02-15 00:15:40,075 INFO o.a.j.t.JMeterThread: Thread started: MainThreadGroup 1-89
2025-02-15 00:15:40,171 INFO o.a.j.t.JMeterThread: Thread started: MainThreadGroup 1-90
2025-02-15 00:15:40,197 INFO o.a.j.t.JMeterThread: Thread is done: MainThreadGroup 1-56
2025-02-15 00:15:40,197 INFO o.a.j.t.JMeterThread: Thread finished: MainThreadGroup 1-56
2025-02-15 00:15:40,267 INFO o.a.j.t.JMeterThread: Thread started: MainThreadGroup 1-91
2025-02-15 00:15:40,269 INFO o.a.j.t.JMeterThread: Thread is done: MainThreadGroup 1-57
2025-02-15 00:15:40,270 INFO o.a.j.t.JMeterThread: Thread finished: MainThreadGroup 1-57
2025-02-15 00:15:40,362 INFO o.a.j.t.JMeterThread: Thread started: MainThreadGroup 1-92
2025-02-15 00:15:40,388 INFO o.a.j.t.JMeterThread: Thread is done: MainThreadGroup 1-58
2025-02-15 00:15:40,389 INFO o.a.j.t.JMeterThread: Thread finished: MainThreadGroup 1-58
2025-02-15 00:15:40,457 INFO o.a.j.t.JMeterThread: Thread started: MainThreadGroup 1-93
2025-02-15 00:15:40,505 INFO o.a.j.t.JMeterThread: Thread is done: MainThreadGroup 1-59
2025-02-15 00:15:40,505 INFO o.a.j.t.JMeterThread: Thread finished: MainThreadGroup 1-59
2025-02-15 00:15:40,553 INFO o.a.j.t.JMeterThread: Thread started: MainThreadGroup 1-94
2025-02-15 00:15:40,596 INFO o.a.j.t.JMeterThread: Thread is done: MainThreadGroup 1-60
2025-02-15 00:15:40,596 INFO o.a.j.t.JMeterThread: Thread finished: MainThreadGroup 1-60
2025-02-15 00:15:40,650 INFO o.a.j.t.JMeterThread: Thread started: MainThreadGroup 1-95
2025-02-15 00:15:40,681 INFO o.a.j.t.JMeterThread: Thread is done: MainThreadGroup 1-61
2025-02-15 00:15:40,682 INFO o.a.j.t.JMeterThread: Thread finished: MainThreadGroup 1-61
2025-02-15 00:15:40,744 INFO o.a.j.t.JMeterThread: Thread started: MainThreadGroup 1-96
2025-02-15 00:15:40,784 INFO o.a.j.t.JMeterThread: Thread is done: MainThreadGroup 1-62
2025-02-15 00:15:40,784 INFO o.a.j.t.JMeterThread: Thread finished: MainThreadGroup 1-62
2025-02-15 00:15:40,840 INFO o.a.j.t.JMeterThread: Thread started: MainThreadGroup 1-97
2025-02-15 00:15:40,882 INFO o.a.j.t.JMeterThread: Thread is done: MainThreadGroup 1-63
2025-02-15 00:15:40,882 INFO o.a.j.t.JMeterThread: Thread finished: MainThreadGroup 1-63
2025-02-15 00:15:40,935 INFO o.a.j.t.JMeterThread: Thread started: MainThreadGroup 1-98
2025-02-15 00:15:40,980 INFO o.a.j.t.JMeterThread: Thread is done: MainThreadGroup 1-64
2025-02-15 00:15:40,981 INFO o.a.j.t.JMeterThread: Thread finished: MainThreadGroup 1-64
2025-02-15 00:15:41,025 INFO o.a.j.t.JMeterThread: Thread started: MainThreadGroup 1-99
2025-02-15 00:15:41,114 INFO o.a.j.t.JMeterThread: Thread started: MainThreadGroup 1-100
2025-02-15 00:15:41,137 INFO o.a.j.t.JMeterThread: Thread is done: MainThreadGroup 1-65
2025-02-15 00:15:41,137 INFO o.a.j.t.JMeterThread: Thread finished: MainThreadGroup 1-65
2025-02-15 00:15:41,237 INFO o.a.j.t.JMeterThread: Thread is done: MainThreadGroup 1-66
2025-02-15 00:15:41,238 INFO o.a.j.t.JMeterThread: Thread finished: MainThreadGroup 1-66
2025-02-15 00:15:41,278 INFO o.a.j.t.JMeterThread: Thread is done: MainThreadGroup 1-67
2025-02-15 00:15:41,278 INFO o.a.j.t.JMeterThread: Thread finished: MainThreadGroup 1-67
2025-02-15 00:15:41,361 INFO o.a.j.t.JMeterThread: Thread is done: MainThreadGroup 1-68
2025-02-15 00:15:41,361 INFO o.a.j.t.JMeterThread: Thread finished: MainThreadGroup 1-68
2025-02-15 00:15:41,462 INFO o.a.j.t.JMeterThread: Thread is done: MainThreadGroup 1-69
2025-02-15 00:15:41,462 INFO o.a.j.t.JMeterThread: Thread finished: MainThreadGroup 1-69
2025-02-15 00:15:41,704 INFO o.a.j.t.JMeterThread: Thread is done: MainThreadGroup 1-70
2025-02-15 00:15:41,704 INFO o.a.j.t.JMeterThread: Thread finished: MainThreadGroup 1-70
2025-02-15 00:15:41,772 INFO o.a.j.t.JMeterThread: Thread is done: MainThreadGroup 1-71
2025-02-15 00:15:41,772 INFO o.a.j.t.JMeterThread: Thread finished: MainThreadGroup 1-71
2025-02-15 00:15:41,795 INFO o.a.j.t.JMeterThread: Thread is done: MainThreadGroup 1-72
2025-02-15 00:15:41,795 INFO o.a.j.t.JMeterThread: Thread finished: MainThreadGroup 1-72
2025-02-15 00:15:41,862 INFO o.a.j.t.JMeterThread: Thread is done: MainThreadGroup 1-73
2025-02-15 00:15:41,862 INFO o.a.j.t.JMeterThread: Thread finished: MainThreadGroup 1-73
2025-02-15 00:15:42,047 INFO o.a.j.t.JMeterThread: Thread is done: MainThreadGroup 1-74
2025-02-15 00:15:42,048 INFO o.a.j.t.JMeterThread: Thread finished: MainThreadGroup 1-74
2025-02-15 00:15:42,224 INFO o.a.j.t.JMeterThread: Thread is done: MainThreadGroup 1-75
2025-02-15 00:15:42,224 INFO o.a.j.t.JMeterThread: Thread finished: MainThreadGroup 1-75
2025-02-15 00:15:42,234 INFO o.a.j.t.JMeterThread: Thread is done: MainThreadGroup 1-76
2025-02-15 00:15:42,234 INFO o.a.j.t.JMeterThread: Thread finished: MainThreadGroup 1-76
2025-02-15 00:15:42,271 INFO o.a.j.t.JMeterThread: Thread is done: MainThreadGroup 1-77
2025-02-15 00:15:42,271 INFO o.a.j.t.JMeterThread: Thread finished: MainThreadGroup 1-77
2025-02-15 00:15:42,355 INFO o.a.j.t.JMeterThread: Thread is done: MainThreadGroup 1-78
2025-02-15 00:15:42,355 INFO o.a.j.t.JMeterThread: Thread finished: MainThreadGroup 1-78
2025-02-15 00:15:42,477 INFO o.a.j.t.JMeterThread: Thread is done: MainThreadGroup 1-79
2025-02-15 00:15:42,477 INFO o.a.j.t.JMeterThread: Thread finished: MainThreadGroup 1-79
2025-02-15 00:15:42,596 INFO o.a.j.t.JMeterThread: Thread is done: MainThreadGroup 1-80
2025-02-15 00:15:42,596 INFO o.a.j.t.JMeterThread: Thread finished: MainThreadGroup 1-80
2025-02-15 00:15:42,641 INFO o.a.j.t.JMeterThread: Thread is done: MainThreadGroup 1-81
2025-02-15 00:15:42,642 INFO o.a.j.t.JMeterThread: Thread finished: MainThreadGroup 1-81
2025-02-15 00:15:42,730 INFO o.a.j.t.JMeterThread: Thread is done: MainThreadGroup 1-82
2025-02-15 00:15:42,730 INFO o.a.j.t.JMeterThread: Thread finished: MainThreadGroup 1-82
2025-02-15 00:15:42,830 INFO o.a.j.t.JMeterThread: Thread is done: MainThreadGroup 1-83
2025-02-15 00:15:42,830 INFO o.a.j.t.JMeterThread: Thread finished: MainThreadGroup 1-83
2025-02-15 00:15:42,934 INFO o.a.j.t.JMeterThread: Thread is done: MainThreadGroup 1-84
2025-02-15 00:15:42,934 INFO o.a.j.t.JMeterThread: Thread finished: MainThreadGroup 1-84
2025-02-15 00:15:43,030 INFO o.a.j.t.JMeterThread: Thread is done: MainThreadGroup 1-85
2025-02-15 00:15:43,031 INFO o.a.j.t.JMeterThread: Thread finished: MainThreadGroup 1-85
2025-02-15 00:15:43,115 INFO o.a.j.t.JMeterThread: Thread is done: MainThreadGroup 1-86
2025-02-15 00:15:43,115 INFO o.a.j.t.JMeterThread: Thread finished: MainThreadGroup 1-86
2025-02-15 00:15:43,224 INFO o.a.j.t.JMeterThread: Thread is done: MainThreadGroup 1-87
2025-02-15 00:15:43,225 INFO o.a.j.t.JMeterThread: Thread finished: MainThreadGroup 1-87
2025-02-15 00:15:43,314 INFO o.a.j.t.JMeterThread: Thread is done: MainThreadGroup 1-88
2025-02-15 00:15:43,314 INFO o.a.j.t.JMeterThread: Thread finished: MainThreadGroup 1-88
2025-02-15 00:15:43,389 INFO o.a.j.t.JMeterThread: Thread is done: MainThreadGroup 1-89
2025-02-15 00:15:43,389 INFO o.a.j.t.JMeterThread: Thread finished: MainThreadGroup 1-89
2025-02-15 00:15:43,505 INFO o.a.j.t.JMeterThread: Thread is done: MainThreadGroup 1-90
2025-02-15 00:15:43,505 INFO o.a.j.t.JMeterThread: Thread finished: MainThreadGroup 1-90
2025-02-15 00:15:43,616 INFO o.a.j.t.JMeterThread: Thread is done: MainThreadGroup 1-91
2025-02-15 00:15:43,616 INFO o.a.j.t.JMeterThread: Thread finished: MainThreadGroup 1-91
2025-02-15 00:15:43,790 INFO o.a.j.t.JMeterThread: Thread is done: MainThreadGroup 1-92
2025-02-15 00:15:43,791 INFO o.a.j.t.JMeterThread: Thread finished: MainThreadGroup 1-92
2025-02-15 00:15:43,843 INFO o.a.j.t.JMeterThread: Thread is done: MainThreadGroup 1-93
2025-02-15 00:15:43,844 INFO o.a.j.t.JMeterThread: Thread finished: MainThreadGroup 1-93
2025-02-15 00:15:43,898 INFO o.a.j.t.JMeterThread: Thread is done: MainThreadGroup 1-94
2025-02-15 00:15:43,898 INFO o.a.j.t.JMeterThread: Thread finished: MainThreadGroup 1-94
2025-02-15 00:15:43,980 INFO o.a.j.t.JMeterThread: Thread is done: MainThreadGroup 1-95
2025-02-15 00:15:43,980 INFO o.a.j.t.JMeterThread: Thread finished: MainThreadGroup 1-95
2025-02-15 00:15:44,091 INFO o.a.j.t.JMeterThread: Thread is done: MainThreadGroup 1-96
2025-02-15 00:15:44,091 INFO o.a.j.t.JMeterThread: Thread finished: MainThreadGroup 1-96
2025-02-15 00:15:44,170 INFO o.a.j.t.JMeterThread: Thread is done: MainThreadGroup 1-97
2025-02-15 00:15:44,170 INFO o.a.j.t.JMeterThread: Thread finished: MainThreadGroup 1-97
2025-02-15 00:15:44,275 INFO o.a.j.t.JMeterThread: Thread is done: MainThreadGroup 1-98
2025-02-15 00:15:44,275 INFO o.a.j.t.JMeterThread: Thread finished: MainThreadGroup 1-98
2025-02-15 00:15:44,328 INFO o.a.j.t.JMeterThread: Thread is done: MainThreadGroup 1-99
2025-02-15 00:15:44,329 INFO o.a.j.t.JMeterThread: Thread finished: MainThreadGroup 1-99
2025-02-15 00:15:44,406 INFO o.a.j.t.JMeterThread: Thread is done: MainThreadGroup 1-100
2025-02-15 00:15:44,406 INFO o.a.j.t.JMeterThread: Thread finished: MainThreadGroup 1-100
2025-02-15 00:15:44,407 INFO o.a.j.e.StandardJMeterEngine: Notifying test listeners of end of test
2025-02-15 00:15:44,410 INFO o.a.j.r.Summariser: summary +    799 in 00:00:13 =   62.9/s Avg:    32 Min:     0 Max:   901 Err:     1 (0.13%) Active: 0 Started: 100 Finished: 100
2025-02-15 00:15:44,411 INFO o.a.j.r.Summariser: summary =    800 in 00:00:13 =   59.9/s Avg:    32 Min:     0 Max:   901 Err:     1 (0.12%)
2025-02-15 00:15:44,412 INFO o.a.j.JMeter: Generating Dashboard
2025-02-15 00:15:44,412 INFO o.a.j.r.d.ReportGenerator: Flushing result collector before report Generation
2025-02-15 00:15:44,425 INFO o.a.j.r.p.NormalizerSampleConsumer: Using format, 'ms', to parse timeStamp field
2025-02-15 00:15:44,639 INFO o.a.j.r.p.AbstractSampleConsumer: class org.apache.jmeter.report.processor.AggregateConsumer#stopProducing(): beginDate produced 0 samples
2025-02-15 00:15:44,639 INFO o.a.j.r.p.AbstractSampleConsumer: class org.apache.jmeter.report.processor.AggregateConsumer#stopProducing(): endDate produced 0 samples
2025-02-15 00:15:44,641 INFO o.a.j.r.p.AbstractSampleConsumer: class org.apache.jmeter.report.processor.ApdexSummaryConsumer#stopProducing(): apdexSummary produced 0 samples
2025-02-15 00:15:44,641 INFO o.a.j.r.p.AbstractSampleConsumer: class org.apache.jmeter.report.processor.RequestsSummaryConsumer#stopProducing(): requestsSummary produced 0 samples
2025-02-15 00:15:44,650 INFO o.a.j.r.p.AbstractSampleConsumer: class org.apache.jmeter.report.processor.StatisticsSummaryConsumer#stopProducing(): statisticsSummary produced 0 samples
2025-02-15 00:15:44,653 INFO o.a.j.r.p.AbstractSampleConsumer: class org.apache.jmeter.report.processor.Top5ErrorsBySamplerConsumer#stopProducing(): top5ErrorsBySampler produced 0 samples
2025-02-15 00:15:44,653 INFO o.a.j.r.p.AbstractSampleConsumer: class org.apache.jmeter.report.processor.ErrorsSummaryConsumer#stopProducing(): errorsSummary produced 0 samples
2025-02-15 00:15:44,653 INFO o.a.j.r.p.AbstractSampleConsumer: class org.apache.jmeter.report.processor.graph.impl.HitsPerSecondGraphConsumer#stopProducing(): hitsPerSecond produced 0 samples
2025-02-15 00:15:44,699 INFO o.a.j.r.p.AbstractSampleConsumer: class org.apache.jmeter.report.processor.graph.impl.LatencyVSRequestGraphConsumer#stopProducing(): latencyVsRequest produced 0 samples
2025-02-15 00:15:44,700 INFO o.a.j.r.p.AbstractSampleConsumer: class org.apache.jmeter.report.processor.graph.impl.SyntheticResponseTimeDistributionGraphConsumer#stopProducing(): syntheticResponseTimeDistribution produced 0 samples
2025-02-15 00:15:44,700 INFO o.a.j.r.p.AbstractSampleConsumer: class org.apache.jmeter.report.processor.graph.impl.BytesThroughputGraphConsumer#stopProducing(): bytesThroughputOverTime produced 0 samples
2025-02-15 00:15:44,700 INFO o.a.j.r.p.AbstractSampleConsumer: class org.apache.jmeter.report.processor.graph.impl.CodesPerSecondGraphConsumer#stopProducing(): codesPerSecond produced 0 samples
2025-02-15 00:15:44,725 INFO o.a.j.r.p.AbstractSampleConsumer: class org.apache.jmeter.report.processor.graph.impl.ResponseTimeVSRequestGraphConsumer#stopProducing(): responseTimeVsRequest produced 0 samples
2025-02-15 00:15:44,726 INFO o.a.j.r.p.AbstractSampleConsumer: class org.apache.jmeter.report.processor.FilterConsumer#stopProducing(): startIntervalControlerFilter produced 9786 samples
2025-02-15 00:15:44,726 INFO o.a.j.r.p.AbstractSampleConsumer: class org.apache.jmeter.report.processor.graph.impl.TotalTPSGraphConsumer#stopProducing(): totalTPS produced 0 samples
2025-02-15 00:15:44,727 INFO o.a.j.r.p.AbstractSampleConsumer: class org.apache.jmeter.report.processor.graph.impl.ActiveThreadsGraphConsumer#stopProducing(): activeThreadsOverTime produced 0 samples
2025-02-15 00:15:44,727 INFO o.a.j.r.p.AbstractSampleConsumer: class org.apache.jmeter.report.processor.graph.impl.TimeVSThreadGraphConsumer#stopProducing(): timeVsThreads produced 0 samples
2025-02-15 00:15:44,729 INFO o.a.j.r.p.AbstractSampleConsumer: class org.apache.jmeter.report.processor.graph.impl.ResponseTimeDistributionGraphConsumer#stopProducing(): responseTimeDistribution produced 0 samples
2025-02-15 00:15:44,729 INFO o.a.j.r.p.AbstractSampleConsumer: class org.apache.jmeter.report.processor.graph.impl.TransactionsPerSecondGraphConsumer#stopProducing(): transactionsPerSecond produced 0 samples
2025-02-15 00:15:44,729 INFO o.a.j.r.p.AbstractSampleConsumer: class org.apache.jmeter.report.processor.graph.impl.ResponseTimePercentilesGraphConsumer#stopProducing(): responseTimePercentiles produced 0 samples
2025-02-15 00:15:44,737 INFO o.a.j.r.p.AbstractSampleConsumer: class org.apache.jmeter.report.processor.graph.impl.ResponseTimePercentilesOverTimeGraphConsumer#stopProducing(): responseTimePercentilesOverTime produced 0 samples
2025-02-15 00:15:44,738 INFO o.a.j.r.p.AbstractSampleConsumer: class org.apache.jmeter.report.processor.graph.impl.ResponseTimeOverTimeGraphConsumer#stopProducing(): responseTimesOverTime produced 0 samples
2025-02-15 00:15:44,739 INFO o.a.j.r.p.AbstractSampleConsumer: class org.apache.jmeter.report.processor.graph.impl.ConnectTimeOverTimeGraphConsumer#stopProducing(): connectTimeOverTime produced 0 samples
2025-02-15 00:15:44,739 INFO o.a.j.r.p.AbstractSampleConsumer: class org.apache.jmeter.report.processor.graph.impl.LatencyOverTimeGraphConsumer#stopProducing(): latenciesOverTime produced 0 samples
2025-02-15 00:15:44,739 INFO o.a.j.r.p.AbstractSampleConsumer: class org.apache.jmeter.report.processor.FilterConsumer#stopProducing(): nameFilter produced 20970 samples
2025-02-15 00:15:44,739 INFO o.a.j.r.p.AbstractSampleConsumer: class org.apache.jmeter.report.processor.FilterConsumer#stopProducing(): dateRangeFilter produced 4194 samples
2025-02-15 00:15:44,739 INFO o.a.j.r.p.AbstractSampleConsumer: class org.apache.jmeter.report.processor.NormalizerSampleConsumer#stopProducing(): normalizer produced 1398 samples
2025-02-15 00:15:44,740 INFO o.a.j.r.p.CsvFileSampleSource: produce(): 1398 samples produced in 281ms on channel 0
2025-02-15 00:15:44,741 INFO o.a.j.r.d.ReportGenerator: Exporting data using exporter:'json' of className:'org.apache.jmeter.report.dashboard.JsonExporter'
2025-02-15 00:15:44,825 INFO o.a.j.r.d.JsonExporter: Found data for consumer statisticsSummary in context
2025-02-15 00:15:44,825 INFO o.a.j.r.d.JsonExporter: Creating statistics for overall
2025-02-15 00:15:44,826 INFO o.a.j.r.d.JsonExporter: Creating statistics for other transactions
2025-02-15 00:15:44,826 INFO o.a.j.r.d.JsonExporter: Checking output folder
2025-02-15 00:15:44,828 INFO o.a.j.r.d.JsonExporter: Writing statistics JSON to /home/sre/java_projects/book-order-app/jmeter/results_2025-02-15-00:15:28/statistics.json
2025-02-15 00:15:44,941 INFO o.a.j.r.d.ReportGenerator: Exporting data using exporter:'html' of className:'org.apache.jmeter.report.dashboard.HtmlTemplateExporter'
2025-02-15 00:15:44,948 INFO o.a.j.r.d.HtmlTemplateExporter: Will generate dashboard in folder: /home/sre/java_projects/book-order-app/jmeter/results_2025-02-15-00:15:28
2025-02-15 00:15:45,128 INFO o.a.j.r.d.HtmlTemplateExporter: Report will be generated in: /home/sre/java_projects/book-order-app/jmeter/results_2025-02-15-00:15:28, creating folder structure
2025-02-15 00:15:45,133 INFO o.a.j.r.d.TemplateVisitor: Copying folder from '/home/sre/apache-jmeter-5.6.3/bin/report-template' to '/home/sre/java_projects/book-order-app/jmeter/results_2025-02-15-00:15:28', got message: /home/sre/java_projects/book-order-app/jmeter/results_2025-02-15-00:15:28, found non empty folder with following content [/home/sre/java_projects/book-order-app/jmeter/results_2025-02-15-00:15:28/statistics.json], will be ignored
2025-02-15 00:15:45,493 INFO o.a.j.JMeter: Dashboard generated
