2025-02-15 00:14:11,550 INFO o.a.j.u.JMeterUtils: Setting Locale to en_EN
2025-02-15 00:14:11,577 INFO o.a.j.JMeter: Loading user properties from: /home/sre/apache-jmeter-5.6.3/bin/user.properties
2025-02-15 00:14:11,578 INFO o.a.j.JMeter: Loading system properties from: /home/sre/apache-jmeter-5.6.3/bin/system.properties
2025-02-15 00:14:11,584 INFO o.a.j.JMeter: Copyright (c) 1998-2024 The Apache Software Foundation
2025-02-15 00:14:11,584 INFO o.a.j.JMeter: Version 5.6.3
2025-02-15 00:14:11,584 INFO o.a.j.JMeter: java.version=21.0.6
2025-02-15 00:14:11,584 INFO o.a.j.JMeter: java.vm.name=OpenJDK 64-Bit Server VM
2025-02-15 00:14:11,584 INFO o.a.j.JMeter: os.name=Linux
2025-02-15 00:14:11,584 INFO o.a.j.JMeter: os.arch=amd64
2025-02-15 00:14:11,584 INFO o.a.j.JMeter: os.version=6.8.0-53-generic
2025-02-15 00:14:11,584 INFO o.a.j.JMeter: file.encoding=UTF-8
2025-02-15 00:14:11,584 INFO o.a.j.JMeter: java.awt.headless=true
2025-02-15 00:14:11,584 INFO o.a.j.JMeter: Max memory     =1073741824
2025-02-15 00:14:11,585 INFO o.a.j.JMeter: Available Processors =4
2025-02-15 00:14:11,597 INFO o.a.j.JMeter: Default Locale=English (EN)
2025-02-15 00:14:11,597 INFO o.a.j.JMeter: JMeter  Locale=English (EN)
2025-02-15 00:14:11,597 INFO o.a.j.JMeter: JMeterHome=/home/sre/apache-jmeter-5.6.3
2025-02-15 00:14:11,598 INFO o.a.j.JMeter: user.dir  =/home/sre/java_projects/book-order-app
2025-02-15 00:14:11,598 INFO o.a.j.JMeter: PWD       =/home/sre/java_projects/book-order-app
2025-02-15 00:14:11,598 INFO o.a.j.JMeter: IP: 127.0.1.1 Name: ubuntu FullName: ubuntu
2025-02-15 00:14:11,613 INFO o.a.j.JMeter: Setting property 'jmeter.reportgenerator.outputdir' to:'/home/sre/java_projects/book-order-app/jmeter/results_2025-02-15-00:14:10'
2025-02-15 00:14:11,616 INFO o.a.j.s.FileServer: Default base='/home/sre/java_projects/book-order-app'
2025-02-15 00:14:11,618 INFO o.a.j.s.FileServer: Set new base='/home/sre/java_projects/book-order-app/jmeter/plans'
2025-02-15 00:14:11,880 INFO o.a.j.s.SaveService: Testplan (JMX) version: 2.2. Testlog (JTL) version: 2.2
2025-02-15 00:14:11,927 INFO o.a.j.s.SaveService: Using SaveService properties version 5.0
2025-02-15 00:14:11,932 INFO o.a.j.s.SaveService: Using SaveService properties file encoding UTF-8
2025-02-15 00:14:11,938 INFO o.a.j.s.SaveService: Loading file: jmeter/plans/BookOrderAppTestPlan.jmx
2025-02-15 00:14:12,015 INFO o.a.j.p.h.s.HTTPSamplerBase: Parser for text/html is org.apache.jmeter.protocol.http.parser.LagartoBasedHtmlParser
2025-02-15 00:14:12,016 INFO o.a.j.p.h.s.HTTPSamplerBase: Parser for application/xhtml+xml is org.apache.jmeter.protocol.http.parser.LagartoBasedHtmlParser
2025-02-15 00:14:12,016 INFO o.a.j.p.h.s.HTTPSamplerBase: Parser for application/xml is org.apache.jmeter.protocol.http.parser.LagartoBasedHtmlParser
2025-02-15 00:14:12,016 INFO o.a.j.p.h.s.HTTPSamplerBase: Parser for text/xml is org.apache.jmeter.protocol.http.parser.LagartoBasedHtmlParser
2025-02-15 00:14:12,016 INFO o.a.j.p.h.s.HTTPSamplerBase: Parser for text/vnd.wap.wml is org.apache.jmeter.protocol.http.parser.RegexpHTMLParser
2025-02-15 00:14:12,016 INFO o.a.j.p.h.s.HTTPSamplerBase: Parser for text/css is org.apache.jmeter.protocol.http.parser.CssParser
2025-02-15 00:14:12,082 INFO o.a.j.JMeter: Creating summariser <summary>
2025-02-15 00:14:12,087 INFO o.a.j.r.d.ReportGenerator: ReportGenerator will use for Parsing the separator: ','
2025-02-15 00:14:12,088 INFO o.a.j.r.d.ReportGenerator: Will generate report at end of test from  results file: jmeter/logs/results_2025-02-15-00:14:10.log
2025-02-15 00:14:12,088 INFO o.a.j.r.d.ReportGenerator: Reading report generator properties from: /home/sre/apache-jmeter-5.6.3/bin/reportgenerator.properties
2025-02-15 00:14:12,089 INFO o.a.j.r.d.ReportGenerator: Merging with JMeter properties
2025-02-15 00:14:12,093 INFO o.a.j.r.c.ReportGeneratorConfiguration: Property 'jmeter.reportgenerator.temp_dir' not found, using default value 'temp' instead.
2025-02-15 00:14:12,096 INFO o.a.j.r.c.ReportGeneratorConfiguration: Property 'jmeter.reportgenerator.apdex_per_transaction' not found, using default value 'null' instead.
2025-02-15 00:14:12,096 INFO o.a.j.r.c.ReportGeneratorConfiguration: apdex_per_transaction is empty, not APDEX per transaction customization
2025-02-15 00:14:12,096 INFO o.a.j.r.c.ReportGeneratorConfiguration: Property 'jmeter.reportgenerator.sample_filter' not found, using default value 'null' instead.
2025-02-15 00:14:12,096 INFO o.a.j.r.c.ReportGeneratorConfiguration: Property 'jmeter.reportgenerator.report_title' not found, using default value 'null' instead.
2025-02-15 00:14:12,097 INFO o.a.j.r.c.ReportGeneratorConfiguration: Property 'jmeter.reportgenerator.start_date' not found, using default value 'null' instead.
2025-02-15 00:14:12,097 INFO o.a.j.r.c.ReportGeneratorConfiguration: Property 'jmeter.reportgenerator.end_date' not found, using default value 'null' instead.
2025-02-15 00:14:12,097 INFO o.a.j.r.c.ReportGeneratorConfiguration: Property 'jmeter.reportgenerator.date_format' not found, using default value 'null' instead.
2025-02-15 00:14:12,097 INFO o.a.j.r.c.ReportGeneratorConfiguration: Will use date range start date: null, end date: null
2025-02-15 00:14:12,102 INFO o.a.j.r.c.ReportGeneratorConfiguration: Property 'jmeter.reportgenerator.graph.totalTPS.exclude_controllers' not found, using default value 'false' instead.
2025-02-15 00:14:12,103 INFO o.a.j.r.c.ReportGeneratorConfiguration: Property 'jmeter.reportgenerator.graph.activeThreadsOverTime.exclude_controllers' not found, using default value 'false' instead.
2025-02-15 00:14:12,103 INFO o.a.j.r.c.ReportGeneratorConfiguration: Property 'jmeter.reportgenerator.graph.timeVsThreads.exclude_controllers' not found, using default value 'false' instead.
2025-02-15 00:14:12,103 INFO o.a.j.r.c.ReportGeneratorConfiguration: Property 'jmeter.reportgenerator.graph.responseTimeDistribution.exclude_controllers' not found, using default value 'false' instead.
2025-02-15 00:14:12,104 INFO o.a.j.r.c.ReportGeneratorConfiguration: Property 'jmeter.reportgenerator.graph.transactionsPerSecond.exclude_controllers' not found, using default value 'false' instead.
2025-02-15 00:14:12,104 INFO o.a.j.r.c.ReportGeneratorConfiguration: Property 'jmeter.reportgenerator.graph.responseTimePercentiles.exclude_controllers' not found, using default value 'false' instead.
2025-02-15 00:14:12,104 INFO o.a.j.r.c.ReportGeneratorConfiguration: Property 'jmeter.reportgenerator.graph.responseTimePercentilesOverTime.exclude_controllers' not found, using default value 'false' instead.
2025-02-15 00:14:12,104 INFO o.a.j.r.c.ReportGeneratorConfiguration: Property 'jmeter.reportgenerator.graph.responseTimesOverTime.exclude_controllers' not found, using default value 'false' instead.
2025-02-15 00:14:12,105 INFO o.a.j.r.c.ReportGeneratorConfiguration: Property 'jmeter.reportgenerator.graph.connectTimeOverTime.exclude_controllers' not found, using default value 'false' instead.
2025-02-15 00:14:12,105 INFO o.a.j.r.c.ReportGeneratorConfiguration: Property 'jmeter.reportgenerator.graph.latenciesOverTime.exclude_controllers' not found, using default value 'false' instead.
2025-02-15 00:14:12,106 INFO o.a.j.r.c.ReportGeneratorConfiguration: Property 'jmeter.reportgenerator.exporter.json.filters_only_sample_series' not found, using default value 'true' instead.
2025-02-15 00:14:12,106 INFO o.a.j.r.c.ReportGeneratorConfiguration: Property 'jmeter.reportgenerator.exporter.json.series_filter' not found, using default value '' instead.
2025-02-15 00:14:12,106 INFO o.a.j.r.c.ReportGeneratorConfiguration: Property 'jmeter.reportgenerator.exporter.json.show_controllers_only' not found, using default value 'false' instead.
2025-02-15 00:14:12,107 INFO o.a.j.r.c.ReportGeneratorConfiguration: Property 'jmeter.reportgenerator.exporter.html.filters_only_sample_series' not found, using default value 'true' instead.
2025-02-15 00:14:12,108 INFO o.a.j.r.c.ReportGeneratorConfiguration: Property 'jmeter.reportgenerator.exporter.html.series_filter' not found, using default value '' instead.
2025-02-15 00:14:12,108 INFO o.a.j.r.c.ReportGeneratorConfiguration: Property 'jmeter.reportgenerator.exporter.html.show_controllers_only' not found, using default value 'false' instead.
2025-02-15 00:14:12,125 INFO o.a.j.e.StandardJMeterEngine: Running the test!
2025-02-15 00:14:12,126 INFO o.a.j.s.SampleEvent: List of sample_variables: []
2025-02-15 00:14:12,127 INFO o.a.j.s.SampleEvent: List of sample_variables: []
2025-02-15 00:14:12,135 INFO o.a.j.e.u.CompoundVariable: Note: Function class names must contain the string: '.functions.'
2025-02-15 00:14:12,135 INFO o.a.j.e.u.CompoundVariable: Note: Function class names must not contain the string: '.gui.'
2025-02-15 00:14:12,334 INFO o.a.j.JMeter: Running test (1739578452333)
2025-02-15 00:14:12,372 INFO o.a.j.e.StandardJMeterEngine: Starting ThreadGroup: 1 : MainThreadGroup
2025-02-15 00:14:12,373 INFO o.a.j.e.StandardJMeterEngine: Starting 100 threads for group MainThreadGroup.
2025-02-15 00:14:12,373 INFO o.a.j.e.StandardJMeterEngine: Thread will continue on error
2025-02-15 00:14:12,374 INFO o.a.j.t.ThreadGroup: Starting thread group... number=1 threads=100 ramp-up=10 delayedStart=true
2025-02-15 00:14:12,378 INFO o.a.j.t.ThreadGroup: Started thread group number 1
2025-02-15 00:14:12,378 INFO o.a.j.e.StandardJMeterEngine: All thread groups have been started
2025-02-15 00:14:12,391 INFO o.a.j.t.JMeterThread: Thread started: MainThreadGroup 1-1
2025-02-15 00:14:12,495 INFO o.a.j.t.JMeterThread: Thread started: MainThreadGroup 1-2
2025-02-15 00:14:12,598 INFO o.a.j.t.JMeterThread: Thread started: MainThreadGroup 1-3
2025-02-15 00:14:12,706 INFO o.a.j.t.JMeterThread: Thread started: MainThreadGroup 1-4
2025-02-15 00:14:12,812 INFO o.a.j.t.JMeterThread: Thread started: MainThreadGroup 1-5
2025-02-15 00:14:12,823 INFO o.a.j.p.h.s.HTTPHCAbstractImpl: Local host = ubuntu
2025-02-15 00:14:12,833 INFO o.a.j.p.h.s.HTTPHC4Impl: HTTP request retry count = 0
2025-02-15 00:14:12,836 INFO o.a.j.s.SampleResult: Note: Sample TimeStamps are START times
2025-02-15 00:14:12,836 INFO o.a.j.s.SampleResult: sampleresult.default.encoding is set to UTF-8
2025-02-15 00:14:12,836 INFO o.a.j.s.SampleResult: sampleresult.useNanoTime=true
2025-02-15 00:14:12,836 INFO o.a.j.s.SampleResult: sampleresult.nanoThreadSleep=5000
2025-02-15 00:14:12,918 INFO o.a.j.t.JMeterThread: Thread started: MainThreadGroup 1-6
2025-02-15 00:14:13,023 INFO o.a.j.t.JMeterThread: Thread started: MainThreadGroup 1-7
2025-02-15 00:14:13,126 INFO o.a.j.t.JMeterThread: Thread started: MainThreadGroup 1-8
2025-02-15 00:14:13,229 INFO o.a.j.t.JMeterThread: Thread started: MainThreadGroup 1-9
2025-02-15 00:14:13,336 INFO o.a.j.t.JMeterThread: Thread started: MainThreadGroup 1-10
2025-02-15 00:14:13,439 INFO o.a.j.t.JMeterThread: Thread started: MainThreadGroup 1-11
2025-02-15 00:14:13,542 INFO o.a.j.t.JMeterThread: Thread started: MainThreadGroup 1-12
2025-02-15 00:14:13,644 INFO o.a.j.t.JMeterThread: Thread started: MainThreadGroup 1-13
2025-02-15 00:14:13,747 INFO o.a.j.t.JMeterThread: Thread started: MainThreadGroup 1-14
2025-02-15 00:14:13,848 INFO o.a.j.t.JMeterThread: Thread started: MainThreadGroup 1-15
2025-02-15 00:14:13,954 INFO o.a.j.t.JMeterThread: Thread started: MainThreadGroup 1-16
2025-02-15 00:14:14,057 INFO o.a.j.t.JMeterThread: Thread started: MainThreadGroup 1-17
2025-02-15 00:14:14,158 INFO o.a.j.t.JMeterThread: Thread started: MainThreadGroup 1-18
2025-02-15 00:14:14,263 INFO o.a.j.t.JMeterThread: Thread started: MainThreadGroup 1-19
2025-02-15 00:14:14,369 INFO o.a.j.t.JMeterThread: Thread started: MainThreadGroup 1-20
2025-02-15 00:14:14,476 INFO o.a.j.t.JMeterThread: Thread started: MainThreadGroup 1-21
2025-02-15 00:14:14,582 INFO o.a.j.t.JMeterThread: Thread started: MainThreadGroup 1-22
2025-02-15 00:14:14,699 INFO o.a.j.t.JMeterThread: Thread started: MainThreadGroup 1-23
2025-02-15 00:14:14,803 INFO o.a.j.t.JMeterThread: Thread started: MainThreadGroup 1-24
2025-02-15 00:14:14,910 INFO o.a.j.t.JMeterThread: Thread started: MainThreadGroup 1-25
2025-02-15 00:14:15,048 INFO o.a.j.t.JMeterThread: Thread started: MainThreadGroup 1-26
2025-02-15 00:14:15,160 INFO o.a.j.t.JMeterThread: Thread started: MainThreadGroup 1-27
2025-02-15 00:14:15,261 INFO o.a.j.t.JMeterThread: Thread started: MainThreadGroup 1-28
2025-02-15 00:14:15,391 INFO o.a.j.t.JMeterThread: Thread started: MainThreadGroup 1-29
2025-02-15 00:14:15,493 INFO o.a.j.t.JMeterThread: Thread started: MainThreadGroup 1-30
2025-02-15 00:14:15,613 INFO o.a.j.t.JMeterThread: Thread started: MainThreadGroup 1-31
2025-02-15 00:14:15,716 INFO o.a.j.t.JMeterThread: Thread started: MainThreadGroup 1-32
2025-02-15 00:14:15,810 INFO o.a.j.t.JMeterThread: Thread started: MainThreadGroup 1-33
2025-02-15 00:14:15,913 INFO o.a.j.t.JMeterThread: Thread started: MainThreadGroup 1-34
2025-02-15 00:14:16,013 INFO o.a.j.t.JMeterThread: Thread started: MainThreadGroup 1-35
2025-02-15 00:14:16,114 INFO o.a.j.t.JMeterThread: Thread started: MainThreadGroup 1-36
2025-02-15 00:14:16,218 INFO o.a.j.t.JMeterThread: Thread started: MainThreadGroup 1-37
2025-02-15 00:14:16,329 INFO o.a.j.t.JMeterThread: Thread started: MainThreadGroup 1-38
2025-02-15 00:14:16,429 INFO o.a.j.t.JMeterThread: Thread started: MainThreadGroup 1-39
2025-02-15 00:14:16,541 INFO o.a.j.t.JMeterThread: Thread started: MainThreadGroup 1-40
2025-02-15 00:14:16,642 INFO o.a.j.t.JMeterThread: Thread started: MainThreadGroup 1-41
2025-02-15 00:14:16,754 INFO o.a.j.t.JMeterThread: Thread started: MainThreadGroup 1-42
2025-02-15 00:14:16,863 INFO o.a.j.t.JMeterThread: Thread started: MainThreadGroup 1-43
2025-02-15 00:14:16,962 INFO o.a.j.t.JMeterThread: Thread started: MainThreadGroup 1-44
2025-02-15 00:14:17,061 INFO o.a.j.t.JMeterThread: Thread started: MainThreadGroup 1-45
2025-02-15 00:14:17,162 INFO o.a.j.t.JMeterThread: Thread started: MainThreadGroup 1-46
2025-02-15 00:14:17,273 INFO o.a.j.t.JMeterThread: Thread started: MainThreadGroup 1-47
2025-02-15 00:14:17,380 INFO o.a.j.t.JMeterThread: Thread started: MainThreadGroup 1-48
2025-02-15 00:14:17,482 INFO o.a.j.t.JMeterThread: Thread started: MainThreadGroup 1-49
2025-02-15 00:14:17,589 INFO o.a.j.t.JMeterThread: Thread started: MainThreadGroup 1-50
2025-02-15 00:14:17,692 INFO o.a.j.t.JMeterThread: Thread started: MainThreadGroup 1-51
2025-02-15 00:14:17,803 INFO o.a.j.t.JMeterThread: Thread started: MainThreadGroup 1-52
2025-02-15 00:14:17,905 INFO o.a.j.t.JMeterThread: Thread started: MainThreadGroup 1-53
2025-02-15 00:14:17,931 INFO o.a.j.t.JMeterThread: Thread is done: MainThreadGroup 1-15
2025-02-15 00:14:17,932 INFO o.a.j.t.JMeterThread: Thread finished: MainThreadGroup 1-15
2025-02-15 00:14:17,937 INFO o.a.j.t.JMeterThread: Thread is done: MainThreadGroup 1-10
2025-02-15 00:14:17,937 INFO o.a.j.t.JMeterThread: Thread finished: MainThreadGroup 1-10
2025-02-15 00:14:18,011 INFO o.a.j.t.JMeterThread: Thread started: MainThreadGroup 1-54
2025-02-15 00:14:18,066 INFO o.a.j.t.JMeterThread: Thread is done: MainThreadGroup 1-8
2025-02-15 00:14:18,066 INFO o.a.j.t.JMeterThread: Thread finished: MainThreadGroup 1-8
2025-02-15 00:14:18,111 INFO o.a.j.t.JMeterThread: Thread started: MainThreadGroup 1-55
2025-02-15 00:14:18,222 INFO o.a.j.t.JMeterThread: Thread started: MainThreadGroup 1-56
2025-02-15 00:14:18,293 INFO o.a.j.t.JMeterThread: Thread is done: MainThreadGroup 1-4
2025-02-15 00:14:18,295 INFO o.a.j.t.JMeterThread: Thread finished: MainThreadGroup 1-4
2025-02-15 00:14:18,320 INFO o.a.j.t.JMeterThread: Thread started: MainThreadGroup 1-57
2025-02-15 00:14:18,369 INFO o.a.j.t.JMeterThread: Thread is done: MainThreadGroup 1-13
2025-02-15 00:14:18,369 INFO o.a.j.t.JMeterThread: Thread finished: MainThreadGroup 1-13
2025-02-15 00:14:18,398 INFO o.a.j.t.JMeterThread: Thread is done: MainThreadGroup 1-11
2025-02-15 00:14:18,400 INFO o.a.j.t.JMeterThread: Thread finished: MainThreadGroup 1-11
2025-02-15 00:14:18,403 INFO o.a.j.t.JMeterThread: Thread is done: MainThreadGroup 1-7
2025-02-15 00:14:18,404 INFO o.a.j.t.JMeterThread: Thread finished: MainThreadGroup 1-7
2025-02-15 00:14:18,425 INFO o.a.j.t.JMeterThread: Thread started: MainThreadGroup 1-58
2025-02-15 00:14:18,482 INFO o.a.j.t.JMeterThread: Thread is done: MainThreadGroup 1-3
2025-02-15 00:14:18,483 INFO o.a.j.t.JMeterThread: Thread finished: MainThreadGroup 1-3
2025-02-15 00:14:18,490 INFO o.a.j.t.JMeterThread: Thread is done: MainThreadGroup 1-2
2025-02-15 00:14:18,490 INFO o.a.j.t.JMeterThread: Thread finished: MainThreadGroup 1-2
2025-02-15 00:14:18,519 INFO o.a.j.t.JMeterThread: Thread is done: MainThreadGroup 1-20
2025-02-15 00:14:18,519 INFO o.a.j.t.JMeterThread: Thread finished: MainThreadGroup 1-20
2025-02-15 00:14:18,520 INFO o.a.j.t.JMeterThread: Thread started: MainThreadGroup 1-59
2025-02-15 00:14:18,535 INFO o.a.j.t.JMeterThread: Thread is done: MainThreadGroup 1-14
2025-02-15 00:14:18,536 INFO o.a.j.t.JMeterThread: Thread finished: MainThreadGroup 1-14
2025-02-15 00:14:18,537 INFO o.a.j.t.JMeterThread: Thread is done: MainThreadGroup 1-17
2025-02-15 00:14:18,537 INFO o.a.j.t.JMeterThread: Thread finished: MainThreadGroup 1-17
2025-02-15 00:14:18,539 INFO o.a.j.t.JMeterThread: Thread is done: MainThreadGroup 1-1
2025-02-15 00:14:18,539 INFO o.a.j.t.JMeterThread: Thread finished: MainThreadGroup 1-1
2025-02-15 00:14:18,555 INFO o.a.j.t.JMeterThread: Thread is done: MainThreadGroup 1-9
2025-02-15 00:14:18,555 INFO o.a.j.t.JMeterThread: Thread finished: MainThreadGroup 1-9
2025-02-15 00:14:18,565 INFO o.a.j.t.JMeterThread: Thread is done: MainThreadGroup 1-18
2025-02-15 00:14:18,565 INFO o.a.j.t.JMeterThread: Thread finished: MainThreadGroup 1-18
2025-02-15 00:14:18,616 INFO o.a.j.t.JMeterThread: Thread is done: MainThreadGroup 1-5
2025-02-15 00:14:18,619 INFO o.a.j.t.JMeterThread: Thread started: MainThreadGroup 1-60
2025-02-15 00:14:18,620 INFO o.a.j.t.JMeterThread: Thread finished: MainThreadGroup 1-5
2025-02-15 00:14:18,721 INFO o.a.j.t.JMeterThread: Thread started: MainThreadGroup 1-61
2025-02-15 00:14:18,722 INFO o.a.j.t.JMeterThread: Thread is done: MainThreadGroup 1-12
2025-02-15 00:14:18,722 INFO o.a.j.t.JMeterThread: Thread finished: MainThreadGroup 1-12
2025-02-15 00:14:18,750 INFO o.a.j.t.JMeterThread: Thread is done: MainThreadGroup 1-19
2025-02-15 00:14:18,750 INFO o.a.j.t.JMeterThread: Thread finished: MainThreadGroup 1-19
2025-02-15 00:14:18,758 INFO o.a.j.t.JMeterThread: Thread is done: MainThreadGroup 1-16
2025-02-15 00:14:18,758 INFO o.a.j.t.JMeterThread: Thread finished: MainThreadGroup 1-16
2025-02-15 00:14:18,784 INFO o.a.j.t.JMeterThread: Thread is done: MainThreadGroup 1-6
2025-02-15 00:14:18,784 INFO o.a.j.t.JMeterThread: Thread finished: MainThreadGroup 1-6
2025-02-15 00:14:18,800 INFO o.a.j.t.JMeterThread: Thread is done: MainThreadGroup 1-22
2025-02-15 00:14:18,801 INFO o.a.j.t.JMeterThread: Thread finished: MainThreadGroup 1-22
2025-02-15 00:14:18,816 INFO o.a.j.t.JMeterThread: Thread started: MainThreadGroup 1-62
2025-02-15 00:14:18,918 INFO o.a.j.t.JMeterThread: Thread started: MainThreadGroup 1-63
2025-02-15 00:14:19,009 INFO o.a.j.t.JMeterThread: Thread is done: MainThreadGroup 1-25
2025-02-15 00:14:19,012 INFO o.a.j.t.JMeterThread: Thread finished: MainThreadGroup 1-25
2025-02-15 00:14:19,019 INFO o.a.j.t.JMeterThread: Thread started: MainThreadGroup 1-64
2025-02-15 00:14:19,053 INFO o.a.j.t.JMeterThread: Thread is done: MainThreadGroup 1-21
2025-02-15 00:14:19,053 INFO o.a.j.t.JMeterThread: Thread finished: MainThreadGroup 1-21
2025-02-15 00:14:19,073 INFO o.a.j.t.JMeterThread: Thread is done: MainThreadGroup 1-27
2025-02-15 00:14:19,074 INFO o.a.j.t.JMeterThread: Thread finished: MainThreadGroup 1-27
2025-02-15 00:14:19,088 INFO o.a.j.t.JMeterThread: Thread is done: MainThreadGroup 1-23
2025-02-15 00:14:19,089 INFO o.a.j.t.JMeterThread: Thread finished: MainThreadGroup 1-23
2025-02-15 00:14:19,099 INFO o.a.j.t.JMeterThread: Thread is done: MainThreadGroup 1-26
2025-02-15 00:14:19,099 INFO o.a.j.t.JMeterThread: Thread finished: MainThreadGroup 1-26
2025-02-15 00:14:19,112 INFO o.a.j.t.JMeterThread: Thread started: MainThreadGroup 1-65
2025-02-15 00:14:19,133 INFO o.a.j.t.JMeterThread: Thread is done: MainThreadGroup 1-24
2025-02-15 00:14:19,133 INFO o.a.j.t.JMeterThread: Thread finished: MainThreadGroup 1-24
2025-02-15 00:14:19,210 INFO o.a.j.t.JMeterThread: Thread started: MainThreadGroup 1-66
2025-02-15 00:14:19,297 INFO o.a.j.t.JMeterThread: Thread is done: MainThreadGroup 1-28
2025-02-15 00:14:19,300 INFO o.a.j.t.JMeterThread: Thread finished: MainThreadGroup 1-28
2025-02-15 00:14:19,310 INFO o.a.j.t.JMeterThread: Thread started: MainThreadGroup 1-67
2025-02-15 00:14:19,314 INFO o.a.j.t.JMeterThread: Thread is done: MainThreadGroup 1-30
2025-02-15 00:14:19,314 INFO o.a.j.t.JMeterThread: Thread finished: MainThreadGroup 1-30
2025-02-15 00:14:19,377 INFO o.a.j.t.JMeterThread: Thread is done: MainThreadGroup 1-29
2025-02-15 00:14:19,384 INFO o.a.j.t.JMeterThread: Thread finished: MainThreadGroup 1-29
2025-02-15 00:14:19,412 INFO o.a.j.t.JMeterThread: Thread started: MainThreadGroup 1-68
2025-02-15 00:14:19,477 INFO o.a.j.t.JMeterThread: Thread is done: MainThreadGroup 1-32
2025-02-15 00:14:19,478 INFO o.a.j.t.JMeterThread: Thread finished: MainThreadGroup 1-32
2025-02-15 00:14:19,510 INFO o.a.j.t.JMeterThread: Thread started: MainThreadGroup 1-69
2025-02-15 00:14:19,606 INFO o.a.j.t.JMeterThread: Thread started: MainThreadGroup 1-70
2025-02-15 00:14:19,625 INFO o.a.j.t.JMeterThread: Thread is done: MainThreadGroup 1-31
2025-02-15 00:14:19,625 INFO o.a.j.t.JMeterThread: Thread finished: MainThreadGroup 1-31
2025-02-15 00:14:19,706 INFO o.a.j.t.JMeterThread: Thread started: MainThreadGroup 1-71
2025-02-15 00:14:19,804 INFO o.a.j.t.JMeterThread: Thread started: MainThreadGroup 1-72
2025-02-15 00:14:19,841 INFO o.a.j.t.JMeterThread: Thread is done: MainThreadGroup 1-33
2025-02-15 00:14:19,841 INFO o.a.j.t.JMeterThread: Thread finished: MainThreadGroup 1-33
2025-02-15 00:14:19,902 INFO o.a.j.t.JMeterThread: Thread started: MainThreadGroup 1-73
2025-02-15 00:14:20,009 INFO o.a.j.t.JMeterThread: Thread started: MainThreadGroup 1-74
2025-02-15 00:14:20,082 INFO o.a.j.t.JMeterThread: Thread is done: MainThreadGroup 1-35
2025-02-15 00:14:20,088 INFO o.a.j.t.JMeterThread: Thread finished: MainThreadGroup 1-35
2025-02-15 00:14:20,101 INFO o.a.j.t.JMeterThread: Thread started: MainThreadGroup 1-75
2025-02-15 00:14:20,178 INFO o.a.j.t.JMeterThread: Thread is done: MainThreadGroup 1-34
2025-02-15 00:14:20,178 INFO o.a.j.t.JMeterThread: Thread finished: MainThreadGroup 1-34
2025-02-15 00:14:20,194 INFO o.a.j.t.JMeterThread: Thread started: MainThreadGroup 1-76
2025-02-15 00:14:20,206 INFO o.a.j.t.JMeterThread: Thread is done: MainThreadGroup 1-36
2025-02-15 00:14:20,207 INFO o.a.j.t.JMeterThread: Thread finished: MainThreadGroup 1-36
2025-02-15 00:14:20,287 INFO o.a.j.t.JMeterThread: Thread started: MainThreadGroup 1-77
2025-02-15 00:14:20,383 INFO o.a.j.t.JMeterThread: Thread started: MainThreadGroup 1-78
2025-02-15 00:14:20,438 INFO o.a.j.t.JMeterThread: Thread is done: MainThreadGroup 1-37
2025-02-15 00:14:20,438 INFO o.a.j.t.JMeterThread: Thread finished: MainThreadGroup 1-37
2025-02-15 00:14:20,475 INFO o.a.j.t.JMeterThread: Thread started: MainThreadGroup 1-79
2025-02-15 00:14:20,569 INFO o.a.j.t.JMeterThread: Thread started: MainThreadGroup 1-80
2025-02-15 00:14:20,662 INFO o.a.j.t.JMeterThread: Thread started: MainThreadGroup 1-81
2025-02-15 00:14:20,750 INFO o.a.j.t.JMeterThread: Thread is done: MainThreadGroup 1-40
2025-02-15 00:14:20,751 INFO o.a.j.t.JMeterThread: Thread finished: MainThreadGroup 1-40
2025-02-15 00:14:20,753 INFO o.a.j.t.JMeterThread: Thread is done: MainThreadGroup 1-38
2025-02-15 00:14:20,753 INFO o.a.j.t.JMeterThread: Thread finished: MainThreadGroup 1-38
2025-02-15 00:14:20,757 INFO o.a.j.t.JMeterThread: Thread started: MainThreadGroup 1-82
2025-02-15 00:14:20,794 INFO o.a.j.t.JMeterThread: Thread is done: MainThreadGroup 1-41
2025-02-15 00:14:20,794 INFO o.a.j.t.JMeterThread: Thread finished: MainThreadGroup 1-41
2025-02-15 00:14:20,833 INFO o.a.j.t.JMeterThread: Thread is done: MainThreadGroup 1-39
2025-02-15 00:14:20,833 INFO o.a.j.t.JMeterThread: Thread finished: MainThreadGroup 1-39
2025-02-15 00:14:20,857 INFO o.a.j.t.JMeterThread: Thread started: MainThreadGroup 1-83
2025-02-15 00:14:20,914 INFO o.a.j.t.JMeterThread: Thread is done: MainThreadGroup 1-43
2025-02-15 00:14:20,915 INFO o.a.j.t.JMeterThread: Thread finished: MainThreadGroup 1-43
2025-02-15 00:14:20,917 INFO o.a.j.t.JMeterThread: Thread is done: MainThreadGroup 1-42
2025-02-15 00:14:20,917 INFO o.a.j.t.JMeterThread: Thread finished: MainThreadGroup 1-42
2025-02-15 00:14:20,952 INFO o.a.j.t.JMeterThread: Thread started: MainThreadGroup 1-84
2025-02-15 00:14:21,046 INFO o.a.j.t.JMeterThread: Thread is done: MainThreadGroup 1-45
2025-02-15 00:14:21,046 INFO o.a.j.t.JMeterThread: Thread finished: MainThreadGroup 1-45
2025-02-15 00:14:21,047 INFO o.a.j.t.JMeterThread: Thread started: MainThreadGroup 1-85
2025-02-15 00:14:21,136 INFO o.a.j.t.JMeterThread: Thread started: MainThreadGroup 1-86
2025-02-15 00:14:21,165 INFO o.a.j.t.JMeterThread: Thread is done: MainThreadGroup 1-44
2025-02-15 00:14:21,166 INFO o.a.j.t.JMeterThread: Thread finished: MainThreadGroup 1-44
2025-02-15 00:14:21,234 INFO o.a.j.t.JMeterThread: Thread started: MainThreadGroup 1-87
2025-02-15 00:14:21,328 INFO o.a.j.t.JMeterThread: Thread started: MainThreadGroup 1-88
2025-02-15 00:14:21,431 INFO o.a.j.t.JMeterThread: Thread started: MainThreadGroup 1-89
2025-02-15 00:14:21,525 INFO o.a.j.t.JMeterThread: Thread started: MainThreadGroup 1-90
2025-02-15 00:14:21,588 INFO o.a.j.t.JMeterThread: Thread is done: MainThreadGroup 1-47
2025-02-15 00:14:21,589 INFO o.a.j.t.JMeterThread: Thread finished: MainThreadGroup 1-47
2025-02-15 00:14:21,615 INFO o.a.j.t.JMeterThread: Thread started: MainThreadGroup 1-91
2025-02-15 00:14:21,718 INFO o.a.j.t.JMeterThread: Thread started: MainThreadGroup 1-92
2025-02-15 00:14:21,804 INFO o.a.j.t.JMeterThread: Thread started: MainThreadGroup 1-93
2025-02-15 00:14:21,819 INFO o.a.j.t.JMeterThread: Thread is done: MainThreadGroup 1-49
2025-02-15 00:14:21,820 INFO o.a.j.t.JMeterThread: Thread finished: MainThreadGroup 1-49
2025-02-15 00:14:21,858 INFO o.a.j.t.JMeterThread: Thread is done: MainThreadGroup 1-46
2025-02-15 00:14:21,858 INFO o.a.j.t.JMeterThread: Thread finished: MainThreadGroup 1-46
2025-02-15 00:14:21,886 INFO o.a.j.t.JMeterThread: Thread started: MainThreadGroup 1-94
2025-02-15 00:14:21,976 INFO o.a.j.t.JMeterThread: Thread started: MainThreadGroup 1-95
2025-02-15 00:14:22,067 INFO o.a.j.t.JMeterThread: Thread started: MainThreadGroup 1-96
2025-02-15 00:14:22,082 INFO o.a.j.t.JMeterThread: Thread is done: MainThreadGroup 1-50
2025-02-15 00:14:22,083 INFO o.a.j.t.JMeterThread: Thread finished: MainThreadGroup 1-50
2025-02-15 00:14:22,097 INFO o.a.j.t.JMeterThread: Thread is done: MainThreadGroup 1-54
2025-02-15 00:14:22,097 INFO o.a.j.t.JMeterThread: Thread finished: MainThreadGroup 1-54
2025-02-15 00:14:22,130 INFO o.a.j.t.JMeterThread: Thread is done: MainThreadGroup 1-51
2025-02-15 00:14:22,132 INFO o.a.j.t.JMeterThread: Thread finished: MainThreadGroup 1-51
2025-02-15 00:14:22,149 INFO o.a.j.t.JMeterThread: Thread started: MainThreadGroup 1-97
2025-02-15 00:14:22,230 INFO o.a.j.t.JMeterThread: Thread started: MainThreadGroup 1-98
2025-02-15 00:14:22,259 INFO o.a.j.t.JMeterThread: Thread is done: MainThreadGroup 1-48
2025-02-15 00:14:22,259 INFO o.a.j.t.JMeterThread: Thread finished: MainThreadGroup 1-48
2025-02-15 00:14:22,293 INFO o.a.j.t.JMeterThread: Thread is done: MainThreadGroup 1-53
2025-02-15 00:14:22,293 INFO o.a.j.t.JMeterThread: Thread finished: MainThreadGroup 1-53
2025-02-15 00:14:22,310 INFO o.a.j.t.JMeterThread: Thread started: MainThreadGroup 1-99
2025-02-15 00:14:22,368 INFO o.a.j.t.JMeterThread: Thread is done: MainThreadGroup 1-52
2025-02-15 00:14:22,368 INFO o.a.j.t.JMeterThread: Thread finished: MainThreadGroup 1-52
2025-02-15 00:14:22,385 INFO o.a.j.t.JMeterThread: Thread started: MainThreadGroup 1-100
2025-02-15 00:14:22,409 INFO o.a.j.t.JMeterThread: Thread is done: MainThreadGroup 1-57
2025-02-15 00:14:22,410 INFO o.a.j.t.JMeterThread: Thread finished: MainThreadGroup 1-57
2025-02-15 00:14:22,499 INFO o.a.j.t.JMeterThread: Thread is done: MainThreadGroup 1-56
2025-02-15 00:14:22,499 INFO o.a.j.t.JMeterThread: Thread finished: MainThreadGroup 1-56
2025-02-15 00:14:22,518 INFO o.a.j.t.JMeterThread: Thread is done: MainThreadGroup 1-58
2025-02-15 00:14:22,518 INFO o.a.j.t.JMeterThread: Thread finished: MainThreadGroup 1-58
2025-02-15 00:14:22,519 INFO o.a.j.t.JMeterThread: Thread is done: MainThreadGroup 1-55
2025-02-15 00:14:22,519 INFO o.a.j.t.JMeterThread: Thread finished: MainThreadGroup 1-55
2025-02-15 00:14:22,700 INFO o.a.j.t.JMeterThread: Thread is done: MainThreadGroup 1-61
2025-02-15 00:14:22,701 INFO o.a.j.t.JMeterThread: Thread finished: MainThreadGroup 1-61
2025-02-15 00:14:22,822 INFO o.a.j.t.JMeterThread: Thread is done: MainThreadGroup 1-60
2025-02-15 00:14:22,824 INFO o.a.j.t.JMeterThread: Thread finished: MainThreadGroup 1-60
2025-02-15 00:14:22,828 INFO o.a.j.t.JMeterThread: Thread is done: MainThreadGroup 1-62
2025-02-15 00:14:22,828 INFO o.a.j.t.JMeterThread: Thread finished: MainThreadGroup 1-62
2025-02-15 00:14:22,975 INFO o.a.j.t.JMeterThread: Thread is done: MainThreadGroup 1-63
2025-02-15 00:14:22,976 INFO o.a.j.t.JMeterThread: Thread finished: MainThreadGroup 1-63
2025-02-15 00:14:23,175 INFO o.a.j.t.JMeterThread: Thread is done: MainThreadGroup 1-59
2025-02-15 00:14:23,175 INFO o.a.j.t.JMeterThread: Thread finished: MainThreadGroup 1-59
2025-02-15 00:14:23,203 INFO o.a.j.t.JMeterThread: Thread is done: MainThreadGroup 1-64
2025-02-15 00:14:23,203 INFO o.a.j.t.JMeterThread: Thread finished: MainThreadGroup 1-64
2025-02-15 00:14:23,443 INFO o.a.j.t.JMeterThread: Thread is done: MainThreadGroup 1-65
2025-02-15 00:14:23,443 INFO o.a.j.t.JMeterThread: Thread finished: MainThreadGroup 1-65
2025-02-15 00:14:23,458 INFO o.a.j.t.JMeterThread: Thread is done: MainThreadGroup 1-66
2025-02-15 00:14:23,458 INFO o.a.j.t.JMeterThread: Thread finished: MainThreadGroup 1-66
2025-02-15 00:14:23,465 INFO o.a.j.t.JMeterThread: Thread is done: MainThreadGroup 1-67
2025-02-15 00:14:23,465 INFO o.a.j.t.JMeterThread: Thread finished: MainThreadGroup 1-67
2025-02-15 00:14:23,879 INFO o.a.j.t.JMeterThread: Thread is done: MainThreadGroup 1-70
2025-02-15 00:14:23,879 INFO o.a.j.t.JMeterThread: Thread finished: MainThreadGroup 1-70
2025-02-15 00:14:23,976 INFO o.a.j.t.JMeterThread: Thread is done: MainThreadGroup 1-71
2025-02-15 00:14:23,976 INFO o.a.j.t.JMeterThread: Thread finished: MainThreadGroup 1-71
2025-02-15 00:14:24,042 INFO o.a.j.t.JMeterThread: Thread is done: MainThreadGroup 1-74
2025-02-15 00:14:24,043 INFO o.a.j.t.JMeterThread: Thread finished: MainThreadGroup 1-74
2025-02-15 00:14:24,065 INFO o.a.j.t.JMeterThread: Thread is done: MainThreadGroup 1-69
2025-02-15 00:14:24,067 INFO o.a.j.t.JMeterThread: Thread finished: MainThreadGroup 1-69
2025-02-15 00:14:24,085 INFO o.a.j.t.JMeterThread: Thread is done: MainThreadGroup 1-68
2025-02-15 00:14:24,085 INFO o.a.j.t.JMeterThread: Thread finished: MainThreadGroup 1-68
2025-02-15 00:14:24,093 INFO o.a.j.t.JMeterThread: Thread is done: MainThreadGroup 1-73
2025-02-15 00:14:24,093 INFO o.a.j.t.JMeterThread: Thread finished: MainThreadGroup 1-73
2025-02-15 00:14:24,099 INFO o.a.j.t.JMeterThread: Thread is done: MainThreadGroup 1-72
2025-02-15 00:14:24,099 INFO o.a.j.t.JMeterThread: Thread finished: MainThreadGroup 1-72
2025-02-15 00:14:24,301 INFO o.a.j.t.JMeterThread: Thread is done: MainThreadGroup 1-76
2025-02-15 00:14:24,301 INFO o.a.j.t.JMeterThread: Thread finished: MainThreadGroup 1-76
2025-02-15 00:14:24,302 INFO o.a.j.t.JMeterThread: Thread is done: MainThreadGroup 1-77
2025-02-15 00:14:24,302 INFO o.a.j.t.JMeterThread: Thread finished: MainThreadGroup 1-77
2025-02-15 00:14:24,364 INFO o.a.j.t.JMeterThread: Thread is done: MainThreadGroup 1-75
2025-02-15 00:14:24,364 INFO o.a.j.t.JMeterThread: Thread finished: MainThreadGroup 1-75
2025-02-15 00:14:24,442 INFO o.a.j.t.JMeterThread: Thread is done: MainThreadGroup 1-80
2025-02-15 00:14:24,442 INFO o.a.j.t.JMeterThread: Thread finished: MainThreadGroup 1-80
2025-02-15 00:14:24,443 INFO o.a.j.t.JMeterThread: Thread is done: MainThreadGroup 1-78
2025-02-15 00:14:24,444 INFO o.a.j.t.JMeterThread: Thread finished: MainThreadGroup 1-78
2025-02-15 00:14:24,510 INFO o.a.j.t.JMeterThread: Thread is done: MainThreadGroup 1-82
2025-02-15 00:14:24,510 INFO o.a.j.t.JMeterThread: Thread finished: MainThreadGroup 1-82
2025-02-15 00:14:24,520 INFO o.a.j.t.JMeterThread: Thread is done: MainThreadGroup 1-79
2025-02-15 00:14:24,522 INFO o.a.j.t.JMeterThread: Thread finished: MainThreadGroup 1-79
2025-02-15 00:14:24,565 INFO o.a.j.t.JMeterThread: Thread is done: MainThreadGroup 1-81
2025-02-15 00:14:24,565 INFO o.a.j.t.JMeterThread: Thread finished: MainThreadGroup 1-81
2025-02-15 00:14:24,770 INFO o.a.j.t.JMeterThread: Thread is done: MainThreadGroup 1-83
2025-02-15 00:14:24,770 INFO o.a.j.t.JMeterThread: Thread finished: MainThreadGroup 1-83
2025-02-15 00:14:25,007 INFO o.a.j.t.JMeterThread: Thread is done: MainThreadGroup 1-84
2025-02-15 00:14:25,007 INFO o.a.j.t.JMeterThread: Thread finished: MainThreadGroup 1-84
2025-02-15 00:14:25,042 INFO o.a.j.t.JMeterThread: Thread is done: MainThreadGroup 1-85
2025-02-15 00:14:25,042 INFO o.a.j.t.JMeterThread: Thread finished: MainThreadGroup 1-85
2025-02-15 00:14:25,290 INFO o.a.j.t.JMeterThread: Thread is done: MainThreadGroup 1-89
2025-02-15 00:14:25,290 INFO o.a.j.t.JMeterThread: Thread finished: MainThreadGroup 1-89
2025-02-15 00:14:25,306 INFO o.a.j.t.JMeterThread: Thread is done: MainThreadGroup 1-88
2025-02-15 00:14:25,306 INFO o.a.j.t.JMeterThread: Thread finished: MainThreadGroup 1-88
2025-02-15 00:14:25,406 INFO o.a.j.t.JMeterThread: Thread is done: MainThreadGroup 1-90
2025-02-15 00:14:25,406 INFO o.a.j.t.JMeterThread: Thread finished: MainThreadGroup 1-90
2025-02-15 00:14:25,408 INFO o.a.j.t.JMeterThread: Thread is done: MainThreadGroup 1-87
2025-02-15 00:14:25,408 INFO o.a.j.t.JMeterThread: Thread finished: MainThreadGroup 1-87
2025-02-15 00:14:25,593 INFO o.a.j.t.JMeterThread: Thread is done: MainThreadGroup 1-91
2025-02-15 00:14:25,593 INFO o.a.j.t.JMeterThread: Thread finished: MainThreadGroup 1-91
2025-02-15 00:14:25,593 INFO o.a.j.t.JMeterThread: Thread is done: MainThreadGroup 1-92
2025-02-15 00:14:25,594 INFO o.a.j.t.JMeterThread: Thread finished: MainThreadGroup 1-92
2025-02-15 00:14:25,594 INFO o.a.j.t.JMeterThread: Thread is done: MainThreadGroup 1-93
2025-02-15 00:14:25,595 INFO o.a.j.t.JMeterThread: Thread finished: MainThreadGroup 1-93
2025-02-15 00:14:25,652 INFO o.a.j.t.JMeterThread: Thread is done: MainThreadGroup 1-86
2025-02-15 00:14:25,652 INFO o.a.j.t.JMeterThread: Thread finished: MainThreadGroup 1-86
2025-02-15 00:14:25,660 INFO o.a.j.t.JMeterThread: Thread is done: MainThreadGroup 1-95
2025-02-15 00:14:25,660 INFO o.a.j.t.JMeterThread: Thread finished: MainThreadGroup 1-95
2025-02-15 00:14:25,701 INFO o.a.j.t.JMeterThread: Thread is done: MainThreadGroup 1-94
2025-02-15 00:14:25,701 INFO o.a.j.t.JMeterThread: Thread finished: MainThreadGroup 1-94
2025-02-15 00:14:25,735 INFO o.a.j.t.JMeterThread: Thread is done: MainThreadGroup 1-96
2025-02-15 00:14:25,735 INFO o.a.j.t.JMeterThread: Thread finished: MainThreadGroup 1-96
2025-02-15 00:14:25,927 INFO o.a.j.t.JMeterThread: Thread is done: MainThreadGroup 1-97
2025-02-15 00:14:25,927 INFO o.a.j.t.JMeterThread: Thread finished: MainThreadGroup 1-97
2025-02-15 00:14:26,121 INFO o.a.j.t.JMeterThread: Thread is done: MainThreadGroup 1-98
2025-02-15 00:14:26,122 INFO o.a.j.t.JMeterThread: Thread finished: MainThreadGroup 1-98
2025-02-15 00:14:26,142 INFO o.a.j.t.JMeterThread: Thread is done: MainThreadGroup 1-99
2025-02-15 00:14:26,142 INFO o.a.j.t.JMeterThread: Thread finished: MainThreadGroup 1-99
2025-02-15 00:14:26,441 INFO o.a.j.t.JMeterThread: Thread is done: MainThreadGroup 1-100
2025-02-15 00:14:26,441 INFO o.a.j.t.JMeterThread: Thread finished: MainThreadGroup 1-100
2025-02-15 00:14:26,442 INFO o.a.j.e.StandardJMeterEngine: Notifying test listeners of end of test
2025-02-15 00:14:26,448 INFO o.a.j.r.Summariser: summary =    800 in 00:00:14 =   56.7/s Avg:   136 Min:     0 Max:  1609 Err:     5 (0.62%)
2025-02-15 00:14:26,449 INFO o.a.j.JMeter: Generating Dashboard
2025-02-15 00:14:26,449 INFO o.a.j.r.d.ReportGenerator: Flushing result collector before report Generation
2025-02-15 00:14:26,466 INFO o.a.j.r.p.NormalizerSampleConsumer: Using format, 'ms', to parse timeStamp field
2025-02-15 00:14:26,666 INFO o.a.j.r.p.AbstractSampleConsumer: class org.apache.jmeter.report.processor.AggregateConsumer#stopProducing(): beginDate produced 0 samples
2025-02-15 00:14:26,666 INFO o.a.j.r.p.AbstractSampleConsumer: class org.apache.jmeter.report.processor.AggregateConsumer#stopProducing(): endDate produced 0 samples
2025-02-15 00:14:26,668 INFO o.a.j.r.p.AbstractSampleConsumer: class org.apache.jmeter.report.processor.ApdexSummaryConsumer#stopProducing(): apdexSummary produced 0 samples
2025-02-15 00:14:26,668 INFO o.a.j.r.p.AbstractSampleConsumer: class org.apache.jmeter.report.processor.RequestsSummaryConsumer#stopProducing(): requestsSummary produced 0 samples
2025-02-15 00:14:26,677 INFO o.a.j.r.p.AbstractSampleConsumer: class org.apache.jmeter.report.processor.StatisticsSummaryConsumer#stopProducing(): statisticsSummary produced 0 samples
2025-02-15 00:14:26,679 INFO o.a.j.r.p.AbstractSampleConsumer: class org.apache.jmeter.report.processor.Top5ErrorsBySamplerConsumer#stopProducing(): top5ErrorsBySampler produced 0 samples
2025-02-15 00:14:26,680 INFO o.a.j.r.p.AbstractSampleConsumer: class org.apache.jmeter.report.processor.ErrorsSummaryConsumer#stopProducing(): errorsSummary produced 0 samples
2025-02-15 00:14:26,680 INFO o.a.j.r.p.AbstractSampleConsumer: class org.apache.jmeter.report.processor.graph.impl.HitsPerSecondGraphConsumer#stopProducing(): hitsPerSecond produced 0 samples
2025-02-15 00:14:26,714 INFO o.a.j.r.p.AbstractSampleConsumer: class org.apache.jmeter.report.processor.graph.impl.LatencyVSRequestGraphConsumer#stopProducing(): latencyVsRequest produced 0 samples
2025-02-15 00:14:26,715 INFO o.a.j.r.p.AbstractSampleConsumer: class org.apache.jmeter.report.processor.graph.impl.SyntheticResponseTimeDistributionGraphConsumer#stopProducing(): syntheticResponseTimeDistribution produced 0 samples
2025-02-15 00:14:26,715 INFO o.a.j.r.p.AbstractSampleConsumer: class org.apache.jmeter.report.processor.graph.impl.BytesThroughputGraphConsumer#stopProducing(): bytesThroughputOverTime produced 0 samples
2025-02-15 00:14:26,715 INFO o.a.j.r.p.AbstractSampleConsumer: class org.apache.jmeter.report.processor.graph.impl.CodesPerSecondGraphConsumer#stopProducing(): codesPerSecond produced 0 samples
2025-02-15 00:14:26,735 INFO o.a.j.r.p.AbstractSampleConsumer: class org.apache.jmeter.report.processor.graph.impl.ResponseTimeVSRequestGraphConsumer#stopProducing(): responseTimeVsRequest produced 0 samples
2025-02-15 00:14:26,736 INFO o.a.j.r.p.AbstractSampleConsumer: class org.apache.jmeter.report.processor.FilterConsumer#stopProducing(): startIntervalControlerFilter produced 9730 samples
2025-02-15 00:14:26,736 INFO o.a.j.r.p.AbstractSampleConsumer: class org.apache.jmeter.report.processor.graph.impl.TotalTPSGraphConsumer#stopProducing(): totalTPS produced 0 samples
2025-02-15 00:14:26,737 INFO o.a.j.r.p.AbstractSampleConsumer: class org.apache.jmeter.report.processor.graph.impl.ActiveThreadsGraphConsumer#stopProducing(): activeThreadsOverTime produced 0 samples
2025-02-15 00:14:26,737 INFO o.a.j.r.p.AbstractSampleConsumer: class org.apache.jmeter.report.processor.graph.impl.TimeVSThreadGraphConsumer#stopProducing(): timeVsThreads produced 0 samples
2025-02-15 00:14:26,739 INFO o.a.j.r.p.AbstractSampleConsumer: class org.apache.jmeter.report.processor.graph.impl.ResponseTimeDistributionGraphConsumer#stopProducing(): responseTimeDistribution produced 0 samples
2025-02-15 00:14:26,739 INFO o.a.j.r.p.AbstractSampleConsumer: class org.apache.jmeter.report.processor.graph.impl.TransactionsPerSecondGraphConsumer#stopProducing(): transactionsPerSecond produced 0 samples
2025-02-15 00:14:26,739 INFO o.a.j.r.p.AbstractSampleConsumer: class org.apache.jmeter.report.processor.graph.impl.ResponseTimePercentilesGraphConsumer#stopProducing(): responseTimePercentiles produced 0 samples
2025-02-15 00:14:26,746 INFO o.a.j.r.p.AbstractSampleConsumer: class org.apache.jmeter.report.processor.graph.impl.ResponseTimePercentilesOverTimeGraphConsumer#stopProducing(): responseTimePercentilesOverTime produced 0 samples
2025-02-15 00:14:26,747 INFO o.a.j.r.p.AbstractSampleConsumer: class org.apache.jmeter.report.processor.graph.impl.ResponseTimeOverTimeGraphConsumer#stopProducing(): responseTimesOverTime produced 0 samples
2025-02-15 00:14:26,747 INFO o.a.j.r.p.AbstractSampleConsumer: class org.apache.jmeter.report.processor.graph.impl.ConnectTimeOverTimeGraphConsumer#stopProducing(): connectTimeOverTime produced 0 samples
2025-02-15 00:14:26,747 INFO o.a.j.r.p.AbstractSampleConsumer: class org.apache.jmeter.report.processor.graph.impl.LatencyOverTimeGraphConsumer#stopProducing(): latenciesOverTime produced 0 samples
2025-02-15 00:14:26,748 INFO o.a.j.r.p.AbstractSampleConsumer: class org.apache.jmeter.report.processor.FilterConsumer#stopProducing(): nameFilter produced 20850 samples
2025-02-15 00:14:26,748 INFO o.a.j.r.p.AbstractSampleConsumer: class org.apache.jmeter.report.processor.FilterConsumer#stopProducing(): dateRangeFilter produced 4170 samples
2025-02-15 00:14:26,748 INFO o.a.j.r.p.AbstractSampleConsumer: class org.apache.jmeter.report.processor.NormalizerSampleConsumer#stopProducing(): normalizer produced 1390 samples
2025-02-15 00:14:26,748 INFO o.a.j.r.p.CsvFileSampleSource: produce(): 1390 samples produced in 242ms on channel 0
2025-02-15 00:14:26,748 INFO o.a.j.r.d.ReportGenerator: Exporting data using exporter:'json' of className:'org.apache.jmeter.report.dashboard.JsonExporter'
2025-02-15 00:14:26,827 INFO o.a.j.r.d.JsonExporter: Found data for consumer statisticsSummary in context
2025-02-15 00:14:26,827 INFO o.a.j.r.d.JsonExporter: Creating statistics for overall
2025-02-15 00:14:26,828 INFO o.a.j.r.d.JsonExporter: Creating statistics for other transactions
2025-02-15 00:14:26,828 INFO o.a.j.r.d.JsonExporter: Checking output folder
2025-02-15 00:14:26,828 INFO o.a.j.r.d.JsonExporter: Writing statistics JSON to /home/sre/java_projects/book-order-app/jmeter/results_2025-02-15-00:14:10/statistics.json
2025-02-15 00:14:26,963 INFO o.a.j.r.d.ReportGenerator: Exporting data using exporter:'html' of className:'org.apache.jmeter.report.dashboard.HtmlTemplateExporter'
2025-02-15 00:14:26,972 INFO o.a.j.r.d.HtmlTemplateExporter: Will generate dashboard in folder: /home/sre/java_projects/book-order-app/jmeter/results_2025-02-15-00:14:10
2025-02-15 00:14:27,129 INFO o.a.j.r.d.HtmlTemplateExporter: Report will be generated in: /home/sre/java_projects/book-order-app/jmeter/results_2025-02-15-00:14:10, creating folder structure
2025-02-15 00:14:27,132 INFO o.a.j.r.d.TemplateVisitor: Copying folder from '/home/sre/apache-jmeter-5.6.3/bin/report-template' to '/home/sre/java_projects/book-order-app/jmeter/results_2025-02-15-00:14:10', got message: /home/sre/java_projects/book-order-app/jmeter/results_2025-02-15-00:14:10, found non empty folder with following content [/home/sre/java_projects/book-order-app/jmeter/results_2025-02-15-00:14:10/statistics.json], will be ignored
2025-02-15 00:14:27,469 INFO o.a.j.JMeter: Dashboard generated
