2025-02-15 00:40:15,087 INFO o.a.j.u.JMeterUtils: Setting Locale to en_EN
2025-02-15 00:40:15,116 INFO o.a.j.JMeter: Loading user properties from: /home/sre/apache-jmeter-5.6.3/bin/user.properties
2025-02-15 00:40:15,116 INFO o.a.j.JMeter: Loading system properties from: /home/sre/apache-jmeter-5.6.3/bin/system.properties
2025-02-15 00:40:15,123 INFO o.a.j.JMeter: Copyright (c) 1998-2024 The Apache Software Foundation
2025-02-15 00:40:15,123 INFO o.a.j.JMeter: Version 5.6.3
2025-02-15 00:40:15,123 INFO o.a.j.JMeter: java.version=21.0.6
2025-02-15 00:40:15,123 INFO o.a.j.JMeter: java.vm.name=OpenJDK 64-Bit Server VM
2025-02-15 00:40:15,124 INFO o.a.j.JMeter: os.name=Linux
2025-02-15 00:40:15,124 INFO o.a.j.JMeter: os.arch=amd64
2025-02-15 00:40:15,124 INFO o.a.j.JMeter: os.version=6.8.0-53-generic
2025-02-15 00:40:15,124 INFO o.a.j.JMeter: file.encoding=UTF-8
2025-02-15 00:40:15,124 INFO o.a.j.JMeter: java.awt.headless=true
2025-02-15 00:40:15,124 INFO o.a.j.JMeter: Max memory     =1073741824
2025-02-15 00:40:15,124 INFO o.a.j.JMeter: Available Processors =4
2025-02-15 00:40:15,137 INFO o.a.j.JMeter: Default Locale=English (EN)
2025-02-15 00:40:15,138 INFO o.a.j.JMeter: JMeter  Locale=English (EN)
2025-02-15 00:40:15,138 INFO o.a.j.JMeter: JMeterHome=/home/sre/apache-jmeter-5.6.3
2025-02-15 00:40:15,138 INFO o.a.j.JMeter: user.dir  =/home/sre/java_projects/book-order-app
2025-02-15 00:40:15,138 INFO o.a.j.JMeter: PWD       =/home/sre/java_projects/book-order-app
2025-02-15 00:40:15,139 INFO o.a.j.JMeter: IP: 127.0.1.1 Name: ubuntu FullName: ubuntu
2025-02-15 00:40:15,156 INFO o.a.j.JMeter: Setting property 'jmeter.reportgenerator.outputdir' to:'/home/sre/java_projects/book-order-app/jmeter/results/results_2025-02-15-00:40:13'
2025-02-15 00:40:15,159 INFO o.a.j.s.FileServer: Default base='/home/sre/java_projects/book-order-app'
2025-02-15 00:40:15,161 INFO o.a.j.s.FileServer: Set new base='/home/sre/java_projects/book-order-app/jmeter/plans'
2025-02-15 00:40:15,430 INFO o.a.j.s.SaveService: Testplan (JMX) version: 2.2. Testlog (JTL) version: 2.2
2025-02-15 00:40:15,474 INFO o.a.j.s.SaveService: Using SaveService properties version 5.0
2025-02-15 00:40:15,481 INFO o.a.j.s.SaveService: Using SaveService properties file encoding UTF-8
2025-02-15 00:40:15,487 INFO o.a.j.s.SaveService: Loading file: jmeter/plans/BookOrderAppTestPlan.jmx
2025-02-15 00:40:15,564 INFO o.a.j.p.h.s.HTTPSamplerBase: Parser for text/html is org.apache.jmeter.protocol.http.parser.LagartoBasedHtmlParser
2025-02-15 00:40:15,564 INFO o.a.j.p.h.s.HTTPSamplerBase: Parser for application/xhtml+xml is org.apache.jmeter.protocol.http.parser.LagartoBasedHtmlParser
2025-02-15 00:40:15,564 INFO o.a.j.p.h.s.HTTPSamplerBase: Parser for application/xml is org.apache.jmeter.protocol.http.parser.LagartoBasedHtmlParser
2025-02-15 00:40:15,565 INFO o.a.j.p.h.s.HTTPSamplerBase: Parser for text/xml is org.apache.jmeter.protocol.http.parser.LagartoBasedHtmlParser
2025-02-15 00:40:15,565 INFO o.a.j.p.h.s.HTTPSamplerBase: Parser for text/vnd.wap.wml is org.apache.jmeter.protocol.http.parser.RegexpHTMLParser
2025-02-15 00:40:15,565 INFO o.a.j.p.h.s.HTTPSamplerBase: Parser for text/css is org.apache.jmeter.protocol.http.parser.CssParser
2025-02-15 00:40:15,627 INFO o.a.j.JMeter: Creating summariser <summary>
2025-02-15 00:40:15,633 INFO o.a.j.r.d.ReportGenerator: ReportGenerator will use for Parsing the separator: ','
2025-02-15 00:40:15,633 INFO o.a.j.r.d.ReportGenerator: Will generate report at end of test from  results file: jmeter/logs/results_2025-02-15-00:40:13.log
2025-02-15 00:40:15,633 INFO o.a.j.r.d.ReportGenerator: Reading report generator properties from: /home/sre/apache-jmeter-5.6.3/bin/reportgenerator.properties
2025-02-15 00:40:15,635 INFO o.a.j.r.d.ReportGenerator: Merging with JMeter properties
2025-02-15 00:40:15,639 INFO o.a.j.r.c.ReportGeneratorConfiguration: Property 'jmeter.reportgenerator.temp_dir' not found, using default value 'temp' instead.
2025-02-15 00:40:15,641 INFO o.a.j.r.c.ReportGeneratorConfiguration: Property 'jmeter.reportgenerator.apdex_per_transaction' not found, using default value 'null' instead.
2025-02-15 00:40:15,642 INFO o.a.j.r.c.ReportGeneratorConfiguration: apdex_per_transaction is empty, not APDEX per transaction customization
2025-02-15 00:40:15,642 INFO o.a.j.r.c.ReportGeneratorConfiguration: Property 'jmeter.reportgenerator.sample_filter' not found, using default value 'null' instead.
2025-02-15 00:40:15,642 INFO o.a.j.r.c.ReportGeneratorConfiguration: Property 'jmeter.reportgenerator.report_title' not found, using default value 'null' instead.
2025-02-15 00:40:15,642 INFO o.a.j.r.c.ReportGeneratorConfiguration: Property 'jmeter.reportgenerator.start_date' not found, using default value 'null' instead.
2025-02-15 00:40:15,642 INFO o.a.j.r.c.ReportGeneratorConfiguration: Property 'jmeter.reportgenerator.end_date' not found, using default value 'null' instead.
2025-02-15 00:40:15,642 INFO o.a.j.r.c.ReportGeneratorConfiguration: Property 'jmeter.reportgenerator.date_format' not found, using default value 'null' instead.
2025-02-15 00:40:15,642 INFO o.a.j.r.c.ReportGeneratorConfiguration: Will use date range start date: null, end date: null
2025-02-15 00:40:15,647 INFO o.a.j.r.c.ReportGeneratorConfiguration: Property 'jmeter.reportgenerator.graph.totalTPS.exclude_controllers' not found, using default value 'false' instead.
2025-02-15 00:40:15,648 INFO o.a.j.r.c.ReportGeneratorConfiguration: Property 'jmeter.reportgenerator.graph.activeThreadsOverTime.exclude_controllers' not found, using default value 'false' instead.
2025-02-15 00:40:15,648 INFO o.a.j.r.c.ReportGeneratorConfiguration: Property 'jmeter.reportgenerator.graph.timeVsThreads.exclude_controllers' not found, using default value 'false' instead.
2025-02-15 00:40:15,648 INFO o.a.j.r.c.ReportGeneratorConfiguration: Property 'jmeter.reportgenerator.graph.responseTimeDistribution.exclude_controllers' not found, using default value 'false' instead.
2025-02-15 00:40:15,648 INFO o.a.j.r.c.ReportGeneratorConfiguration: Property 'jmeter.reportgenerator.graph.transactionsPerSecond.exclude_controllers' not found, using default value 'false' instead.
2025-02-15 00:40:15,648 INFO o.a.j.r.c.ReportGeneratorConfiguration: Property 'jmeter.reportgenerator.graph.responseTimePercentiles.exclude_controllers' not found, using default value 'false' instead.
2025-02-15 00:40:15,649 INFO o.a.j.r.c.ReportGeneratorConfiguration: Property 'jmeter.reportgenerator.graph.responseTimePercentilesOverTime.exclude_controllers' not found, using default value 'false' instead.
2025-02-15 00:40:15,649 INFO o.a.j.r.c.ReportGeneratorConfiguration: Property 'jmeter.reportgenerator.graph.responseTimesOverTime.exclude_controllers' not found, using default value 'false' instead.
2025-02-15 00:40:15,649 INFO o.a.j.r.c.ReportGeneratorConfiguration: Property 'jmeter.reportgenerator.graph.connectTimeOverTime.exclude_controllers' not found, using default value 'false' instead.
2025-02-15 00:40:15,649 INFO o.a.j.r.c.ReportGeneratorConfiguration: Property 'jmeter.reportgenerator.graph.latenciesOverTime.exclude_controllers' not found, using default value 'false' instead.
2025-02-15 00:40:15,650 INFO o.a.j.r.c.ReportGeneratorConfiguration: Property 'jmeter.reportgenerator.exporter.json.filters_only_sample_series' not found, using default value 'true' instead.
2025-02-15 00:40:15,651 INFO o.a.j.r.c.ReportGeneratorConfiguration: Property 'jmeter.reportgenerator.exporter.json.series_filter' not found, using default value '' instead.
2025-02-15 00:40:15,651 INFO o.a.j.r.c.ReportGeneratorConfiguration: Property 'jmeter.reportgenerator.exporter.json.show_controllers_only' not found, using default value 'false' instead.
2025-02-15 00:40:15,652 INFO o.a.j.r.c.ReportGeneratorConfiguration: Property 'jmeter.reportgenerator.exporter.html.filters_only_sample_series' not found, using default value 'true' instead.
2025-02-15 00:40:15,652 INFO o.a.j.r.c.ReportGeneratorConfiguration: Property 'jmeter.reportgenerator.exporter.html.series_filter' not found, using default value '' instead.
2025-02-15 00:40:15,652 INFO o.a.j.r.c.ReportGeneratorConfiguration: Property 'jmeter.reportgenerator.exporter.html.show_controllers_only' not found, using default value 'false' instead.
2025-02-15 00:40:15,671 INFO o.a.j.e.StandardJMeterEngine: Running the test!
2025-02-15 00:40:15,672 INFO o.a.j.s.SampleEvent: List of sample_variables: []
2025-02-15 00:40:15,673 INFO o.a.j.s.SampleEvent: List of sample_variables: []
2025-02-15 00:40:15,679 INFO o.a.j.e.u.CompoundVariable: Note: Function class names must contain the string: '.functions.'
2025-02-15 00:40:15,679 INFO o.a.j.e.u.CompoundVariable: Note: Function class names must not contain the string: '.gui.'
2025-02-15 00:40:15,875 INFO o.a.j.JMeter: Running test (1739580015875)
2025-02-15 00:40:15,913 INFO o.a.j.e.StandardJMeterEngine: Starting ThreadGroup: 1 : MainThreadGroup
2025-02-15 00:40:15,914 INFO o.a.j.e.StandardJMeterEngine: Starting 100 threads for group MainThreadGroup.
2025-02-15 00:40:15,914 INFO o.a.j.e.StandardJMeterEngine: Thread will continue on error
2025-02-15 00:40:15,915 INFO o.a.j.t.ThreadGroup: Starting thread group... number=1 threads=100 ramp-up=10 delayedStart=true
2025-02-15 00:40:15,919 INFO o.a.j.t.ThreadGroup: Started thread group number 1
2025-02-15 00:40:15,919 INFO o.a.j.e.StandardJMeterEngine: All thread groups have been started
2025-02-15 00:40:15,932 INFO o.a.j.t.JMeterThread: Thread started: MainThreadGroup 1-1
2025-02-15 00:40:16,036 INFO o.a.j.t.JMeterThread: Thread started: MainThreadGroup 1-2
2025-02-15 00:40:16,141 INFO o.a.j.t.JMeterThread: Thread started: MainThreadGroup 1-3
2025-02-15 00:40:16,244 INFO o.a.j.t.JMeterThread: Thread started: MainThreadGroup 1-4
2025-02-15 00:40:16,355 INFO o.a.j.t.JMeterThread: Thread started: MainThreadGroup 1-5
2025-02-15 00:40:16,371 INFO o.a.j.p.h.s.HTTPHCAbstractImpl: Local host = ubuntu
2025-02-15 00:40:16,381 INFO o.a.j.p.h.s.HTTPHC4Impl: HTTP request retry count = 0
2025-02-15 00:40:16,385 INFO o.a.j.s.SampleResult: Note: Sample TimeStamps are START times
2025-02-15 00:40:16,386 INFO o.a.j.s.SampleResult: sampleresult.default.encoding is set to UTF-8
2025-02-15 00:40:16,386 INFO o.a.j.s.SampleResult: sampleresult.useNanoTime=true
2025-02-15 00:40:16,387 INFO o.a.j.s.SampleResult: sampleresult.nanoThreadSleep=5000
2025-02-15 00:40:16,463 INFO o.a.j.t.JMeterThread: Thread started: MainThreadGroup 1-6
2025-02-15 00:40:16,569 INFO o.a.j.t.JMeterThread: Thread started: MainThreadGroup 1-7
2025-02-15 00:40:16,677 INFO o.a.j.t.JMeterThread: Thread started: MainThreadGroup 1-8
2025-02-15 00:40:16,776 INFO o.a.j.t.JMeterThread: Thread started: MainThreadGroup 1-9
2025-02-15 00:40:16,881 INFO o.a.j.t.JMeterThread: Thread started: MainThreadGroup 1-10
2025-02-15 00:40:16,990 INFO o.a.j.t.JMeterThread: Thread started: MainThreadGroup 1-11
2025-02-15 00:40:17,092 INFO o.a.j.t.JMeterThread: Thread started: MainThreadGroup 1-12
2025-02-15 00:40:17,216 INFO o.a.j.t.JMeterThread: Thread started: MainThreadGroup 1-13
2025-02-15 00:40:17,327 INFO o.a.j.t.JMeterThread: Thread started: MainThreadGroup 1-14
2025-02-15 00:40:17,434 INFO o.a.j.t.JMeterThread: Thread started: MainThreadGroup 1-15
2025-02-15 00:40:17,535 INFO o.a.j.t.JMeterThread: Thread started: MainThreadGroup 1-16
2025-02-15 00:40:17,640 INFO o.a.j.t.JMeterThread: Thread started: MainThreadGroup 1-17
2025-02-15 00:40:17,779 INFO o.a.j.t.JMeterThread: Thread started: MainThreadGroup 1-18
2025-02-15 00:40:17,899 INFO o.a.j.t.JMeterThread: Thread started: MainThreadGroup 1-19
2025-02-15 00:40:18,015 INFO o.a.j.t.JMeterThread: Thread started: MainThreadGroup 1-20
2025-02-15 00:40:18,117 INFO o.a.j.t.JMeterThread: Thread started: MainThreadGroup 1-21
2025-02-15 00:40:18,218 INFO o.a.j.t.JMeterThread: Thread started: MainThreadGroup 1-22
2025-02-15 00:40:18,325 INFO o.a.j.t.JMeterThread: Thread started: MainThreadGroup 1-23
2025-02-15 00:40:18,428 INFO o.a.j.t.JMeterThread: Thread started: MainThreadGroup 1-24
2025-02-15 00:40:18,547 INFO o.a.j.t.JMeterThread: Thread started: MainThreadGroup 1-25
2025-02-15 00:40:18,650 INFO o.a.j.t.JMeterThread: Thread started: MainThreadGroup 1-26
2025-02-15 00:40:18,754 INFO o.a.j.t.JMeterThread: Thread started: MainThreadGroup 1-27
2025-02-15 00:40:18,860 INFO o.a.j.t.JMeterThread: Thread started: MainThreadGroup 1-28
2025-02-15 00:40:18,963 INFO o.a.j.t.JMeterThread: Thread started: MainThreadGroup 1-29
2025-02-15 00:40:19,073 INFO o.a.j.t.JMeterThread: Thread started: MainThreadGroup 1-30
2025-02-15 00:40:19,173 INFO o.a.j.t.JMeterThread: Thread started: MainThreadGroup 1-31
2025-02-15 00:40:19,276 INFO o.a.j.t.JMeterThread: Thread started: MainThreadGroup 1-32
2025-02-15 00:40:19,388 INFO o.a.j.t.JMeterThread: Thread started: MainThreadGroup 1-33
2025-02-15 00:40:19,497 INFO o.a.j.t.JMeterThread: Thread started: MainThreadGroup 1-34
2025-02-15 00:40:19,617 INFO o.a.j.t.JMeterThread: Thread started: MainThreadGroup 1-35
2025-02-15 00:40:19,732 INFO o.a.j.t.JMeterThread: Thread started: MainThreadGroup 1-36
2025-02-15 00:40:19,837 INFO o.a.j.t.JMeterThread: Thread started: MainThreadGroup 1-37
2025-02-15 00:40:19,954 INFO o.a.j.t.JMeterThread: Thread started: MainThreadGroup 1-38
2025-02-15 00:40:20,062 INFO o.a.j.t.JMeterThread: Thread started: MainThreadGroup 1-39
2025-02-15 00:40:20,164 INFO o.a.j.t.JMeterThread: Thread started: MainThreadGroup 1-40
2025-02-15 00:40:20,274 INFO o.a.j.t.JMeterThread: Thread started: MainThreadGroup 1-41
2025-02-15 00:40:20,396 INFO o.a.j.t.JMeterThread: Thread started: MainThreadGroup 1-42
2025-02-15 00:40:20,508 INFO o.a.j.t.JMeterThread: Thread started: MainThreadGroup 1-43
2025-02-15 00:40:20,609 INFO o.a.j.t.JMeterThread: Thread started: MainThreadGroup 1-44
2025-02-15 00:40:20,714 INFO o.a.j.t.JMeterThread: Thread started: MainThreadGroup 1-45
2025-02-15 00:40:20,818 INFO o.a.j.t.JMeterThread: Thread started: MainThreadGroup 1-46
2025-02-15 00:40:20,969 INFO o.a.j.t.JMeterThread: Thread started: MainThreadGroup 1-47
2025-02-15 00:40:21,026 INFO o.a.j.t.JMeterThread: Thread started: MainThreadGroup 1-48
2025-02-15 00:40:21,132 INFO o.a.j.t.JMeterThread: Thread started: MainThreadGroup 1-49
2025-02-15 00:40:21,231 INFO o.a.j.t.JMeterThread: Thread started: MainThreadGroup 1-50
2025-02-15 00:40:21,329 INFO o.a.j.t.JMeterThread: Thread started: MainThreadGroup 1-51
2025-02-15 00:40:21,436 INFO o.a.j.t.JMeterThread: Thread started: MainThreadGroup 1-52
2025-02-15 00:40:21,566 INFO o.a.j.t.JMeterThread: Thread started: MainThreadGroup 1-53
2025-02-15 00:40:21,680 INFO o.a.j.t.JMeterThread: Thread started: MainThreadGroup 1-54
2025-02-15 00:40:21,774 INFO o.a.j.t.JMeterThread: Thread started: MainThreadGroup 1-55
2025-02-15 00:40:21,871 INFO o.a.j.t.JMeterThread: Thread started: MainThreadGroup 1-56
2025-02-15 00:40:21,974 INFO o.a.j.t.JMeterThread: Thread started: MainThreadGroup 1-57
2025-02-15 00:40:22,072 INFO o.a.j.t.JMeterThread: Thread started: MainThreadGroup 1-58
2025-02-15 00:40:22,170 INFO o.a.j.t.JMeterThread: Thread started: MainThreadGroup 1-59
2025-02-15 00:40:22,266 INFO o.a.j.t.JMeterThread: Thread started: MainThreadGroup 1-60
2025-02-15 00:40:22,368 INFO o.a.j.t.JMeterThread: Thread started: MainThreadGroup 1-61
2025-02-15 00:40:22,416 INFO o.a.j.t.JMeterThread: Thread is done: MainThreadGroup 1-19
2025-02-15 00:40:22,416 INFO o.a.j.t.JMeterThread: Thread finished: MainThreadGroup 1-19
2025-02-15 00:40:22,430 INFO o.a.j.t.JMeterThread: Thread is done: MainThreadGroup 1-12
2025-02-15 00:40:22,430 INFO o.a.j.t.JMeterThread: Thread finished: MainThreadGroup 1-12
2025-02-15 00:40:22,436 INFO o.a.j.t.JMeterThread: Thread is done: MainThreadGroup 1-18
2025-02-15 00:40:22,437 INFO o.a.j.t.JMeterThread: Thread finished: MainThreadGroup 1-18
2025-02-15 00:40:22,475 INFO o.a.j.t.JMeterThread: Thread started: MainThreadGroup 1-62
2025-02-15 00:40:22,483 INFO o.a.j.t.JMeterThread: Thread is done: MainThreadGroup 1-1
2025-02-15 00:40:22,483 INFO o.a.j.t.JMeterThread: Thread finished: MainThreadGroup 1-1
2025-02-15 00:40:22,539 INFO o.a.j.t.JMeterThread: Thread is done: MainThreadGroup 1-11
2025-02-15 00:40:22,540 INFO o.a.j.t.JMeterThread: Thread finished: MainThreadGroup 1-11
2025-02-15 00:40:22,547 INFO o.a.j.t.JMeterThread: Thread is done: MainThreadGroup 1-23
2025-02-15 00:40:22,547 INFO o.a.j.t.JMeterThread: Thread finished: MainThreadGroup 1-23
2025-02-15 00:40:22,553 INFO o.a.j.t.JMeterThread: Thread is done: MainThreadGroup 1-20
2025-02-15 00:40:22,553 INFO o.a.j.t.JMeterThread: Thread finished: MainThreadGroup 1-20
2025-02-15 00:40:22,555 INFO o.a.j.t.JMeterThread: Thread is done: MainThreadGroup 1-16
2025-02-15 00:40:22,556 INFO o.a.j.t.JMeterThread: Thread finished: MainThreadGroup 1-16
2025-02-15 00:40:22,571 INFO o.a.j.t.JMeterThread: Thread started: MainThreadGroup 1-63
2025-02-15 00:40:22,621 INFO o.a.j.t.JMeterThread: Thread is done: MainThreadGroup 1-7
2025-02-15 00:40:22,621 INFO o.a.j.t.JMeterThread: Thread finished: MainThreadGroup 1-7
2025-02-15 00:40:22,623 INFO o.a.j.t.JMeterThread: Thread is done: MainThreadGroup 1-15
2025-02-15 00:40:22,623 INFO o.a.j.t.JMeterThread: Thread finished: MainThreadGroup 1-15
2025-02-15 00:40:22,642 INFO o.a.j.t.JMeterThread: Thread is done: MainThreadGroup 1-8
2025-02-15 00:40:22,642 INFO o.a.j.t.JMeterThread: Thread finished: MainThreadGroup 1-8
2025-02-15 00:40:22,668 INFO o.a.j.t.JMeterThread: Thread started: MainThreadGroup 1-64
2025-02-15 00:40:22,677 INFO o.a.j.t.JMeterThread: Thread is done: MainThreadGroup 1-21
2025-02-15 00:40:22,677 INFO o.a.j.t.JMeterThread: Thread finished: MainThreadGroup 1-21
2025-02-15 00:40:22,687 INFO o.a.j.t.JMeterThread: Thread is done: MainThreadGroup 1-3
2025-02-15 00:40:22,688 INFO o.a.j.t.JMeterThread: Thread finished: MainThreadGroup 1-3
2025-02-15 00:40:22,692 INFO o.a.j.t.JMeterThread: Thread is done: MainThreadGroup 1-28
2025-02-15 00:40:22,692 INFO o.a.j.t.JMeterThread: Thread finished: MainThreadGroup 1-28
2025-02-15 00:40:22,695 INFO o.a.j.t.JMeterThread: Thread is done: MainThreadGroup 1-9
2025-02-15 00:40:22,695 INFO o.a.j.t.JMeterThread: Thread finished: MainThreadGroup 1-9
2025-02-15 00:40:22,696 INFO o.a.j.t.JMeterThread: Thread is done: MainThreadGroup 1-10
2025-02-15 00:40:22,696 INFO o.a.j.t.JMeterThread: Thread finished: MainThreadGroup 1-10
2025-02-15 00:40:22,712 INFO o.a.j.t.JMeterThread: Thread is done: MainThreadGroup 1-29
2025-02-15 00:40:22,712 INFO o.a.j.t.JMeterThread: Thread finished: MainThreadGroup 1-29
2025-02-15 00:40:22,763 INFO o.a.j.t.JMeterThread: Thread started: MainThreadGroup 1-65
2025-02-15 00:40:22,778 INFO o.a.j.t.JMeterThread: Thread is done: MainThreadGroup 1-25
2025-02-15 00:40:22,778 INFO o.a.j.t.JMeterThread: Thread finished: MainThreadGroup 1-25
2025-02-15 00:40:22,781 INFO o.a.j.t.JMeterThread: Thread is done: MainThreadGroup 1-27
2025-02-15 00:40:22,781 INFO o.a.j.t.JMeterThread: Thread finished: MainThreadGroup 1-27
2025-02-15 00:40:22,784 INFO o.a.j.t.JMeterThread: Thread is done: MainThreadGroup 1-13
2025-02-15 00:40:22,784 INFO o.a.j.t.JMeterThread: Thread finished: MainThreadGroup 1-13
2025-02-15 00:40:22,828 INFO o.a.j.t.JMeterThread: Thread is done: MainThreadGroup 1-4
2025-02-15 00:40:22,828 INFO o.a.j.t.JMeterThread: Thread finished: MainThreadGroup 1-4
2025-02-15 00:40:22,839 INFO o.a.j.t.JMeterThread: Thread is done: MainThreadGroup 1-14
2025-02-15 00:40:22,839 INFO o.a.j.t.JMeterThread: Thread finished: MainThreadGroup 1-14
2025-02-15 00:40:22,847 INFO o.a.j.t.JMeterThread: Thread is done: MainThreadGroup 1-26
2025-02-15 00:40:22,848 INFO o.a.j.t.JMeterThread: Thread finished: MainThreadGroup 1-26
2025-02-15 00:40:22,853 INFO o.a.j.t.JMeterThread: Thread is done: MainThreadGroup 1-24
2025-02-15 00:40:22,854 INFO o.a.j.t.JMeterThread: Thread finished: MainThreadGroup 1-24
2025-02-15 00:40:22,865 INFO o.a.j.t.JMeterThread: Thread is done: MainThreadGroup 1-2
2025-02-15 00:40:22,866 INFO o.a.j.t.JMeterThread: Thread finished: MainThreadGroup 1-2
2025-02-15 00:40:22,868 INFO o.a.j.t.JMeterThread: Thread is done: MainThreadGroup 1-5
2025-02-15 00:40:22,869 INFO o.a.j.t.JMeterThread: Thread finished: MainThreadGroup 1-5
2025-02-15 00:40:22,870 INFO o.a.j.t.JMeterThread: Thread started: MainThreadGroup 1-66
2025-02-15 00:40:22,917 INFO o.a.j.t.JMeterThread: Thread is done: MainThreadGroup 1-6
2025-02-15 00:40:22,918 INFO o.a.j.t.JMeterThread: Thread finished: MainThreadGroup 1-6
2025-02-15 00:40:22,919 INFO o.a.j.t.JMeterThread: Thread is done: MainThreadGroup 1-17
2025-02-15 00:40:22,919 INFO o.a.j.t.JMeterThread: Thread finished: MainThreadGroup 1-17
2025-02-15 00:40:22,950 INFO o.a.j.t.JMeterThread: Thread is done: MainThreadGroup 1-30
2025-02-15 00:40:22,951 INFO o.a.j.t.JMeterThread: Thread finished: MainThreadGroup 1-30
2025-02-15 00:40:22,958 INFO o.a.j.t.JMeterThread: Thread is done: MainThreadGroup 1-22
2025-02-15 00:40:22,958 INFO o.a.j.t.JMeterThread: Thread finished: MainThreadGroup 1-22
2025-02-15 00:40:22,969 INFO o.a.j.t.JMeterThread: Thread started: MainThreadGroup 1-67
2025-02-15 00:40:23,017 INFO o.a.j.t.JMeterThread: Thread is done: MainThreadGroup 1-31
2025-02-15 00:40:23,017 INFO o.a.j.t.JMeterThread: Thread finished: MainThreadGroup 1-31
2025-02-15 00:40:23,058 INFO o.a.j.t.JMeterThread: Thread is done: MainThreadGroup 1-32
2025-02-15 00:40:23,058 INFO o.a.j.t.JMeterThread: Thread finished: MainThreadGroup 1-32
2025-02-15 00:40:23,062 INFO o.a.j.t.JMeterThread: Thread started: MainThreadGroup 1-68
2025-02-15 00:40:23,120 INFO o.a.j.t.JMeterThread: Thread is done: MainThreadGroup 1-33
2025-02-15 00:40:23,120 INFO o.a.j.t.JMeterThread: Thread finished: MainThreadGroup 1-33
2025-02-15 00:40:23,171 INFO o.a.j.t.JMeterThread: Thread started: MainThreadGroup 1-69
2025-02-15 00:40:23,267 INFO o.a.j.t.JMeterThread: Thread started: MainThreadGroup 1-70
2025-02-15 00:40:23,363 INFO o.a.j.t.JMeterThread: Thread started: MainThreadGroup 1-71
2025-02-15 00:40:23,401 INFO o.a.j.t.JMeterThread: Thread is done: MainThreadGroup 1-36
2025-02-15 00:40:23,401 INFO o.a.j.t.JMeterThread: Thread finished: MainThreadGroup 1-36
2025-02-15 00:40:23,406 INFO o.a.j.t.JMeterThread: Thread is done: MainThreadGroup 1-37
2025-02-15 00:40:23,406 INFO o.a.j.t.JMeterThread: Thread finished: MainThreadGroup 1-37
2025-02-15 00:40:23,413 INFO o.a.j.t.JMeterThread: Thread is done: MainThreadGroup 1-35
2025-02-15 00:40:23,413 INFO o.a.j.t.JMeterThread: Thread finished: MainThreadGroup 1-35
2025-02-15 00:40:23,417 INFO o.a.j.t.JMeterThread: Thread is done: MainThreadGroup 1-34
2025-02-15 00:40:23,417 INFO o.a.j.t.JMeterThread: Thread finished: MainThreadGroup 1-34
2025-02-15 00:40:23,456 INFO o.a.j.t.JMeterThread: Thread started: MainThreadGroup 1-72
2025-02-15 00:40:23,501 INFO o.a.j.t.JMeterThread: Thread is done: MainThreadGroup 1-38
2025-02-15 00:40:23,502 INFO o.a.j.t.JMeterThread: Thread finished: MainThreadGroup 1-38
2025-02-15 00:40:23,552 INFO o.a.j.t.JMeterThread: Thread started: MainThreadGroup 1-73
2025-02-15 00:40:23,648 INFO o.a.j.t.JMeterThread: Thread started: MainThreadGroup 1-74
2025-02-15 00:40:23,737 INFO o.a.j.t.JMeterThread: Thread started: MainThreadGroup 1-75
2025-02-15 00:40:23,774 INFO o.a.j.t.JMeterThread: Thread is done: MainThreadGroup 1-39
2025-02-15 00:40:23,774 INFO o.a.j.t.JMeterThread: Thread finished: MainThreadGroup 1-39
2025-02-15 00:40:23,793 INFO o.a.j.t.JMeterThread: Thread is done: MainThreadGroup 1-40
2025-02-15 00:40:23,793 INFO o.a.j.t.JMeterThread: Thread finished: MainThreadGroup 1-40
2025-02-15 00:40:23,828 INFO o.a.j.t.JMeterThread: Thread started: MainThreadGroup 1-76
2025-02-15 00:40:23,855 INFO o.a.j.t.JMeterThread: Thread is done: MainThreadGroup 1-41
2025-02-15 00:40:23,855 INFO o.a.j.t.JMeterThread: Thread finished: MainThreadGroup 1-41
2025-02-15 00:40:23,922 INFO o.a.j.t.JMeterThread: Thread started: MainThreadGroup 1-77
2025-02-15 00:40:23,941 INFO o.a.j.t.JMeterThread: Thread is done: MainThreadGroup 1-42
2025-02-15 00:40:23,941 INFO o.a.j.t.JMeterThread: Thread finished: MainThreadGroup 1-42
2025-02-15 00:40:24,010 INFO o.a.j.t.JMeterThread: Thread started: MainThreadGroup 1-78
2025-02-15 00:40:24,101 INFO o.a.j.t.JMeterThread: Thread started: MainThreadGroup 1-79
2025-02-15 00:40:24,209 INFO o.a.j.t.JMeterThread: Thread started: MainThreadGroup 1-80
2025-02-15 00:40:24,227 INFO o.a.j.t.JMeterThread: Thread is done: MainThreadGroup 1-44
2025-02-15 00:40:24,227 INFO o.a.j.t.JMeterThread: Thread finished: MainThreadGroup 1-44
2025-02-15 00:40:24,298 INFO o.a.j.t.JMeterThread: Thread started: MainThreadGroup 1-81
2025-02-15 00:40:24,392 INFO o.a.j.t.JMeterThread: Thread started: MainThreadGroup 1-82
2025-02-15 00:40:24,402 INFO o.a.j.t.JMeterThread: Thread is done: MainThreadGroup 1-45
2025-02-15 00:40:24,402 INFO o.a.j.t.JMeterThread: Thread finished: MainThreadGroup 1-45
2025-02-15 00:40:24,426 INFO o.a.j.t.JMeterThread: Thread is done: MainThreadGroup 1-43
2025-02-15 00:40:24,426 INFO o.a.j.t.JMeterThread: Thread finished: MainThreadGroup 1-43
2025-02-15 00:40:24,437 INFO o.a.j.t.JMeterThread: Thread is done: MainThreadGroup 1-46
2025-02-15 00:40:24,437 INFO o.a.j.t.JMeterThread: Thread finished: MainThreadGroup 1-46
2025-02-15 00:40:24,481 INFO o.a.j.t.JMeterThread: Thread started: MainThreadGroup 1-83
2025-02-15 00:40:24,542 INFO o.a.j.t.JMeterThread: Thread is done: MainThreadGroup 1-47
2025-02-15 00:40:24,543 INFO o.a.j.t.JMeterThread: Thread finished: MainThreadGroup 1-47
2025-02-15 00:40:24,570 INFO o.a.j.t.JMeterThread: Thread started: MainThreadGroup 1-84
2025-02-15 00:40:24,655 INFO o.a.j.t.JMeterThread: Thread started: MainThreadGroup 1-85
2025-02-15 00:40:24,742 INFO o.a.j.t.JMeterThread: Thread started: MainThreadGroup 1-86
2025-02-15 00:40:24,829 INFO o.a.j.t.JMeterThread: Thread started: MainThreadGroup 1-87
2025-02-15 00:40:24,877 INFO o.a.j.t.JMeterThread: Thread is done: MainThreadGroup 1-48
2025-02-15 00:40:24,877 INFO o.a.j.t.JMeterThread: Thread finished: MainThreadGroup 1-48
2025-02-15 00:40:24,879 INFO o.a.j.t.JMeterThread: Thread is done: MainThreadGroup 1-50
2025-02-15 00:40:24,879 INFO o.a.j.t.JMeterThread: Thread finished: MainThreadGroup 1-50
2025-02-15 00:40:24,894 INFO o.a.j.t.JMeterThread: Thread is done: MainThreadGroup 1-49
2025-02-15 00:40:24,895 INFO o.a.j.t.JMeterThread: Thread finished: MainThreadGroup 1-49
2025-02-15 00:40:24,920 INFO o.a.j.t.JMeterThread: Thread started: MainThreadGroup 1-88
2025-02-15 00:40:24,952 INFO o.a.j.t.JMeterThread: Thread is done: MainThreadGroup 1-51
2025-02-15 00:40:24,952 INFO o.a.j.t.JMeterThread: Thread finished: MainThreadGroup 1-51
2025-02-15 00:40:25,006 INFO o.a.j.t.JMeterThread: Thread started: MainThreadGroup 1-89
2025-02-15 00:40:25,091 INFO o.a.j.t.JMeterThread: Thread started: MainThreadGroup 1-90
2025-02-15 00:40:25,162 INFO o.a.j.t.JMeterThread: Thread is done: MainThreadGroup 1-52
2025-02-15 00:40:25,163 INFO o.a.j.t.JMeterThread: Thread finished: MainThreadGroup 1-52
2025-02-15 00:40:25,177 INFO o.a.j.t.JMeterThread: Thread started: MainThreadGroup 1-91
2025-02-15 00:40:25,215 INFO o.a.j.t.JMeterThread: Thread is done: MainThreadGroup 1-55
2025-02-15 00:40:25,215 INFO o.a.j.t.JMeterThread: Thread finished: MainThreadGroup 1-55
2025-02-15 00:40:25,265 INFO o.a.j.t.JMeterThread: Thread started: MainThreadGroup 1-92
2025-02-15 00:40:25,323 INFO o.a.j.t.JMeterThread: Thread is done: MainThreadGroup 1-54
2025-02-15 00:40:25,323 INFO o.a.j.t.JMeterThread: Thread finished: MainThreadGroup 1-54
2025-02-15 00:40:25,343 INFO o.a.j.t.JMeterThread: Thread is done: MainThreadGroup 1-53
2025-02-15 00:40:25,343 INFO o.a.j.t.JMeterThread: Thread finished: MainThreadGroup 1-53
2025-02-15 00:40:25,358 INFO o.a.j.t.JMeterThread: Thread started: MainThreadGroup 1-93
2025-02-15 00:40:25,385 INFO o.a.j.t.JMeterThread: Thread is done: MainThreadGroup 1-56
2025-02-15 00:40:25,385 INFO o.a.j.t.JMeterThread: Thread finished: MainThreadGroup 1-56
2025-02-15 00:40:25,438 INFO o.a.j.t.JMeterThread: Thread started: MainThreadGroup 1-94
2025-02-15 00:40:25,521 INFO o.a.j.t.JMeterThread: Thread started: MainThreadGroup 1-95
2025-02-15 00:40:25,531 INFO o.a.j.t.JMeterThread: Thread is done: MainThreadGroup 1-57
2025-02-15 00:40:25,531 INFO o.a.j.t.JMeterThread: Thread finished: MainThreadGroup 1-57
2025-02-15 00:40:25,605 INFO o.a.j.t.JMeterThread: Thread started: MainThreadGroup 1-96
2025-02-15 00:40:25,674 INFO o.a.j.t.JMeterThread: Thread is done: MainThreadGroup 1-58
2025-02-15 00:40:25,674 INFO o.a.j.t.JMeterThread: Thread is done: MainThreadGroup 1-59
2025-02-15 00:40:25,674 INFO o.a.j.t.JMeterThread: Thread finished: MainThreadGroup 1-58
2025-02-15 00:40:25,674 INFO o.a.j.t.JMeterThread: Thread finished: MainThreadGroup 1-59
2025-02-15 00:40:25,688 INFO o.a.j.t.JMeterThread: Thread started: MainThreadGroup 1-97
2025-02-15 00:40:25,765 INFO o.a.j.t.JMeterThread: Thread started: MainThreadGroup 1-98
2025-02-15 00:40:25,798 INFO o.a.j.t.JMeterThread: Thread is done: MainThreadGroup 1-60
2025-02-15 00:40:25,801 INFO o.a.j.t.JMeterThread: Thread finished: MainThreadGroup 1-60
2025-02-15 00:40:25,847 INFO o.a.j.t.JMeterThread: Thread is done: MainThreadGroup 1-61
2025-02-15 00:40:25,847 INFO o.a.j.t.JMeterThread: Thread finished: MainThreadGroup 1-61
2025-02-15 00:40:25,849 INFO o.a.j.t.JMeterThread: Thread started: MainThreadGroup 1-99
2025-02-15 00:40:25,923 INFO o.a.j.t.JMeterThread: Thread started: MainThreadGroup 1-100
2025-02-15 00:40:25,929 INFO o.a.j.t.JMeterThread: Thread is done: MainThreadGroup 1-62
2025-02-15 00:40:25,931 INFO o.a.j.t.JMeterThread: Thread finished: MainThreadGroup 1-62
2025-02-15 00:40:26,020 INFO o.a.j.t.JMeterThread: Thread is done: MainThreadGroup 1-63
2025-02-15 00:40:26,020 INFO o.a.j.t.JMeterThread: Thread finished: MainThreadGroup 1-63
2025-02-15 00:40:26,154 INFO o.a.j.t.JMeterThread: Thread is done: MainThreadGroup 1-64
2025-02-15 00:40:26,155 INFO o.a.j.t.JMeterThread: Thread finished: MainThreadGroup 1-64
2025-02-15 00:40:26,169 INFO o.a.j.t.JMeterThread: Thread is done: MainThreadGroup 1-65
2025-02-15 00:40:26,169 INFO o.a.j.t.JMeterThread: Thread finished: MainThreadGroup 1-65
2025-02-15 00:40:26,269 INFO o.a.j.t.JMeterThread: Thread is done: MainThreadGroup 1-66
2025-02-15 00:40:26,270 INFO o.a.j.t.JMeterThread: Thread finished: MainThreadGroup 1-66
2025-02-15 00:40:26,455 INFO o.a.j.t.JMeterThread: Thread is done: MainThreadGroup 1-67
2025-02-15 00:40:26,456 INFO o.a.j.t.JMeterThread: Thread finished: MainThreadGroup 1-67
2025-02-15 00:40:26,501 INFO o.a.j.t.JMeterThread: Thread is done: MainThreadGroup 1-68
2025-02-15 00:40:26,501 INFO o.a.j.t.JMeterThread: Thread finished: MainThreadGroup 1-68
2025-02-15 00:40:26,567 INFO o.a.j.t.JMeterThread: Thread is done: MainThreadGroup 1-69
2025-02-15 00:40:26,567 INFO o.a.j.t.JMeterThread: Thread finished: MainThreadGroup 1-69
2025-02-15 00:40:26,664 INFO o.a.j.t.JMeterThread: Thread is done: MainThreadGroup 1-70
2025-02-15 00:40:26,664 INFO o.a.j.t.JMeterThread: Thread finished: MainThreadGroup 1-70
2025-02-15 00:40:26,748 INFO o.a.j.t.JMeterThread: Thread is done: MainThreadGroup 1-71
2025-02-15 00:40:26,748 INFO o.a.j.t.JMeterThread: Thread finished: MainThreadGroup 1-71
2025-02-15 00:40:26,938 INFO o.a.j.t.JMeterThread: Thread is done: MainThreadGroup 1-72
2025-02-15 00:40:26,939 INFO o.a.j.t.JMeterThread: Thread finished: MainThreadGroup 1-72
2025-02-15 00:40:27,015 INFO o.a.j.t.JMeterThread: Thread is done: MainThreadGroup 1-73
2025-02-15 00:40:27,016 INFO o.a.j.t.JMeterThread: Thread finished: MainThreadGroup 1-73
2025-02-15 00:40:27,050 INFO o.a.j.t.JMeterThread: Thread is done: MainThreadGroup 1-74
2025-02-15 00:40:27,050 INFO o.a.j.t.JMeterThread: Thread finished: MainThreadGroup 1-74
2025-02-15 00:40:27,111 INFO o.a.j.t.JMeterThread: Thread is done: MainThreadGroup 1-75
2025-02-15 00:40:27,112 INFO o.a.j.t.JMeterThread: Thread finished: MainThreadGroup 1-75
2025-02-15 00:40:27,202 INFO o.a.j.t.JMeterThread: Thread is done: MainThreadGroup 1-76
2025-02-15 00:40:27,202 INFO o.a.j.t.JMeterThread: Thread finished: MainThreadGroup 1-76
2025-02-15 00:40:27,318 INFO o.a.j.t.JMeterThread: Thread is done: MainThreadGroup 1-77
2025-02-15 00:40:27,318 INFO o.a.j.t.JMeterThread: Thread finished: MainThreadGroup 1-77
2025-02-15 00:40:27,444 INFO o.a.j.t.JMeterThread: Thread is done: MainThreadGroup 1-78
2025-02-15 00:40:27,444 INFO o.a.j.t.JMeterThread: Thread finished: MainThreadGroup 1-78
2025-02-15 00:40:27,515 INFO o.a.j.t.JMeterThread: Thread is done: MainThreadGroup 1-79
2025-02-15 00:40:27,515 INFO o.a.j.t.JMeterThread: Thread finished: MainThreadGroup 1-79
2025-02-15 00:40:27,570 INFO o.a.j.t.JMeterThread: Thread is done: MainThreadGroup 1-80
2025-02-15 00:40:27,570 INFO o.a.j.t.JMeterThread: Thread finished: MainThreadGroup 1-80
2025-02-15 00:40:27,666 INFO o.a.j.t.JMeterThread: Thread is done: MainThreadGroup 1-81
2025-02-15 00:40:27,666 INFO o.a.j.t.JMeterThread: Thread finished: MainThreadGroup 1-81
2025-02-15 00:40:27,768 INFO o.a.j.t.JMeterThread: Thread is done: MainThreadGroup 1-82
2025-02-15 00:40:27,768 INFO o.a.j.t.JMeterThread: Thread finished: MainThreadGroup 1-82
2025-02-15 00:40:27,860 INFO o.a.j.t.JMeterThread: Thread is done: MainThreadGroup 1-83
2025-02-15 00:40:27,860 INFO o.a.j.t.JMeterThread: Thread finished: MainThreadGroup 1-83
2025-02-15 00:40:27,938 INFO o.a.j.t.JMeterThread: Thread is done: MainThreadGroup 1-84
2025-02-15 00:40:27,939 INFO o.a.j.t.JMeterThread: Thread finished: MainThreadGroup 1-84
2025-02-15 00:40:28,031 INFO o.a.j.t.JMeterThread: Thread is done: MainThreadGroup 1-85
2025-02-15 00:40:28,031 INFO o.a.j.t.JMeterThread: Thread finished: MainThreadGroup 1-85
2025-02-15 00:40:28,094 INFO o.a.j.t.JMeterThread: Thread is done: MainThreadGroup 1-86
2025-02-15 00:40:28,095 INFO o.a.j.t.JMeterThread: Thread finished: MainThreadGroup 1-86
2025-02-15 00:40:28,164 INFO o.a.j.t.JMeterThread: Thread is done: MainThreadGroup 1-87
2025-02-15 00:40:28,165 INFO o.a.j.t.JMeterThread: Thread finished: MainThreadGroup 1-87
2025-02-15 00:40:28,313 INFO o.a.j.t.JMeterThread: Thread is done: MainThreadGroup 1-88
2025-02-15 00:40:28,313 INFO o.a.j.t.JMeterThread: Thread finished: MainThreadGroup 1-88
2025-02-15 00:40:28,364 INFO o.a.j.t.JMeterThread: Thread is done: MainThreadGroup 1-89
2025-02-15 00:40:28,364 INFO o.a.j.t.JMeterThread: Thread finished: MainThreadGroup 1-89
2025-02-15 00:40:28,446 INFO o.a.j.t.JMeterThread: Thread is done: MainThreadGroup 1-90
2025-02-15 00:40:28,446 INFO o.a.j.t.JMeterThread: Thread finished: MainThreadGroup 1-90
2025-02-15 00:40:28,565 INFO o.a.j.t.JMeterThread: Thread is done: MainThreadGroup 1-91
2025-02-15 00:40:28,565 INFO o.a.j.t.JMeterThread: Thread finished: MainThreadGroup 1-91
2025-02-15 00:40:28,633 INFO o.a.j.t.JMeterThread: Thread is done: MainThreadGroup 1-92
2025-02-15 00:40:28,633 INFO o.a.j.t.JMeterThread: Thread finished: MainThreadGroup 1-92
2025-02-15 00:40:28,728 INFO o.a.j.t.JMeterThread: Thread is done: MainThreadGroup 1-93
2025-02-15 00:40:28,728 INFO o.a.j.t.JMeterThread: Thread finished: MainThreadGroup 1-93
2025-02-15 00:40:28,773 INFO o.a.j.t.JMeterThread: Thread is done: MainThreadGroup 1-94
2025-02-15 00:40:28,773 INFO o.a.j.t.JMeterThread: Thread finished: MainThreadGroup 1-94
2025-02-15 00:40:28,873 INFO o.a.j.t.JMeterThread: Thread is done: MainThreadGroup 1-95
2025-02-15 00:40:28,873 INFO o.a.j.t.JMeterThread: Thread finished: MainThreadGroup 1-95
2025-02-15 00:40:28,933 INFO o.a.j.t.JMeterThread: Thread is done: MainThreadGroup 1-96
2025-02-15 00:40:28,933 INFO o.a.j.t.JMeterThread: Thread finished: MainThreadGroup 1-96
2025-02-15 00:40:29,007 INFO o.a.j.t.JMeterThread: Thread is done: MainThreadGroup 1-97
2025-02-15 00:40:29,007 INFO o.a.j.t.JMeterThread: Thread finished: MainThreadGroup 1-97
2025-02-15 00:40:29,087 INFO o.a.j.t.JMeterThread: Thread is done: MainThreadGroup 1-98
2025-02-15 00:40:29,087 INFO o.a.j.t.JMeterThread: Thread finished: MainThreadGroup 1-98
2025-02-15 00:40:29,187 INFO o.a.j.t.JMeterThread: Thread is done: MainThreadGroup 1-99
2025-02-15 00:40:29,187 INFO o.a.j.t.JMeterThread: Thread finished: MainThreadGroup 1-99
2025-02-15 00:40:29,222 INFO o.a.j.t.JMeterThread: Thread is done: MainThreadGroup 1-100
2025-02-15 00:40:29,223 INFO o.a.j.t.JMeterThread: Thread finished: MainThreadGroup 1-100
2025-02-15 00:40:29,223 INFO o.a.j.e.StandardJMeterEngine: Notifying test listeners of end of test
2025-02-15 00:40:29,229 INFO o.a.j.r.Summariser: summary =    800 in 00:00:13 =   59.9/s Avg:    95 Min:     0 Max:  1526 Err:     4 (0.50%)
2025-02-15 00:40:29,230 INFO o.a.j.JMeter: Generating Dashboard
2025-02-15 00:40:29,230 INFO o.a.j.r.d.ReportGenerator: Flushing result collector before report Generation
2025-02-15 00:40:29,244 INFO o.a.j.r.p.NormalizerSampleConsumer: Using format, 'ms', to parse timeStamp field
2025-02-15 00:40:29,441 INFO o.a.j.r.p.AbstractSampleConsumer: class org.apache.jmeter.report.processor.AggregateConsumer#stopProducing(): beginDate produced 0 samples
2025-02-15 00:40:29,441 INFO o.a.j.r.p.AbstractSampleConsumer: class org.apache.jmeter.report.processor.AggregateConsumer#stopProducing(): endDate produced 0 samples
2025-02-15 00:40:29,443 INFO o.a.j.r.p.AbstractSampleConsumer: class org.apache.jmeter.report.processor.ApdexSummaryConsumer#stopProducing(): apdexSummary produced 0 samples
2025-02-15 00:40:29,443 INFO o.a.j.r.p.AbstractSampleConsumer: class org.apache.jmeter.report.processor.RequestsSummaryConsumer#stopProducing(): requestsSummary produced 0 samples
2025-02-15 00:40:29,451 INFO o.a.j.r.p.AbstractSampleConsumer: class org.apache.jmeter.report.processor.StatisticsSummaryConsumer#stopProducing(): statisticsSummary produced 0 samples
2025-02-15 00:40:29,453 INFO o.a.j.r.p.AbstractSampleConsumer: class org.apache.jmeter.report.processor.Top5ErrorsBySamplerConsumer#stopProducing(): top5ErrorsBySampler produced 0 samples
2025-02-15 00:40:29,453 INFO o.a.j.r.p.AbstractSampleConsumer: class org.apache.jmeter.report.processor.ErrorsSummaryConsumer#stopProducing(): errorsSummary produced 0 samples
2025-02-15 00:40:29,454 INFO o.a.j.r.p.AbstractSampleConsumer: class org.apache.jmeter.report.processor.graph.impl.HitsPerSecondGraphConsumer#stopProducing(): hitsPerSecond produced 0 samples
2025-02-15 00:40:29,496 INFO o.a.j.r.p.AbstractSampleConsumer: class org.apache.jmeter.report.processor.graph.impl.LatencyVSRequestGraphConsumer#stopProducing(): latencyVsRequest produced 0 samples
2025-02-15 00:40:29,498 INFO o.a.j.r.p.AbstractSampleConsumer: class org.apache.jmeter.report.processor.graph.impl.SyntheticResponseTimeDistributionGraphConsumer#stopProducing(): syntheticResponseTimeDistribution produced 0 samples
2025-02-15 00:40:29,498 INFO o.a.j.r.p.AbstractSampleConsumer: class org.apache.jmeter.report.processor.graph.impl.BytesThroughputGraphConsumer#stopProducing(): bytesThroughputOverTime produced 0 samples
2025-02-15 00:40:29,498 INFO o.a.j.r.p.AbstractSampleConsumer: class org.apache.jmeter.report.processor.graph.impl.CodesPerSecondGraphConsumer#stopProducing(): codesPerSecond produced 0 samples
2025-02-15 00:40:29,520 INFO o.a.j.r.p.AbstractSampleConsumer: class org.apache.jmeter.report.processor.graph.impl.ResponseTimeVSRequestGraphConsumer#stopProducing(): responseTimeVsRequest produced 0 samples
2025-02-15 00:40:29,520 INFO o.a.j.r.p.AbstractSampleConsumer: class org.apache.jmeter.report.processor.FilterConsumer#stopProducing(): startIntervalControlerFilter produced 9744 samples
2025-02-15 00:40:29,520 INFO o.a.j.r.p.AbstractSampleConsumer: class org.apache.jmeter.report.processor.graph.impl.TotalTPSGraphConsumer#stopProducing(): totalTPS produced 0 samples
2025-02-15 00:40:29,520 INFO o.a.j.r.p.AbstractSampleConsumer: class org.apache.jmeter.report.processor.graph.impl.ActiveThreadsGraphConsumer#stopProducing(): activeThreadsOverTime produced 0 samples
2025-02-15 00:40:29,520 INFO o.a.j.r.p.AbstractSampleConsumer: class org.apache.jmeter.report.processor.graph.impl.TimeVSThreadGraphConsumer#stopProducing(): timeVsThreads produced 0 samples
2025-02-15 00:40:29,523 INFO o.a.j.r.p.AbstractSampleConsumer: class org.apache.jmeter.report.processor.graph.impl.ResponseTimeDistributionGraphConsumer#stopProducing(): responseTimeDistribution produced 0 samples
2025-02-15 00:40:29,523 INFO o.a.j.r.p.AbstractSampleConsumer: class org.apache.jmeter.report.processor.graph.impl.TransactionsPerSecondGraphConsumer#stopProducing(): transactionsPerSecond produced 0 samples
2025-02-15 00:40:29,524 INFO o.a.j.r.p.AbstractSampleConsumer: class org.apache.jmeter.report.processor.graph.impl.ResponseTimePercentilesGraphConsumer#stopProducing(): responseTimePercentiles produced 0 samples
2025-02-15 00:40:29,544 INFO o.a.j.r.p.AbstractSampleConsumer: class org.apache.jmeter.report.processor.graph.impl.ResponseTimePercentilesOverTimeGraphConsumer#stopProducing(): responseTimePercentilesOverTime produced 0 samples
2025-02-15 00:40:29,544 INFO o.a.j.r.p.AbstractSampleConsumer: class org.apache.jmeter.report.processor.graph.impl.ResponseTimeOverTimeGraphConsumer#stopProducing(): responseTimesOverTime produced 0 samples
2025-02-15 00:40:29,545 INFO o.a.j.r.p.AbstractSampleConsumer: class org.apache.jmeter.report.processor.graph.impl.ConnectTimeOverTimeGraphConsumer#stopProducing(): connectTimeOverTime produced 0 samples
2025-02-15 00:40:29,545 INFO o.a.j.r.p.AbstractSampleConsumer: class org.apache.jmeter.report.processor.graph.impl.LatencyOverTimeGraphConsumer#stopProducing(): latenciesOverTime produced 0 samples
2025-02-15 00:40:29,545 INFO o.a.j.r.p.AbstractSampleConsumer: class org.apache.jmeter.report.processor.FilterConsumer#stopProducing(): nameFilter produced 20880 samples
2025-02-15 00:40:29,545 INFO o.a.j.r.p.AbstractSampleConsumer: class org.apache.jmeter.report.processor.FilterConsumer#stopProducing(): dateRangeFilter produced 4176 samples
2025-02-15 00:40:29,545 INFO o.a.j.r.p.AbstractSampleConsumer: class org.apache.jmeter.report.processor.NormalizerSampleConsumer#stopProducing(): normalizer produced 1392 samples
2025-02-15 00:40:29,546 INFO o.a.j.r.p.CsvFileSampleSource: produce(): 1392 samples produced in 269ms on channel 0
2025-02-15 00:40:29,546 INFO o.a.j.r.d.ReportGenerator: Exporting data using exporter:'json' of className:'org.apache.jmeter.report.dashboard.JsonExporter'
2025-02-15 00:40:29,631 INFO o.a.j.r.d.JsonExporter: Found data for consumer statisticsSummary in context
2025-02-15 00:40:29,631 INFO o.a.j.r.d.JsonExporter: Creating statistics for overall
2025-02-15 00:40:29,631 INFO o.a.j.r.d.JsonExporter: Creating statistics for other transactions
2025-02-15 00:40:29,632 INFO o.a.j.r.d.JsonExporter: Checking output folder
2025-02-15 00:40:29,632 INFO o.a.j.r.d.JsonExporter: Writing statistics JSON to /home/sre/java_projects/book-order-app/jmeter/results/results_2025-02-15-00:40:13/statistics.json
2025-02-15 00:40:29,758 INFO o.a.j.r.d.ReportGenerator: Exporting data using exporter:'html' of className:'org.apache.jmeter.report.dashboard.HtmlTemplateExporter'
2025-02-15 00:40:29,766 INFO o.a.j.r.d.HtmlTemplateExporter: Will generate dashboard in folder: /home/sre/java_projects/book-order-app/jmeter/results/results_2025-02-15-00:40:13
2025-02-15 00:40:29,955 INFO o.a.j.r.d.HtmlTemplateExporter: Report will be generated in: /home/sre/java_projects/book-order-app/jmeter/results/results_2025-02-15-00:40:13, creating folder structure
2025-02-15 00:40:29,958 INFO o.a.j.r.d.TemplateVisitor: Copying folder from '/home/sre/apache-jmeter-5.6.3/bin/report-template' to '/home/sre/java_projects/book-order-app/jmeter/results/results_2025-02-15-00:40:13', got message: /home/sre/java_projects/book-order-app/jmeter/results/results_2025-02-15-00:40:13, found non empty folder with following content [/home/sre/java_projects/book-order-app/jmeter/results/results_2025-02-15-00:40:13/statistics.json], will be ignored
2025-02-15 00:40:30,314 INFO o.a.j.JMeter: Dashboard generated
