2025-02-15 00:10:32,713 INFO o.a.j.u.JMeterUtils: Setting Locale to en_EN
2025-02-15 00:10:32,743 INFO o.a.j.JMeter: Loading user properties from: /home/sre/apache-jmeter-5.6.3/bin/user.properties
2025-02-15 00:10:32,743 INFO o.a.j.JMeter: Loading system properties from: /home/sre/apache-jmeter-5.6.3/bin/system.properties
2025-02-15 00:10:32,750 INFO o.a.j.JMeter: Copyright (c) 1998-2024 The Apache Software Foundation
2025-02-15 00:10:32,750 INFO o.a.j.JMeter: Version 5.6.3
2025-02-15 00:10:32,750 INFO o.a.j.JMeter: java.version=21.0.6
2025-02-15 00:10:32,750 INFO o.a.j.JMeter: java.vm.name=OpenJDK 64-Bit Server VM
2025-02-15 00:10:32,750 INFO o.a.j.JMeter: os.name=Linux
2025-02-15 00:10:32,750 INFO o.a.j.JMeter: os.arch=amd64
2025-02-15 00:10:32,750 INFO o.a.j.JMeter: os.version=6.8.0-53-generic
2025-02-15 00:10:32,750 INFO o.a.j.JMeter: file.encoding=UTF-8
2025-02-15 00:10:32,751 INFO o.a.j.JMeter: java.awt.headless=null
2025-02-15 00:10:32,751 INFO o.a.j.JMeter: Max memory     =1073741824
2025-02-15 00:10:32,751 INFO o.a.j.JMeter: Available Processors =4
2025-02-15 00:10:32,764 INFO o.a.j.JMeter: Default Locale=English (EN)
2025-02-15 00:10:32,764 INFO o.a.j.JMeter: JMeter  Locale=English (EN)
2025-02-15 00:10:32,764 INFO o.a.j.JMeter: JMeterHome=/home/sre/apache-jmeter-5.6.3
2025-02-15 00:10:32,764 INFO o.a.j.JMeter: user.dir  =/home/sre/java_projects/book-order-app/jmeter/logs
2025-02-15 00:10:32,764 INFO o.a.j.JMeter: PWD       =/home/sre/java_projects/book-order-app/jmeter/logs
2025-02-15 00:10:32,765 INFO o.a.j.JMeter: IP: 127.0.1.1 Name: ubuntu FullName: ubuntu
