2025-02-15 00:38:38,636 INFO o.a.j.u.JMeterUtils: Setting Locale to en_EN
2025-02-15 00:38:38,660 INFO o.a.j.JMeter: Loading user properties from: /home/sre/apache-jmeter-5.6.3/bin/user.properties
2025-02-15 00:38:38,661 INFO o.a.j.JMeter: Loading system properties from: /home/sre/apache-jmeter-5.6.3/bin/system.properties
2025-02-15 00:38:38,670 INFO o.a.j.JMeter: Copyright (c) 1998-2024 The Apache Software Foundation
2025-02-15 00:38:38,670 INFO o.a.j.JMeter: Version 5.6.3
2025-02-15 00:38:38,671 INFO o.a.j.JMeter: java.version=21.0.6
2025-02-15 00:38:38,671 INFO o.a.j.JMeter: java.vm.name=OpenJDK 64-Bit Server VM
2025-02-15 00:38:38,671 INFO o.a.j.JMeter: os.name=Linux
2025-02-15 00:38:38,671 INFO o.a.j.JMeter: os.arch=amd64
2025-02-15 00:38:38,671 INFO o.a.j.JMeter: os.version=6.8.0-53-generic
2025-02-15 00:38:38,671 INFO o.a.j.JMeter: file.encoding=UTF-8
2025-02-15 00:38:38,671 INFO o.a.j.JMeter: java.awt.headless=true
2025-02-15 00:38:38,671 INFO o.a.j.JMeter: Max memory     =1073741824
2025-02-15 00:38:38,671 INFO o.a.j.JMeter: Available Processors =4
2025-02-15 00:38:38,682 INFO o.a.j.JMeter: Default Locale=English (EN)
2025-02-15 00:38:38,683 INFO o.a.j.JMeter: JMeter  Locale=English (EN)
2025-02-15 00:38:38,683 INFO o.a.j.JMeter: JMeterHome=/home/sre/apache-jmeter-5.6.3
2025-02-15 00:38:38,683 INFO o.a.j.JMeter: user.dir  =/home/sre/java_projects/book-order-app
2025-02-15 00:38:38,683 INFO o.a.j.JMeter: PWD       =/home/sre/java_projects/book-order-app
2025-02-15 00:38:38,684 INFO o.a.j.JMeter: IP: 127.0.1.1 Name: ubuntu FullName: ubuntu
2025-02-15 00:38:38,699 INFO o.a.j.JMeter: Setting property 'jmeter.reportgenerator.outputdir' to:'/home/sre/java_projects/book-order-app/jmeter/results/results_2025-02-15-00:38:37'
2025-02-15 00:38:38,701 INFO o.a.j.s.FileServer: Default base='/home/sre/java_projects/book-order-app'
2025-02-15 00:38:38,703 INFO o.a.j.s.FileServer: Set new base='/home/sre/java_projects/book-order-app/jmeter/plans'
2025-02-15 00:38:38,960 INFO o.a.j.s.SaveService: Testplan (JMX) version: 2.2. Testlog (JTL) version: 2.2
2025-02-15 00:38:39,005 INFO o.a.j.s.SaveService: Using SaveService properties version 5.0
2025-02-15 00:38:39,012 INFO o.a.j.s.SaveService: Using SaveService properties file encoding UTF-8
2025-02-15 00:38:39,017 INFO o.a.j.s.SaveService: Loading file: jmeter/plans/BookOrderAppTestPlan.jmx
2025-02-15 00:38:39,092 INFO o.a.j.p.h.s.HTTPSamplerBase: Parser for text/html is org.apache.jmeter.protocol.http.parser.LagartoBasedHtmlParser
2025-02-15 00:38:39,092 INFO o.a.j.p.h.s.HTTPSamplerBase: Parser for application/xhtml+xml is org.apache.jmeter.protocol.http.parser.LagartoBasedHtmlParser
2025-02-15 00:38:39,092 INFO o.a.j.p.h.s.HTTPSamplerBase: Parser for application/xml is org.apache.jmeter.protocol.http.parser.LagartoBasedHtmlParser
2025-02-15 00:38:39,092 INFO o.a.j.p.h.s.HTTPSamplerBase: Parser for text/xml is org.apache.jmeter.protocol.http.parser.LagartoBasedHtmlParser
2025-02-15 00:38:39,093 INFO o.a.j.p.h.s.HTTPSamplerBase: Parser for text/vnd.wap.wml is org.apache.jmeter.protocol.http.parser.RegexpHTMLParser
2025-02-15 00:38:39,093 INFO o.a.j.p.h.s.HTTPSamplerBase: Parser for text/css is org.apache.jmeter.protocol.http.parser.CssParser
2025-02-15 00:38:39,155 INFO o.a.j.JMeter: Creating summariser <summary>
2025-02-15 00:38:39,160 INFO o.a.j.r.d.ReportGenerator: ReportGenerator will use for Parsing the separator: ','
2025-02-15 00:38:39,160 INFO o.a.j.r.d.ReportGenerator: Will generate report at end of test from  results file: jmeter/logs/results_2025-02-15-00:38:37.log
2025-02-15 00:38:39,160 INFO o.a.j.r.d.ReportGenerator: Reading report generator properties from: /home/sre/apache-jmeter-5.6.3/bin/reportgenerator.properties
2025-02-15 00:38:39,161 INFO o.a.j.r.d.ReportGenerator: Merging with JMeter properties
2025-02-15 00:38:39,166 INFO o.a.j.r.c.ReportGeneratorConfiguration: Property 'jmeter.reportgenerator.temp_dir' not found, using default value 'temp' instead.
2025-02-15 00:38:39,168 INFO o.a.j.r.c.ReportGeneratorConfiguration: Property 'jmeter.reportgenerator.apdex_per_transaction' not found, using default value 'null' instead.
2025-02-15 00:38:39,169 INFO o.a.j.r.c.ReportGeneratorConfiguration: apdex_per_transaction is empty, not APDEX per transaction customization
2025-02-15 00:38:39,169 INFO o.a.j.r.c.ReportGeneratorConfiguration: Property 'jmeter.reportgenerator.sample_filter' not found, using default value 'null' instead.
2025-02-15 00:38:39,169 INFO o.a.j.r.c.ReportGeneratorConfiguration: Property 'jmeter.reportgenerator.report_title' not found, using default value 'null' instead.
2025-02-15 00:38:39,169 INFO o.a.j.r.c.ReportGeneratorConfiguration: Property 'jmeter.reportgenerator.start_date' not found, using default value 'null' instead.
2025-02-15 00:38:39,169 INFO o.a.j.r.c.ReportGeneratorConfiguration: Property 'jmeter.reportgenerator.end_date' not found, using default value 'null' instead.
2025-02-15 00:38:39,169 INFO o.a.j.r.c.ReportGeneratorConfiguration: Property 'jmeter.reportgenerator.date_format' not found, using default value 'null' instead.
2025-02-15 00:38:39,170 INFO o.a.j.r.c.ReportGeneratorConfiguration: Will use date range start date: null, end date: null
2025-02-15 00:38:39,174 INFO o.a.j.r.c.ReportGeneratorConfiguration: Property 'jmeter.reportgenerator.graph.totalTPS.exclude_controllers' not found, using default value 'false' instead.
2025-02-15 00:38:39,174 INFO o.a.j.r.c.ReportGeneratorConfiguration: Property 'jmeter.reportgenerator.graph.activeThreadsOverTime.exclude_controllers' not found, using default value 'false' instead.
2025-02-15 00:38:39,175 INFO o.a.j.r.c.ReportGeneratorConfiguration: Property 'jmeter.reportgenerator.graph.timeVsThreads.exclude_controllers' not found, using default value 'false' instead.
2025-02-15 00:38:39,175 INFO o.a.j.r.c.ReportGeneratorConfiguration: Property 'jmeter.reportgenerator.graph.responseTimeDistribution.exclude_controllers' not found, using default value 'false' instead.
2025-02-15 00:38:39,175 INFO o.a.j.r.c.ReportGeneratorConfiguration: Property 'jmeter.reportgenerator.graph.transactionsPerSecond.exclude_controllers' not found, using default value 'false' instead.
2025-02-15 00:38:39,175 INFO o.a.j.r.c.ReportGeneratorConfiguration: Property 'jmeter.reportgenerator.graph.responseTimePercentiles.exclude_controllers' not found, using default value 'false' instead.
2025-02-15 00:38:39,176 INFO o.a.j.r.c.ReportGeneratorConfiguration: Property 'jmeter.reportgenerator.graph.responseTimePercentilesOverTime.exclude_controllers' not found, using default value 'false' instead.
2025-02-15 00:38:39,176 INFO o.a.j.r.c.ReportGeneratorConfiguration: Property 'jmeter.reportgenerator.graph.responseTimesOverTime.exclude_controllers' not found, using default value 'false' instead.
2025-02-15 00:38:39,177 INFO o.a.j.r.c.ReportGeneratorConfiguration: Property 'jmeter.reportgenerator.graph.connectTimeOverTime.exclude_controllers' not found, using default value 'false' instead.
2025-02-15 00:38:39,177 INFO o.a.j.r.c.ReportGeneratorConfiguration: Property 'jmeter.reportgenerator.graph.latenciesOverTime.exclude_controllers' not found, using default value 'false' instead.
2025-02-15 00:38:39,178 INFO o.a.j.r.c.ReportGeneratorConfiguration: Property 'jmeter.reportgenerator.exporter.json.filters_only_sample_series' not found, using default value 'true' instead.
2025-02-15 00:38:39,178 INFO o.a.j.r.c.ReportGeneratorConfiguration: Property 'jmeter.reportgenerator.exporter.json.series_filter' not found, using default value '' instead.
2025-02-15 00:38:39,179 INFO o.a.j.r.c.ReportGeneratorConfiguration: Property 'jmeter.reportgenerator.exporter.json.show_controllers_only' not found, using default value 'false' instead.
2025-02-15 00:38:39,180 INFO o.a.j.r.c.ReportGeneratorConfiguration: Property 'jmeter.reportgenerator.exporter.html.filters_only_sample_series' not found, using default value 'true' instead.
2025-02-15 00:38:39,180 INFO o.a.j.r.c.ReportGeneratorConfiguration: Property 'jmeter.reportgenerator.exporter.html.series_filter' not found, using default value '' instead.
2025-02-15 00:38:39,180 INFO o.a.j.r.c.ReportGeneratorConfiguration: Property 'jmeter.reportgenerator.exporter.html.show_controllers_only' not found, using default value 'false' instead.
2025-02-15 00:38:39,197 INFO o.a.j.e.StandardJMeterEngine: Running the test!
2025-02-15 00:38:39,199 INFO o.a.j.s.SampleEvent: List of sample_variables: []
2025-02-15 00:38:39,199 INFO o.a.j.s.SampleEvent: List of sample_variables: []
2025-02-15 00:38:39,206 INFO o.a.j.e.u.CompoundVariable: Note: Function class names must contain the string: '.functions.'
2025-02-15 00:38:39,206 INFO o.a.j.e.u.CompoundVariable: Note: Function class names must not contain the string: '.gui.'
2025-02-15 00:38:39,377 INFO o.a.j.JMeter: Running test (1739579919376)
2025-02-15 00:38:39,422 INFO o.a.j.e.StandardJMeterEngine: Starting ThreadGroup: 1 : MainThreadGroup
2025-02-15 00:38:39,423 INFO o.a.j.e.StandardJMeterEngine: Starting 100 threads for group MainThreadGroup.
2025-02-15 00:38:39,423 INFO o.a.j.e.StandardJMeterEngine: Thread will continue on error
2025-02-15 00:38:39,424 INFO o.a.j.t.ThreadGroup: Starting thread group... number=1 threads=100 ramp-up=10 delayedStart=true
2025-02-15 00:38:39,428 INFO o.a.j.t.ThreadGroup: Started thread group number 1
2025-02-15 00:38:39,428 INFO o.a.j.e.StandardJMeterEngine: All thread groups have been started
2025-02-15 00:38:39,441 INFO o.a.j.t.JMeterThread: Thread started: MainThreadGroup 1-1
2025-02-15 00:38:39,545 INFO o.a.j.t.JMeterThread: Thread started: MainThreadGroup 1-2
2025-02-15 00:38:39,648 INFO o.a.j.t.JMeterThread: Thread started: MainThreadGroup 1-3
2025-02-15 00:38:39,754 INFO o.a.j.t.JMeterThread: Thread started: MainThreadGroup 1-4
2025-02-15 00:38:39,860 INFO o.a.j.t.JMeterThread: Thread started: MainThreadGroup 1-5
2025-02-15 00:38:39,870 INFO o.a.j.p.h.s.HTTPHCAbstractImpl: Local host = ubuntu
2025-02-15 00:38:39,878 INFO o.a.j.p.h.s.HTTPHC4Impl: HTTP request retry count = 0
2025-02-15 00:38:39,879 INFO o.a.j.s.SampleResult: Note: Sample TimeStamps are START times
2025-02-15 00:38:39,880 INFO o.a.j.s.SampleResult: sampleresult.default.encoding is set to UTF-8
2025-02-15 00:38:39,880 INFO o.a.j.s.SampleResult: sampleresult.useNanoTime=true
2025-02-15 00:38:39,880 INFO o.a.j.s.SampleResult: sampleresult.nanoThreadSleep=5000
2025-02-15 00:38:39,964 INFO o.a.j.t.JMeterThread: Thread started: MainThreadGroup 1-6
2025-02-15 00:38:40,067 INFO o.a.j.t.JMeterThread: Thread started: MainThreadGroup 1-7
2025-02-15 00:38:40,169 INFO o.a.j.t.JMeterThread: Thread started: MainThreadGroup 1-8
2025-02-15 00:38:40,277 INFO o.a.j.t.JMeterThread: Thread started: MainThreadGroup 1-9
2025-02-15 00:38:40,383 INFO o.a.j.t.JMeterThread: Thread started: MainThreadGroup 1-10
2025-02-15 00:38:40,488 INFO o.a.j.t.JMeterThread: Thread started: MainThreadGroup 1-11
2025-02-15 00:38:40,592 INFO o.a.j.t.JMeterThread: Thread started: MainThreadGroup 1-12
2025-02-15 00:38:40,694 INFO o.a.j.t.JMeterThread: Thread started: MainThreadGroup 1-13
2025-02-15 00:38:40,805 INFO o.a.j.t.JMeterThread: Thread started: MainThreadGroup 1-14
2025-02-15 00:38:40,909 INFO o.a.j.t.JMeterThread: Thread started: MainThreadGroup 1-15
2025-02-15 00:38:41,010 INFO o.a.j.t.JMeterThread: Thread started: MainThreadGroup 1-16
2025-02-15 00:38:41,112 INFO o.a.j.t.JMeterThread: Thread started: MainThreadGroup 1-17
2025-02-15 00:38:41,218 INFO o.a.j.t.JMeterThread: Thread started: MainThreadGroup 1-18
2025-02-15 00:38:41,323 INFO o.a.j.t.JMeterThread: Thread started: MainThreadGroup 1-19
2025-02-15 00:38:41,424 INFO o.a.j.t.JMeterThread: Thread started: MainThreadGroup 1-20
2025-02-15 00:38:41,534 INFO o.a.j.t.JMeterThread: Thread started: MainThreadGroup 1-21
2025-02-15 00:38:41,641 INFO o.a.j.t.JMeterThread: Thread started: MainThreadGroup 1-22
2025-02-15 00:38:41,742 INFO o.a.j.t.JMeterThread: Thread started: MainThreadGroup 1-23
2025-02-15 00:38:41,849 INFO o.a.j.t.JMeterThread: Thread started: MainThreadGroup 1-24
2025-02-15 00:38:41,950 INFO o.a.j.t.JMeterThread: Thread started: MainThreadGroup 1-25
2025-02-15 00:38:42,052 INFO o.a.j.t.JMeterThread: Thread started: MainThreadGroup 1-26
2025-02-15 00:38:42,157 INFO o.a.j.t.JMeterThread: Thread started: MainThreadGroup 1-27
2025-02-15 00:38:42,263 INFO o.a.j.t.JMeterThread: Thread started: MainThreadGroup 1-28
2025-02-15 00:38:42,376 INFO o.a.j.t.JMeterThread: Thread started: MainThreadGroup 1-29
2025-02-15 00:38:42,478 INFO o.a.j.t.JMeterThread: Thread started: MainThreadGroup 1-30
2025-02-15 00:38:42,587 INFO o.a.j.t.JMeterThread: Thread started: MainThreadGroup 1-31
2025-02-15 00:38:42,693 INFO o.a.j.t.JMeterThread: Thread started: MainThreadGroup 1-32
2025-02-15 00:38:42,799 INFO o.a.j.t.JMeterThread: Thread started: MainThreadGroup 1-33
2025-02-15 00:38:42,904 INFO o.a.j.t.JMeterThread: Thread started: MainThreadGroup 1-34
2025-02-15 00:38:43,004 INFO o.a.j.t.JMeterThread: Thread started: MainThreadGroup 1-35
2025-02-15 00:38:43,105 INFO o.a.j.t.JMeterThread: Thread started: MainThreadGroup 1-36
2025-02-15 00:38:43,208 INFO o.a.j.t.JMeterThread: Thread started: MainThreadGroup 1-37
2025-02-15 00:38:43,309 INFO o.a.j.t.JMeterThread: Thread started: MainThreadGroup 1-38
2025-02-15 00:38:43,410 INFO o.a.j.t.JMeterThread: Thread started: MainThreadGroup 1-39
2025-02-15 00:38:43,513 INFO o.a.j.t.JMeterThread: Thread started: MainThreadGroup 1-40
2025-02-15 00:38:43,613 INFO o.a.j.t.JMeterThread: Thread started: MainThreadGroup 1-41
2025-02-15 00:38:43,713 INFO o.a.j.t.JMeterThread: Thread started: MainThreadGroup 1-42
2025-02-15 00:38:43,814 INFO o.a.j.t.JMeterThread: Thread started: MainThreadGroup 1-43
2025-02-15 00:38:43,915 INFO o.a.j.t.JMeterThread: Thread started: MainThreadGroup 1-44
2025-02-15 00:38:44,016 INFO o.a.j.t.JMeterThread: Thread started: MainThreadGroup 1-45
2025-02-15 00:38:44,115 INFO o.a.j.t.JMeterThread: Thread started: MainThreadGroup 1-46
2025-02-15 00:38:44,250 INFO o.a.j.t.JMeterThread: Thread started: MainThreadGroup 1-47
2025-02-15 00:38:44,360 INFO o.a.j.t.JMeterThread: Thread started: MainThreadGroup 1-48
2025-02-15 00:38:44,488 INFO o.a.j.t.JMeterThread: Thread started: MainThreadGroup 1-49
2025-02-15 00:38:44,599 INFO o.a.j.t.JMeterThread: Thread started: MainThreadGroup 1-50
2025-02-15 00:38:44,705 INFO o.a.j.t.JMeterThread: Thread started: MainThreadGroup 1-51
2025-02-15 00:38:44,807 INFO o.a.j.t.JMeterThread: Thread started: MainThreadGroup 1-52
2025-02-15 00:38:44,910 INFO o.a.j.t.JMeterThread: Thread started: MainThreadGroup 1-53
2025-02-15 00:38:44,974 INFO o.a.j.t.JMeterThread: Thread is done: MainThreadGroup 1-6
2025-02-15 00:38:44,974 INFO o.a.j.t.JMeterThread: Thread finished: MainThreadGroup 1-6
2025-02-15 00:38:45,017 INFO o.a.j.t.JMeterThread: Thread started: MainThreadGroup 1-54
2025-02-15 00:38:45,034 INFO o.a.j.t.JMeterThread: Thread is done: MainThreadGroup 1-3
2025-02-15 00:38:45,034 INFO o.a.j.t.JMeterThread: Thread finished: MainThreadGroup 1-3
2025-02-15 00:38:45,066 INFO o.a.j.t.JMeterThread: Thread is done: MainThreadGroup 1-18
2025-02-15 00:38:45,067 INFO o.a.j.t.JMeterThread: Thread finished: MainThreadGroup 1-18
2025-02-15 00:38:45,072 INFO o.a.j.t.JMeterThread: Thread is done: MainThreadGroup 1-12
2025-02-15 00:38:45,072 INFO o.a.j.t.JMeterThread: Thread finished: MainThreadGroup 1-12
2025-02-15 00:38:45,123 INFO o.a.j.t.JMeterThread: Thread is done: MainThreadGroup 1-16
2025-02-15 00:38:45,123 INFO o.a.j.t.JMeterThread: Thread finished: MainThreadGroup 1-16
2025-02-15 00:38:45,119 INFO o.a.j.t.JMeterThread: Thread started: MainThreadGroup 1-55
2025-02-15 00:38:45,129 INFO o.a.j.t.JMeterThread: Thread is done: MainThreadGroup 1-7
2025-02-15 00:38:45,129 INFO o.a.j.t.JMeterThread: Thread finished: MainThreadGroup 1-7
2025-02-15 00:38:45,140 INFO o.a.j.t.JMeterThread: Thread is done: MainThreadGroup 1-11
2025-02-15 00:38:45,140 INFO o.a.j.t.JMeterThread: Thread finished: MainThreadGroup 1-11
2025-02-15 00:38:45,150 INFO o.a.j.t.JMeterThread: Thread is done: MainThreadGroup 1-13
2025-02-15 00:38:45,150 INFO o.a.j.t.JMeterThread: Thread finished: MainThreadGroup 1-13
2025-02-15 00:38:45,154 INFO o.a.j.t.JMeterThread: Thread is done: MainThreadGroup 1-17
2025-02-15 00:38:45,155 INFO o.a.j.t.JMeterThread: Thread finished: MainThreadGroup 1-17
2025-02-15 00:38:45,177 INFO o.a.j.t.JMeterThread: Thread is done: MainThreadGroup 1-5
2025-02-15 00:38:45,177 INFO o.a.j.t.JMeterThread: Thread finished: MainThreadGroup 1-5
2025-02-15 00:38:45,179 INFO o.a.j.t.JMeterThread: Thread is done: MainThreadGroup 1-8
2025-02-15 00:38:45,179 INFO o.a.j.t.JMeterThread: Thread finished: MainThreadGroup 1-8
2025-02-15 00:38:45,202 INFO o.a.j.t.JMeterThread: Thread is done: MainThreadGroup 1-15
2025-02-15 00:38:45,202 INFO o.a.j.t.JMeterThread: Thread finished: MainThreadGroup 1-15
2025-02-15 00:38:45,206 INFO o.a.j.t.JMeterThread: Thread is done: MainThreadGroup 1-21
2025-02-15 00:38:45,206 INFO o.a.j.t.JMeterThread: Thread finished: MainThreadGroup 1-21
2025-02-15 00:38:45,207 INFO o.a.j.t.JMeterThread: Thread is done: MainThreadGroup 1-2
2025-02-15 00:38:45,209 INFO o.a.j.t.JMeterThread: Thread finished: MainThreadGroup 1-2
2025-02-15 00:38:45,222 INFO o.a.j.t.JMeterThread: Thread is done: MainThreadGroup 1-9
2025-02-15 00:38:45,222 INFO o.a.j.t.JMeterThread: Thread finished: MainThreadGroup 1-9
2025-02-15 00:38:45,230 INFO o.a.j.t.JMeterThread: Thread started: MainThreadGroup 1-56
2025-02-15 00:38:45,242 INFO o.a.j.t.JMeterThread: Thread is done: MainThreadGroup 1-19
2025-02-15 00:38:45,242 INFO o.a.j.t.JMeterThread: Thread finished: MainThreadGroup 1-19
2025-02-15 00:38:45,259 INFO o.a.j.t.JMeterThread: Thread is done: MainThreadGroup 1-1
2025-02-15 00:38:45,260 INFO o.a.j.t.JMeterThread: Thread finished: MainThreadGroup 1-1
2025-02-15 00:38:45,262 INFO o.a.j.t.JMeterThread: Thread is done: MainThreadGroup 1-4
2025-02-15 00:38:45,263 INFO o.a.j.t.JMeterThread: Thread finished: MainThreadGroup 1-4
2025-02-15 00:38:45,278 INFO o.a.j.t.JMeterThread: Thread is done: MainThreadGroup 1-22
2025-02-15 00:38:45,279 INFO o.a.j.t.JMeterThread: Thread finished: MainThreadGroup 1-22
2025-02-15 00:38:45,284 INFO o.a.j.t.JMeterThread: Thread is done: MainThreadGroup 1-20
2025-02-15 00:38:45,284 INFO o.a.j.t.JMeterThread: Thread finished: MainThreadGroup 1-20
2025-02-15 00:38:45,310 INFO o.a.j.t.JMeterThread: Thread is done: MainThreadGroup 1-10
2025-02-15 00:38:45,310 INFO o.a.j.t.JMeterThread: Thread finished: MainThreadGroup 1-10
2025-02-15 00:38:45,330 INFO o.a.j.t.JMeterThread: Thread started: MainThreadGroup 1-57
2025-02-15 00:38:45,335 INFO o.a.j.t.JMeterThread: Thread is done: MainThreadGroup 1-14
2025-02-15 00:38:45,335 INFO o.a.j.t.JMeterThread: Thread finished: MainThreadGroup 1-14
2025-02-15 00:38:45,379 INFO o.a.j.t.JMeterThread: Thread is done: MainThreadGroup 1-23
2025-02-15 00:38:45,379 INFO o.a.j.t.JMeterThread: Thread finished: MainThreadGroup 1-23
2025-02-15 00:38:45,426 INFO o.a.j.t.JMeterThread: Thread started: MainThreadGroup 1-58
2025-02-15 00:38:45,499 INFO o.a.j.t.JMeterThread: Thread is done: MainThreadGroup 1-24
2025-02-15 00:38:45,499 INFO o.a.j.t.JMeterThread: Thread finished: MainThreadGroup 1-24
2025-02-15 00:38:45,509 INFO o.a.j.t.JMeterThread: Thread is done: MainThreadGroup 1-25
2025-02-15 00:38:45,510 INFO o.a.j.t.JMeterThread: Thread finished: MainThreadGroup 1-25
2025-02-15 00:38:45,521 INFO o.a.j.t.JMeterThread: Thread started: MainThreadGroup 1-59
2025-02-15 00:38:45,618 INFO o.a.j.t.JMeterThread: Thread started: MainThreadGroup 1-60
2025-02-15 00:38:45,716 INFO o.a.j.t.JMeterThread: Thread started: MainThreadGroup 1-61
2025-02-15 00:38:45,736 INFO o.a.j.t.JMeterThread: Thread is done: MainThreadGroup 1-26
2025-02-15 00:38:45,738 INFO o.a.j.t.JMeterThread: Thread finished: MainThreadGroup 1-26
2025-02-15 00:38:45,770 INFO o.a.j.t.JMeterThread: Thread is done: MainThreadGroup 1-27
2025-02-15 00:38:45,771 INFO o.a.j.t.JMeterThread: Thread finished: MainThreadGroup 1-27
2025-02-15 00:38:45,812 INFO o.a.j.t.JMeterThread: Thread started: MainThreadGroup 1-62
2025-02-15 00:38:45,820 INFO o.a.j.t.JMeterThread: Thread is done: MainThreadGroup 1-28
2025-02-15 00:38:45,821 INFO o.a.j.t.JMeterThread: Thread finished: MainThreadGroup 1-28
2025-02-15 00:38:45,872 INFO o.a.j.t.JMeterThread: Thread is done: MainThreadGroup 1-29
2025-02-15 00:38:45,872 INFO o.a.j.t.JMeterThread: Thread finished: MainThreadGroup 1-29
2025-02-15 00:38:45,911 INFO o.a.j.t.JMeterThread: Thread started: MainThreadGroup 1-63
2025-02-15 00:38:45,982 INFO o.a.j.t.JMeterThread: Thread is done: MainThreadGroup 1-30
2025-02-15 00:38:45,982 INFO o.a.j.t.JMeterThread: Thread finished: MainThreadGroup 1-30
2025-02-15 00:38:46,011 INFO o.a.j.t.JMeterThread: Thread started: MainThreadGroup 1-64
2025-02-15 00:38:46,119 INFO o.a.j.t.JMeterThread: Thread started: MainThreadGroup 1-65
2025-02-15 00:38:46,191 INFO o.a.j.t.JMeterThread: Thread is done: MainThreadGroup 1-31
2025-02-15 00:38:46,191 INFO o.a.j.t.JMeterThread: Thread finished: MainThreadGroup 1-31
2025-02-15 00:38:46,211 INFO o.a.j.t.JMeterThread: Thread is done: MainThreadGroup 1-32
2025-02-15 00:38:46,211 INFO o.a.j.t.JMeterThread: Thread finished: MainThreadGroup 1-32
2025-02-15 00:38:46,216 INFO o.a.j.t.JMeterThread: Thread started: MainThreadGroup 1-66
2025-02-15 00:38:46,269 INFO o.a.j.t.JMeterThread: Thread is done: MainThreadGroup 1-33
2025-02-15 00:38:46,269 INFO o.a.j.t.JMeterThread: Thread finished: MainThreadGroup 1-33
2025-02-15 00:38:46,312 INFO o.a.j.t.JMeterThread: Thread started: MainThreadGroup 1-67
2025-02-15 00:38:46,321 INFO o.a.j.t.JMeterThread: Thread is done: MainThreadGroup 1-34
2025-02-15 00:38:46,321 INFO o.a.j.t.JMeterThread: Thread finished: MainThreadGroup 1-34
2025-02-15 00:38:46,407 INFO o.a.j.t.JMeterThread: Thread started: MainThreadGroup 1-68
2025-02-15 00:38:46,504 INFO o.a.j.t.JMeterThread: Thread started: MainThreadGroup 1-69
2025-02-15 00:38:46,517 INFO o.a.j.t.JMeterThread: Thread is done: MainThreadGroup 1-35
2025-02-15 00:38:46,517 INFO o.a.j.t.JMeterThread: Thread finished: MainThreadGroup 1-35
2025-02-15 00:38:46,608 INFO o.a.j.t.JMeterThread: Thread started: MainThreadGroup 1-70
2025-02-15 00:38:46,705 INFO o.a.j.t.JMeterThread: Thread started: MainThreadGroup 1-71
2025-02-15 00:38:46,733 INFO o.a.j.t.JMeterThread: Thread is done: MainThreadGroup 1-36
2025-02-15 00:38:46,733 INFO o.a.j.t.JMeterThread: Thread finished: MainThreadGroup 1-36
2025-02-15 00:38:46,767 INFO o.a.j.t.JMeterThread: Thread is done: MainThreadGroup 1-37
2025-02-15 00:38:46,767 INFO o.a.j.t.JMeterThread: Thread finished: MainThreadGroup 1-37
2025-02-15 00:38:46,802 INFO o.a.j.t.JMeterThread: Thread started: MainThreadGroup 1-72
2025-02-15 00:38:46,875 INFO o.a.j.t.JMeterThread: Thread is done: MainThreadGroup 1-39
2025-02-15 00:38:46,876 INFO o.a.j.t.JMeterThread: Thread finished: MainThreadGroup 1-39
2025-02-15 00:38:46,880 INFO o.a.j.t.JMeterThread: Thread is done: MainThreadGroup 1-38
2025-02-15 00:38:46,880 INFO o.a.j.t.JMeterThread: Thread finished: MainThreadGroup 1-38
2025-02-15 00:38:46,897 INFO o.a.j.t.JMeterThread: Thread started: MainThreadGroup 1-73
2025-02-15 00:38:46,993 INFO o.a.j.t.JMeterThread: Thread started: MainThreadGroup 1-74
2025-02-15 00:38:47,062 INFO o.a.j.t.JMeterThread: Thread is done: MainThreadGroup 1-40
2025-02-15 00:38:47,062 INFO o.a.j.t.JMeterThread: Thread finished: MainThreadGroup 1-40
2025-02-15 00:38:47,088 INFO o.a.j.t.JMeterThread: Thread started: MainThreadGroup 1-75
2025-02-15 00:38:47,184 INFO o.a.j.t.JMeterThread: Thread started: MainThreadGroup 1-76
2025-02-15 00:38:47,282 INFO o.a.j.t.JMeterThread: Thread started: MainThreadGroup 1-77
2025-02-15 00:38:47,316 INFO o.a.j.t.JMeterThread: Thread is done: MainThreadGroup 1-42
2025-02-15 00:38:47,316 INFO o.a.j.t.JMeterThread: Thread finished: MainThreadGroup 1-42
2025-02-15 00:38:47,344 INFO o.a.j.t.JMeterThread: Thread is done: MainThreadGroup 1-43
2025-02-15 00:38:47,344 INFO o.a.j.t.JMeterThread: Thread finished: MainThreadGroup 1-43
2025-02-15 00:38:47,356 INFO o.a.j.t.JMeterThread: Thread is done: MainThreadGroup 1-41
2025-02-15 00:38:47,356 INFO o.a.j.t.JMeterThread: Thread finished: MainThreadGroup 1-41
2025-02-15 00:38:47,376 INFO o.a.j.t.JMeterThread: Thread started: MainThreadGroup 1-78
2025-02-15 00:38:47,472 INFO o.a.j.t.JMeterThread: Thread started: MainThreadGroup 1-79
2025-02-15 00:38:47,530 INFO o.a.j.t.JMeterThread: Thread is done: MainThreadGroup 1-44
2025-02-15 00:38:47,530 INFO o.a.j.t.JMeterThread: Thread finished: MainThreadGroup 1-44
2025-02-15 00:38:47,569 INFO o.a.j.t.JMeterThread: Thread started: MainThreadGroup 1-80
2025-02-15 00:38:47,605 INFO o.a.j.t.JMeterThread: Thread is done: MainThreadGroup 1-45
2025-02-15 00:38:47,605 INFO o.a.j.t.JMeterThread: Thread finished: MainThreadGroup 1-45
2025-02-15 00:38:47,661 INFO o.a.j.t.JMeterThread: Thread started: MainThreadGroup 1-81
2025-02-15 00:38:47,704 INFO o.a.j.t.JMeterThread: Thread is done: MainThreadGroup 1-46
2025-02-15 00:38:47,704 INFO o.a.j.t.JMeterThread: Thread finished: MainThreadGroup 1-46
2025-02-15 00:38:47,766 INFO o.a.j.t.JMeterThread: Thread started: MainThreadGroup 1-82
2025-02-15 00:38:47,794 INFO o.a.j.t.JMeterThread: Thread is done: MainThreadGroup 1-47
2025-02-15 00:38:47,795 INFO o.a.j.t.JMeterThread: Thread finished: MainThreadGroup 1-47
2025-02-15 00:38:47,878 INFO o.a.j.t.JMeterThread: Thread started: MainThreadGroup 1-83
2025-02-15 00:38:47,909 INFO o.a.j.t.JMeterThread: Thread is done: MainThreadGroup 1-48
2025-02-15 00:38:47,909 INFO o.a.j.t.JMeterThread: Thread finished: MainThreadGroup 1-48
2025-02-15 00:38:47,971 INFO o.a.j.t.JMeterThread: Thread started: MainThreadGroup 1-84
2025-02-15 00:38:48,056 INFO o.a.j.t.JMeterThread: Thread is done: MainThreadGroup 1-49
2025-02-15 00:38:48,056 INFO o.a.j.t.JMeterThread: Thread finished: MainThreadGroup 1-49
2025-02-15 00:38:48,067 INFO o.a.j.t.JMeterThread: Thread started: MainThreadGroup 1-85
2025-02-15 00:38:48,163 INFO o.a.j.t.JMeterThread: Thread started: MainThreadGroup 1-86
2025-02-15 00:38:48,256 INFO o.a.j.t.JMeterThread: Thread started: MainThreadGroup 1-87
2025-02-15 00:38:48,300 INFO o.a.j.t.JMeterThread: Thread is done: MainThreadGroup 1-50
2025-02-15 00:38:48,301 INFO o.a.j.t.JMeterThread: Thread finished: MainThreadGroup 1-50
2025-02-15 00:38:48,348 INFO o.a.j.t.JMeterThread: Thread started: MainThreadGroup 1-88
2025-02-15 00:38:48,400 INFO o.a.j.t.JMeterThread: Thread is done: MainThreadGroup 1-52
2025-02-15 00:38:48,401 INFO o.a.j.t.JMeterThread: Thread finished: MainThreadGroup 1-52
2025-02-15 00:38:48,440 INFO o.a.j.t.JMeterThread: Thread started: MainThreadGroup 1-89
2025-02-15 00:38:48,463 INFO o.a.j.t.JMeterThread: Thread is done: MainThreadGroup 1-54
2025-02-15 00:38:48,463 INFO o.a.j.t.JMeterThread: Thread finished: MainThreadGroup 1-54
2025-02-15 00:38:48,528 INFO o.a.j.t.JMeterThread: Thread is done: MainThreadGroup 1-53
2025-02-15 00:38:48,528 INFO o.a.j.t.JMeterThread: Thread finished: MainThreadGroup 1-53
2025-02-15 00:38:48,528 INFO o.a.j.t.JMeterThread: Thread is done: MainThreadGroup 1-51
2025-02-15 00:38:48,529 INFO o.a.j.t.JMeterThread: Thread finished: MainThreadGroup 1-51
2025-02-15 00:38:48,531 INFO o.a.j.t.JMeterThread: Thread started: MainThreadGroup 1-90
2025-02-15 00:38:48,547 INFO o.a.j.t.JMeterThread: Thread is done: MainThreadGroup 1-55
2025-02-15 00:38:48,547 INFO o.a.j.t.JMeterThread: Thread finished: MainThreadGroup 1-55
2025-02-15 00:38:48,624 INFO o.a.j.t.JMeterThread: Thread started: MainThreadGroup 1-91
2025-02-15 00:38:48,715 INFO o.a.j.t.JMeterThread: Thread started: MainThreadGroup 1-92
2025-02-15 00:38:48,768 INFO o.a.j.t.JMeterThread: Thread is done: MainThreadGroup 1-56
2025-02-15 00:38:48,768 INFO o.a.j.t.JMeterThread: Thread finished: MainThreadGroup 1-56
2025-02-15 00:38:48,795 INFO o.a.j.t.JMeterThread: Thread is done: MainThreadGroup 1-57
2025-02-15 00:38:48,795 INFO o.a.j.t.JMeterThread: Thread finished: MainThreadGroup 1-57
2025-02-15 00:38:48,806 INFO o.a.j.t.JMeterThread: Thread started: MainThreadGroup 1-93
2025-02-15 00:38:48,871 INFO o.a.j.t.JMeterThread: Thread is done: MainThreadGroup 1-58
2025-02-15 00:38:48,871 INFO o.a.j.t.JMeterThread: Thread finished: MainThreadGroup 1-58
2025-02-15 00:38:48,898 INFO o.a.j.t.JMeterThread: Thread started: MainThreadGroup 1-94
2025-02-15 00:38:48,988 INFO o.a.j.t.JMeterThread: Thread started: MainThreadGroup 1-95
2025-02-15 00:38:48,992 INFO o.a.j.t.JMeterThread: Thread is done: MainThreadGroup 1-59
2025-02-15 00:38:48,993 INFO o.a.j.t.JMeterThread: Thread finished: MainThreadGroup 1-59
2025-02-15 00:38:49,077 INFO o.a.j.t.JMeterThread: Thread started: MainThreadGroup 1-96
2025-02-15 00:38:49,162 INFO o.a.j.t.JMeterThread: Thread is done: MainThreadGroup 1-60
2025-02-15 00:38:49,162 INFO o.a.j.t.JMeterThread: Thread finished: MainThreadGroup 1-60
2025-02-15 00:38:49,168 INFO o.a.j.t.JMeterThread: Thread started: MainThreadGroup 1-97
2025-02-15 00:38:49,176 INFO o.a.j.t.JMeterThread: Thread is done: MainThreadGroup 1-61
2025-02-15 00:38:49,177 INFO o.a.j.t.JMeterThread: Thread finished: MainThreadGroup 1-61
2025-02-15 00:38:49,222 INFO o.a.j.t.JMeterThread: Thread is done: MainThreadGroup 1-62
2025-02-15 00:38:49,223 INFO o.a.j.t.JMeterThread: Thread finished: MainThreadGroup 1-62
2025-02-15 00:38:49,267 INFO o.a.j.t.JMeterThread: Thread started: MainThreadGroup 1-98
2025-02-15 00:38:49,322 INFO o.a.j.t.JMeterThread: Thread is done: MainThreadGroup 1-63
2025-02-15 00:38:49,322 INFO o.a.j.t.JMeterThread: Thread finished: MainThreadGroup 1-63
2025-02-15 00:38:49,349 INFO o.a.j.t.JMeterThread: Thread started: MainThreadGroup 1-99
2025-02-15 00:38:49,393 INFO o.a.j.t.JMeterThread: Thread is done: MainThreadGroup 1-64
2025-02-15 00:38:49,393 INFO o.a.j.t.JMeterThread: Thread finished: MainThreadGroup 1-64
2025-02-15 00:38:49,429 INFO o.a.j.t.JMeterThread: Thread started: MainThreadGroup 1-100
2025-02-15 00:38:49,583 INFO o.a.j.t.JMeterThread: Thread is done: MainThreadGroup 1-65
2025-02-15 00:38:49,583 INFO o.a.j.t.JMeterThread: Thread finished: MainThreadGroup 1-65
2025-02-15 00:38:49,677 INFO o.a.j.t.JMeterThread: Thread is done: MainThreadGroup 1-66
2025-02-15 00:38:49,677 INFO o.a.j.t.JMeterThread: Thread finished: MainThreadGroup 1-66
2025-02-15 00:38:49,734 INFO o.a.j.t.JMeterThread: Thread is done: MainThreadGroup 1-67
2025-02-15 00:38:49,747 INFO o.a.j.t.JMeterThread: Thread finished: MainThreadGroup 1-67
2025-02-15 00:38:49,885 INFO o.a.j.t.JMeterThread: Thread is done: MainThreadGroup 1-69
2025-02-15 00:38:49,885 INFO o.a.j.t.JMeterThread: Thread finished: MainThreadGroup 1-69
2025-02-15 00:38:49,904 INFO o.a.j.t.JMeterThread: Thread is done: MainThreadGroup 1-68
2025-02-15 00:38:49,904 INFO o.a.j.t.JMeterThread: Thread finished: MainThreadGroup 1-68
2025-02-15 00:38:50,119 INFO o.a.j.t.JMeterThread: Thread is done: MainThreadGroup 1-70
2025-02-15 00:38:50,119 INFO o.a.j.t.JMeterThread: Thread finished: MainThreadGroup 1-70
2025-02-15 00:38:50,162 INFO o.a.j.t.JMeterThread: Thread is done: MainThreadGroup 1-71
2025-02-15 00:38:50,163 INFO o.a.j.t.JMeterThread: Thread finished: MainThreadGroup 1-71
2025-02-15 00:38:50,200 INFO o.a.j.t.JMeterThread: Thread is done: MainThreadGroup 1-72
2025-02-15 00:38:50,200 INFO o.a.j.t.JMeterThread: Thread finished: MainThreadGroup 1-72
2025-02-15 00:38:50,287 INFO o.a.j.t.JMeterThread: Thread is done: MainThreadGroup 1-73
2025-02-15 00:38:50,287 INFO o.a.j.t.JMeterThread: Thread finished: MainThreadGroup 1-73
2025-02-15 00:38:50,492 INFO o.a.j.t.JMeterThread: Thread is done: MainThreadGroup 1-74
2025-02-15 00:38:50,492 INFO o.a.j.t.JMeterThread: Thread finished: MainThreadGroup 1-74
2025-02-15 00:38:50,549 INFO o.a.j.t.JMeterThread: Thread is done: MainThreadGroup 1-75
2025-02-15 00:38:50,549 INFO o.a.j.t.JMeterThread: Thread finished: MainThreadGroup 1-75
2025-02-15 00:38:50,576 INFO o.a.j.t.JMeterThread: Thread is done: MainThreadGroup 1-76
2025-02-15 00:38:50,576 INFO o.a.j.t.JMeterThread: Thread finished: MainThreadGroup 1-76
2025-02-15 00:38:50,737 INFO o.a.j.t.JMeterThread: Thread is done: MainThreadGroup 1-77
2025-02-15 00:38:50,738 INFO o.a.j.t.JMeterThread: Thread finished: MainThreadGroup 1-77
2025-02-15 00:38:50,764 INFO o.a.j.t.JMeterThread: Thread is done: MainThreadGroup 1-78
2025-02-15 00:38:50,764 INFO o.a.j.t.JMeterThread: Thread finished: MainThreadGroup 1-78
2025-02-15 00:38:50,888 INFO o.a.j.t.JMeterThread: Thread is done: MainThreadGroup 1-79
2025-02-15 00:38:50,888 INFO o.a.j.t.JMeterThread: Thread finished: MainThreadGroup 1-79
2025-02-15 00:38:50,961 INFO o.a.j.t.JMeterThread: Thread is done: MainThreadGroup 1-80
2025-02-15 00:38:50,961 INFO o.a.j.t.JMeterThread: Thread finished: MainThreadGroup 1-80
2025-02-15 00:38:51,041 INFO o.a.j.t.JMeterThread: Thread is done: MainThreadGroup 1-81
2025-02-15 00:38:51,043 INFO o.a.j.t.JMeterThread: Thread finished: MainThreadGroup 1-81
2025-02-15 00:38:51,156 INFO o.a.j.t.JMeterThread: Thread is done: MainThreadGroup 1-82
2025-02-15 00:38:51,156 INFO o.a.j.t.JMeterThread: Thread finished: MainThreadGroup 1-82
2025-02-15 00:38:51,258 INFO o.a.j.t.JMeterThread: Thread is done: MainThreadGroup 1-83
2025-02-15 00:38:51,258 INFO o.a.j.t.JMeterThread: Thread finished: MainThreadGroup 1-83
2025-02-15 00:38:51,369 INFO o.a.j.t.JMeterThread: Thread is done: MainThreadGroup 1-84
2025-02-15 00:38:51,369 INFO o.a.j.t.JMeterThread: Thread finished: MainThreadGroup 1-84
2025-02-15 00:38:51,441 INFO o.a.j.t.JMeterThread: Thread is done: MainThreadGroup 1-85
2025-02-15 00:38:51,441 INFO o.a.j.t.JMeterThread: Thread finished: MainThreadGroup 1-85
2025-02-15 00:38:51,543 INFO o.a.j.t.JMeterThread: Thread is done: MainThreadGroup 1-86
2025-02-15 00:38:51,544 INFO o.a.j.t.JMeterThread: Thread finished: MainThreadGroup 1-86
2025-02-15 00:38:51,721 INFO o.a.j.t.JMeterThread: Thread is done: MainThreadGroup 1-87
2025-02-15 00:38:51,721 INFO o.a.j.t.JMeterThread: Thread finished: MainThreadGroup 1-87
2025-02-15 00:38:51,758 INFO o.a.j.t.JMeterThread: Thread is done: MainThreadGroup 1-88
2025-02-15 00:38:51,758 INFO o.a.j.t.JMeterThread: Thread finished: MainThreadGroup 1-88
2025-02-15 00:38:51,804 INFO o.a.j.t.JMeterThread: Thread is done: MainThreadGroup 1-89
2025-02-15 00:38:51,804 INFO o.a.j.t.JMeterThread: Thread finished: MainThreadGroup 1-89
2025-02-15 00:38:51,884 INFO o.a.j.t.JMeterThread: Thread is done: MainThreadGroup 1-90
2025-02-15 00:38:51,884 INFO o.a.j.t.JMeterThread: Thread finished: MainThreadGroup 1-90
2025-02-15 00:38:51,998 INFO o.a.j.t.JMeterThread: Thread is done: MainThreadGroup 1-91
2025-02-15 00:38:51,998 INFO o.a.j.t.JMeterThread: Thread finished: MainThreadGroup 1-91
2025-02-15 00:38:52,125 INFO o.a.j.t.JMeterThread: Thread is done: MainThreadGroup 1-92
2025-02-15 00:38:52,125 INFO o.a.j.t.JMeterThread: Thread finished: MainThreadGroup 1-92
2025-02-15 00:38:52,198 INFO o.a.j.t.JMeterThread: Thread is done: MainThreadGroup 1-93
2025-02-15 00:38:52,198 INFO o.a.j.t.JMeterThread: Thread finished: MainThreadGroup 1-93
2025-02-15 00:38:52,283 INFO o.a.j.t.JMeterThread: Thread is done: MainThreadGroup 1-94
2025-02-15 00:38:52,283 INFO o.a.j.t.JMeterThread: Thread finished: MainThreadGroup 1-94
2025-02-15 00:38:52,325 INFO o.a.j.t.JMeterThread: Thread is done: MainThreadGroup 1-95
2025-02-15 00:38:52,325 INFO o.a.j.t.JMeterThread: Thread finished: MainThreadGroup 1-95
2025-02-15 00:38:52,505 INFO o.a.j.t.JMeterThread: Thread is done: MainThreadGroup 1-96
2025-02-15 00:38:52,505 INFO o.a.j.t.JMeterThread: Thread finished: MainThreadGroup 1-96
2025-02-15 00:38:52,593 INFO o.a.j.t.JMeterThread: Thread is done: MainThreadGroup 1-97
2025-02-15 00:38:52,593 INFO o.a.j.t.JMeterThread: Thread finished: MainThreadGroup 1-97
2025-02-15 00:38:52,661 INFO o.a.j.t.JMeterThread: Thread is done: MainThreadGroup 1-98
2025-02-15 00:38:52,661 INFO o.a.j.t.JMeterThread: Thread finished: MainThreadGroup 1-98
2025-02-15 00:38:52,673 INFO o.a.j.t.JMeterThread: Thread is done: MainThreadGroup 1-99
2025-02-15 00:38:52,673 INFO o.a.j.t.JMeterThread: Thread finished: MainThreadGroup 1-99
2025-02-15 00:38:52,760 INFO o.a.j.t.JMeterThread: Thread is done: MainThreadGroup 1-100
2025-02-15 00:38:52,760 INFO o.a.j.t.JMeterThread: Thread finished: MainThreadGroup 1-100
2025-02-15 00:38:52,761 INFO o.a.j.e.StandardJMeterEngine: Notifying test listeners of end of test
2025-02-15 00:38:52,767 INFO o.a.j.r.Summariser: summary =    800 in 00:00:13 =   59.8/s Avg:    63 Min:     0 Max:   851 Err:     3 (0.38%)
2025-02-15 00:38:52,767 INFO o.a.j.JMeter: Generating Dashboard
2025-02-15 00:38:52,768 INFO o.a.j.r.d.ReportGenerator: Flushing result collector before report Generation
2025-02-15 00:38:52,780 INFO o.a.j.r.p.NormalizerSampleConsumer: Using format, 'ms', to parse timeStamp field
2025-02-15 00:38:52,969 INFO o.a.j.r.p.AbstractSampleConsumer: class org.apache.jmeter.report.processor.AggregateConsumer#stopProducing(): beginDate produced 0 samples
2025-02-15 00:38:52,969 INFO o.a.j.r.p.AbstractSampleConsumer: class org.apache.jmeter.report.processor.AggregateConsumer#stopProducing(): endDate produced 0 samples
2025-02-15 00:38:52,971 INFO o.a.j.r.p.AbstractSampleConsumer: class org.apache.jmeter.report.processor.ApdexSummaryConsumer#stopProducing(): apdexSummary produced 0 samples
2025-02-15 00:38:52,971 INFO o.a.j.r.p.AbstractSampleConsumer: class org.apache.jmeter.report.processor.RequestsSummaryConsumer#stopProducing(): requestsSummary produced 0 samples
2025-02-15 00:38:52,980 INFO o.a.j.r.p.AbstractSampleConsumer: class org.apache.jmeter.report.processor.StatisticsSummaryConsumer#stopProducing(): statisticsSummary produced 0 samples
2025-02-15 00:38:52,982 INFO o.a.j.r.p.AbstractSampleConsumer: class org.apache.jmeter.report.processor.Top5ErrorsBySamplerConsumer#stopProducing(): top5ErrorsBySampler produced 0 samples
2025-02-15 00:38:52,982 INFO o.a.j.r.p.AbstractSampleConsumer: class org.apache.jmeter.report.processor.ErrorsSummaryConsumer#stopProducing(): errorsSummary produced 0 samples
2025-02-15 00:38:52,982 INFO o.a.j.r.p.AbstractSampleConsumer: class org.apache.jmeter.report.processor.graph.impl.HitsPerSecondGraphConsumer#stopProducing(): hitsPerSecond produced 0 samples
2025-02-15 00:38:53,018 INFO o.a.j.r.p.AbstractSampleConsumer: class org.apache.jmeter.report.processor.graph.impl.LatencyVSRequestGraphConsumer#stopProducing(): latencyVsRequest produced 0 samples
2025-02-15 00:38:53,019 INFO o.a.j.r.p.AbstractSampleConsumer: class org.apache.jmeter.report.processor.graph.impl.SyntheticResponseTimeDistributionGraphConsumer#stopProducing(): syntheticResponseTimeDistribution produced 0 samples
2025-02-15 00:38:53,020 INFO o.a.j.r.p.AbstractSampleConsumer: class org.apache.jmeter.report.processor.graph.impl.BytesThroughputGraphConsumer#stopProducing(): bytesThroughputOverTime produced 0 samples
2025-02-15 00:38:53,020 INFO o.a.j.r.p.AbstractSampleConsumer: class org.apache.jmeter.report.processor.graph.impl.CodesPerSecondGraphConsumer#stopProducing(): codesPerSecond produced 0 samples
2025-02-15 00:38:53,038 INFO o.a.j.r.p.AbstractSampleConsumer: class org.apache.jmeter.report.processor.graph.impl.ResponseTimeVSRequestGraphConsumer#stopProducing(): responseTimeVsRequest produced 0 samples
2025-02-15 00:38:53,038 INFO o.a.j.r.p.AbstractSampleConsumer: class org.apache.jmeter.report.processor.FilterConsumer#stopProducing(): startIntervalControlerFilter produced 9758 samples
2025-02-15 00:38:53,038 INFO o.a.j.r.p.AbstractSampleConsumer: class org.apache.jmeter.report.processor.graph.impl.TotalTPSGraphConsumer#stopProducing(): totalTPS produced 0 samples
2025-02-15 00:38:53,038 INFO o.a.j.r.p.AbstractSampleConsumer: class org.apache.jmeter.report.processor.graph.impl.ActiveThreadsGraphConsumer#stopProducing(): activeThreadsOverTime produced 0 samples
2025-02-15 00:38:53,038 INFO o.a.j.r.p.AbstractSampleConsumer: class org.apache.jmeter.report.processor.graph.impl.TimeVSThreadGraphConsumer#stopProducing(): timeVsThreads produced 0 samples
2025-02-15 00:38:53,041 INFO o.a.j.r.p.AbstractSampleConsumer: class org.apache.jmeter.report.processor.graph.impl.ResponseTimeDistributionGraphConsumer#stopProducing(): responseTimeDistribution produced 0 samples
2025-02-15 00:38:53,041 INFO o.a.j.r.p.AbstractSampleConsumer: class org.apache.jmeter.report.processor.graph.impl.TransactionsPerSecondGraphConsumer#stopProducing(): transactionsPerSecond produced 0 samples
2025-02-15 00:38:53,041 INFO o.a.j.r.p.AbstractSampleConsumer: class org.apache.jmeter.report.processor.graph.impl.ResponseTimePercentilesGraphConsumer#stopProducing(): responseTimePercentiles produced 0 samples
2025-02-15 00:38:53,048 INFO o.a.j.r.p.AbstractSampleConsumer: class org.apache.jmeter.report.processor.graph.impl.ResponseTimePercentilesOverTimeGraphConsumer#stopProducing(): responseTimePercentilesOverTime produced 0 samples
2025-02-15 00:38:53,049 INFO o.a.j.r.p.AbstractSampleConsumer: class org.apache.jmeter.report.processor.graph.impl.ResponseTimeOverTimeGraphConsumer#stopProducing(): responseTimesOverTime produced 0 samples
2025-02-15 00:38:53,049 INFO o.a.j.r.p.AbstractSampleConsumer: class org.apache.jmeter.report.processor.graph.impl.ConnectTimeOverTimeGraphConsumer#stopProducing(): connectTimeOverTime produced 0 samples
2025-02-15 00:38:53,049 INFO o.a.j.r.p.AbstractSampleConsumer: class org.apache.jmeter.report.processor.graph.impl.LatencyOverTimeGraphConsumer#stopProducing(): latenciesOverTime produced 0 samples
2025-02-15 00:38:53,049 INFO o.a.j.r.p.AbstractSampleConsumer: class org.apache.jmeter.report.processor.FilterConsumer#stopProducing(): nameFilter produced 20910 samples
2025-02-15 00:38:53,049 INFO o.a.j.r.p.AbstractSampleConsumer: class org.apache.jmeter.report.processor.FilterConsumer#stopProducing(): dateRangeFilter produced 4182 samples
2025-02-15 00:38:53,049 INFO o.a.j.r.p.AbstractSampleConsumer: class org.apache.jmeter.report.processor.NormalizerSampleConsumer#stopProducing(): normalizer produced 1394 samples
2025-02-15 00:38:53,050 INFO o.a.j.r.p.CsvFileSampleSource: produce(): 1394 samples produced in 239ms on channel 0
2025-02-15 00:38:53,050 INFO o.a.j.r.d.ReportGenerator: Exporting data using exporter:'json' of className:'org.apache.jmeter.report.dashboard.JsonExporter'
2025-02-15 00:38:53,171 INFO o.a.j.r.d.JsonExporter: Found data for consumer statisticsSummary in context
2025-02-15 00:38:53,173 INFO o.a.j.r.d.JsonExporter: Creating statistics for overall
2025-02-15 00:38:53,174 INFO o.a.j.r.d.JsonExporter: Creating statistics for other transactions
2025-02-15 00:38:53,178 INFO o.a.j.r.d.JsonExporter: Checking output folder
2025-02-15 00:38:53,179 INFO o.a.j.r.d.JsonExporter: Writing statistics JSON to /home/sre/java_projects/book-order-app/jmeter/results/results_2025-02-15-00:38:37/statistics.json
2025-02-15 00:38:53,277 INFO o.a.j.r.d.ReportGenerator: Exporting data using exporter:'html' of className:'org.apache.jmeter.report.dashboard.HtmlTemplateExporter'
2025-02-15 00:38:53,286 INFO o.a.j.r.d.HtmlTemplateExporter: Will generate dashboard in folder: /home/sre/java_projects/book-order-app/jmeter/results/results_2025-02-15-00:38:37
2025-02-15 00:38:53,466 INFO o.a.j.r.d.HtmlTemplateExporter: Report will be generated in: /home/sre/java_projects/book-order-app/jmeter/results/results_2025-02-15-00:38:37, creating folder structure
2025-02-15 00:38:53,469 INFO o.a.j.r.d.TemplateVisitor: Copying folder from '/home/sre/apache-jmeter-5.6.3/bin/report-template' to '/home/sre/java_projects/book-order-app/jmeter/results/results_2025-02-15-00:38:37', got message: /home/sre/java_projects/book-order-app/jmeter/results/results_2025-02-15-00:38:37, found non empty folder with following content [/home/sre/java_projects/book-order-app/jmeter/results/results_2025-02-15-00:38:37/statistics.json], will be ignored
2025-02-15 00:38:53,805 INFO o.a.j.JMeter: Dashboard generated
